INFO - [♥] Lovely 0.8.0
INFO - [♥] Game directory is at "C:\\Program Files (x86)\\Steam\\steamapps\\common\\Balatro"
INFO - [♥] Writing logs to "C:\\Users\\colem\\AppData\\Roaming\\Balatro\\Mods\\lovely\\log"
INFO - [♥] Using mod directory at "C:\\Users\\colem\\AppData\\Roaming\\Balatro\\Mods"
INFO - [♥] Found .lovelyignore in 'Cryptid', skipping it.
INFO - [♥] Found .lovelyignore in 'Talisman', skipping it.
WARN - [♥] Unknown key `patches.0.?.match_indent` found in patch file at "C:\\Users\\colem\\AppData\\Roaming\\Balatro\\Mods\\smods-1.0.0-beta-1016c\\lovely\\scoring_calculation.toml", ignoring it
WARN - [♥] Unknown key `patches.7.?.match_indent` found in patch file at "C:\\Users\\colem\\AppData\\Roaming\\Balatro\\Mods\\smods-1.0.0-beta-1016c\\lovely\\scoring_calculation.toml", ignoring it
INFO - [♥] Cleaning up dumps directory at "C:\\Users\\colem\\AppData\\Roaming\\Balatro\\Mods\\lovely\\dump"
INFO - [♥] Initialization complete in 64ms
INFO - [♥] Applied 9 patches to 'main.lua'
INFO - [♥] Applied 5 patches to 'engine/controller.lua'
INFO - [♥] Applied 15 patches to 'back.lua'
INFO - [♥] Applied 8 patches to 'tag.lua'
INFO - [♥] Applied 1 patch to 'engine/node.lua'
INFO - [♥] Applied 2 patches to 'engine/moveable.lua'
INFO - [♥] Applied 2 patches to 'engine/sprite.lua'
INFO - [♥] Applied 2 patches to 'engine/animatedsprite.lua'
INFO - [♥] Applied 78 patches to 'functions/misc_functions.lua'
INFO - [♥] Applied 48 patches to 'game.lua'
INFO - [♥] Applied 1 patch to 'globals.lua'
INFO - [♥] Applied 7 patches to 'engine/ui.lua'
INFO - [♥] Applied 103 patches to 'functions/UI_definitions.lua'
INFO - [♥] Applied 55 patches to 'functions/state_events.lua'
INFO - [♥] Applied 122 patches to 'functions/common_events.lua'
INFO - [♥] Applied 55 patches to 'functions/button_callbacks.lua'
WARN - [♥] Regex 'localize\\(\'k_upgrade_ex\'\\)\\}\\); return true\n[ \\t]*end\\}\\)\\)\n[ \\t]*end\n(?<indent>[ \\t]*)return' on target 'card.lua' for regex patch from smods-1.0.0-beta-1016c\lovely\joker_retriggers.toml resulted in no matches
WARN - [♥] Regex '[ \\t]*G\\.C\\.MULT\\}\\)\n[ \\t]*return true\n[ \\t]*end\\)\\}\\)\\)\n(?<indent>[ \\t]*)end' on target 'card.lua' for regex patch from smods-1.0.0-beta-1016c\lovely\joker_retriggers.toml resulted in no matches
WARN - [♥] Regex '[ \\t]*func = function\\(\\) card_eval_status_text\\(self, \'extra\', nil, nil, nil, \\{message = localize\\{type = \'variable\', key = \'a_xmult\', vars = \\{self\\.ability\\.caino_xmult\\}\\}\\}\\); return true\n(?<indent>[ \\t]*)end\\}\\)\\)' on target 'card.lua' for regex patch from smods-1.0.0-beta-1016c\lovely\joker_retriggers.toml resulted in no matches
WARN - [♥] Regex 'glass_cards\\}\\}\\}\\)\n[ \\t]*return true\n[ \\t]*end\n(?<indent>[ \\t]*)\\}\\)\\)' on target 'card.lua' for regex patch from smods-1.0.0-beta-1016c\lovely\joker_retriggers.toml resulted in no matches
INFO - [♥] Applied 218 patches to 'card.lua'
INFO - [♥] Applied 20 patches to 'cardarea.lua'
INFO - [♥] Applied 40 patches to 'blind.lua'
INFO - [♥] Applied 10 patches to 'card_character.lua'
INFO - [♥] Applied 15 patches to 'engine/text.lua'
INFO - [G] Failed to connect to the debug server
INFO - [G] 2025-12-05 00:28:11 :: DEBUG :: DebugConsole :: Steamodded Debug Socket started !
INFO - [G] 2025-12-05 00:28:11 :: INFO  :: SMODS :: Steamodded v1.0.0~BETA-1016c
INFO - [♥] Applied 9 patches to 'engine/sound_manager.lua'
INFO - [♥] Applied 1 patch to 'engine/save_manager.lua'
INFO - [G] 2025-12-05 00:28:12 :: INFO  :: Loader :: Valid JSON file found
INFO - [G] 2025-12-05 00:28:12 :: ERROR :: Loader :: Found invalid metadata JSON file at C:\Users\colem\AppData\Roaming\Balatro\Mods/BalatroMultiplayer/smods-1.0.0-beta-1016c/manifest.json, ignoring: [SMODS _ "src/loader.lua"]:226: id
INFO - [G] 2025-12-05 00:28:12 :: INFO  :: Loader :: Valid JSON file found
INFO - [G] 2025-12-05 00:28:12 :: TRACE :: Loader :: Processing Mod file (Legacy header): steamodded_metadata.lua
INFO - [G] 2025-12-05 00:28:12 :: TRACE :: Loader :: Saving Mod Info: Talisman
INFO - [G] 2025-12-05 00:28:12 :: TRACE :: Loader :: Mod Talisman was unable to load: 
INFO - [G] 2025-12-05 00:28:12 :: TRACE :: Loader :: Mod Cryptid was unable to load: Missing Dependencies: 1: Talisman (>=2.0.9)


INFO - [G] 2025-12-05 00:28:12 :: DEBUG :: MULTIPLAYER :: Resetting lobby options
INFO - [G] 2025-12-05 00:28:12 :: DEBUG :: MULTIPLAYER :: Resetting game states
INFO - [G] 2025-12-05 00:28:12 :: INFO  :: TIMER :: [0000] Injected Fonts in 0.001 ms
INFO - [G] 2025-12-05 00:28:12 :: INFO  :: TIMER :: [0000] Injected DynaTextEffects in 0.001 ms
INFO - [G] 2025-12-05 00:28:12 :: INFO  :: TIMER :: [0000] Injected Language in 0.001 ms
INFO - [G] 2025-12-05 00:28:12 :: INFO  :: TIMER :: [0000] Injected [INTERNAL] in 1.173 ms
INFO - [G] 2025-12-05 00:28:13 :: INFO  :: TIMER :: [0002] Injected Atlas in 388.007 ms
INFO - [G] 2025-12-05 00:28:13 :: INFO  :: TIMER :: [0001] Injected Sound in 0.282 ms
INFO - [G] 2025-12-05 00:28:13 :: INFO  :: TIMER :: [0008] Injected Stake in 0.151 ms
INFO - [G] 2025-12-05 00:28:13 :: INFO  :: TIMER :: [0004] Injected Rarity in 0.020 ms
INFO - [G] 2025-12-05 00:28:13 :: INFO  :: TIMER :: [0004] Injected ObjectType in 0.036 ms
INFO - [G] 2025-12-05 00:28:13 :: INFO  :: TIMER :: [0050] Injected Center in 0.335 ms
INFO - [G] 2025-12-05 00:28:13 :: INFO  :: TIMER :: [0007] Injected Undiscovered Sprite in 0.036 ms
INFO - [G] 2025-12-05 00:28:13 :: INFO  :: TIMER :: [0002] Injected Blind in 0.015 ms
INFO - [G] 2025-12-05 00:28:13 :: INFO  :: TIMER :: [0004] Injected Seal in 0.175 ms
INFO - [G] 2025-12-05 00:28:13 :: INFO  :: TIMER :: [0004] Injected Suit in 0.155 ms
INFO - [G] 2025-12-05 00:28:13 :: INFO  :: TIMER :: [0013] Injected Rank in 0.167 ms
INFO - [G] 2025-12-05 00:28:13 :: INFO  :: TIMER :: [0028] Injected DeckSkin in 0.245 ms
INFO - [G] 2025-12-05 00:28:13 :: INFO  :: TIMER :: [0017] Injected JimboQuip in 0.044 ms
INFO - [G] 2025-12-05 00:28:13 :: INFO  :: TIMER :: [0012] Injected PokerHand in 0.062 ms
INFO - [G] 2025-12-05 00:28:13 :: INFO  :: TIMER :: [0020] Injected Challenge in 0.028 ms
INFO - [G] 2025-12-05 00:28:13 :: INFO  :: TIMER :: [0000] Injected Tag in 0.002 ms
INFO - [G] 2025-12-05 00:28:13 :: INFO  :: TIMER :: [0004] Injected Sticker in 0.113 ms
INFO - [G] 2025-12-05 00:28:13 :: INFO  :: TIMER :: [0000] Injected Shader in 0.001 ms
INFO - [G] 2025-12-05 00:28:13 :: INFO  :: TIMER :: [0002] Injected Keybind in 0.020 ms
INFO - [G] 2025-12-05 00:28:13 :: INFO  :: TIMER :: [0000] Injected Achievement in 0.056 ms
INFO - [G] 2025-12-05 00:28:13 :: INFO  :: TIMER :: [0002] Injected nil in 0.019 ms
INFO - [G] 2025-12-05 00:28:13 :: INFO  :: TIMER :: [0002] Injected Scoring_Parameters in 0.173 ms
INFO - [G] 2025-12-05 00:28:13 :: INFO  :: TIMER :: [0003] Injected Scoring_Calculations in 0.019 ms
INFO - [G] 2025-12-05 00:28:13 :: INFO  :: TIMER :: [0021] Injected Draw Step in 0.168 ms
INFO - [G] 2025-12-05 00:28:13 :: INFO  :: TIMER :: [0000] Injected [INTERNAL] in 1.899 ms
