INFO - [♥] Lovely 0.8.0
INFO - [♥] Game directory is at "C:\\Program Files (x86)\\Steam\\steamapps\\common\\Balatro"
INFO - [♥] Writing logs to "C:\\Users\\colem\\AppData\\Roaming\\Balatro\\Mods\\lovely\\log"
INFO - [♥] Using mod directory at "C:\\Users\\colem\\AppData\\Roaming\\Balatro\\Mods"
INFO - [♥] Found .lovelyignore in 'BalatroMultiplayer', skipping it.
WARN - [♥] Unknown key `patches.0.?.match_indent` found in patch file at "C:\\Users\\colem\\AppData\\Roaming\\Balatro\\Mods\\smods-1.0.0-beta-1016c\\lovely\\scoring_calculation.toml", ignoring it
WARN - [♥] Unknown key `patches.7.?.match_indent` found in patch file at "C:\\Users\\colem\\AppData\\Roaming\\Balatro\\Mods\\smods-1.0.0-beta-1016c\\lovely\\scoring_calculation.toml", ignoring it
WARN - [♥] Unknown key `patches.49.?.match_indent` found in patch file at "C:\\Users\\colem\\AppData\\Roaming\\Balatro\\Mods\\Talisman\\lovely.toml", ignoring it
WARN - [♥] Unknown key `patches.52.?.match_indent` found in patch file at "C:\\Users\\colem\\AppData\\Roaming\\Balatro\\Mods\\Talisman\\lovely.toml", ignoring it
INFO - [♥] Cleaning up dumps directory at "C:\\Users\\colem\\AppData\\Roaming\\Balatro\\Mods\\lovely\\dump"
INFO - [♥] Initialization complete in 52ms
WARN - [♥] Pattern 'G.ARGS.score_intensity.organ = G.video_organ or G.ARGS.score_intensity.required_score > 0 and math.max(math.min(0.4, 0.1*math.log(G.ARGS.score_intensity.earned_score/(G.ARGS.score_intensity.required_score+1), 5)),0.) or 0' on target 'main.lua' for pattern patch from Talisman\lovely.toml resulted in no matches
WARN - [♥] Pattern 'if type(G.GAME.current_round.current_hand.chips) ~= \'number\' or type(G.GAME.current_round.current_hand.mult) ~= \'number\' then' on target 'main.lua' for pattern patch from Talisman\lovely.toml resulted in no matches
INFO - [♥] Applied 10 patches to 'main.lua'
INFO - [♥] Applied 2 patches to 'engine/string_packer.lua'
INFO - [♥] Applied 5 patches to 'engine/controller.lua'
INFO - [♥] Applied 15 patches to 'back.lua'
INFO - [♥] Applied 8 patches to 'tag.lua'
INFO - [♥] Applied 1 patch to 'engine/node.lua'
INFO - [♥] Applied 3 patches to 'engine/moveable.lua'
INFO - [♥] Applied 3 patches to 'engine/sprite.lua'
INFO - [♥] Applied 2 patches to 'engine/animatedsprite.lua'
WARN - [♥] Pattern 'assembled_string = assembled_string..(type(subpart) == \'string\' and subpart or args.vars[tonumber(subpart[1])] or \'ERROR\')' on target 'functions/misc_functions.lua' for pattern patch from Talisman\lovely.toml resulted in no matches
INFO - [♥] Applied 83 patches to 'functions/misc_functions.lua'
INFO - [♥] Applied 56 patches to 'game.lua'
INFO - [♥] Applied 1 patch to 'globals.lua'
INFO - [♥] Applied 10 patches to 'engine/ui.lua'
WARN - [♥] Pattern '{n=G.UIT.T, config={text = G.GAME.hands[handname].chips, scale = 0.45, colour = G.C.UI.TEXT_LIGHT}},' on target 'functions/UI_definitions.lua' for pattern patch from Talisman\lovely.toml resulted in no matches
WARN - [♥] Pattern '{n=G.UIT.T, config={text = G.GAME.hands[handname].mult, scale = 0.45, colour = G.C.UI.TEXT_LIGHT}}' on target 'functions/UI_definitions.lua' for pattern patch from Talisman\lovely.toml resulted in no matches
INFO - [♥] Applied 106 patches to 'functions/UI_definitions.lua'
WARN - [♥] Pattern 'if hand_chips*mult > 0 then' on target 'functions/state_events.lua' for pattern patch from Talisman\lovely.toml resulted in no matches
WARN - [♥] Pattern 'if effects[ii].card then' on target 'functions/state_events.lua' for pattern patch from Talisman\lovely.toml resulted in no matches
WARN - [♥] Pattern 'if effects.jokers.Xmult_mod then mult = mod_mult(mult*effects.jokers.Xmult_mod);extras.mult = true  end' on target 'functions/state_events.lua' for pattern patch from Talisman\lovely.toml resulted in no matches
WARN - [♥] Pattern 'if effect.Xmult_mod then mult = mod_mult(mult*effect.Xmult_mod);extras.mult = true  end' on target 'functions/state_events.lua' for pattern patch from Talisman\lovely.toml resulted in no matches
WARN - [♥] Pattern 'if effects[ii].message then' on target 'functions/state_events.lua' for pattern patch from Talisman\lovely.toml resulted in no matches
WARN - [♥] Pattern '--calculate the card edition effects' on target 'functions/state_events.lua' for pattern patch from Talisman\lovely.toml resulted in no matches
WARN - [♥] Pattern 'if effects[ii].edition.p_dollars_mod then' on target 'functions/state_events.lua' for pattern patch from Talisman\lovely.toml resulted in no matches
WARN - [♥] Pattern 'if edition_effects.jokers.x_mult_mod then' on target 'functions/state_events.lua' for pattern patch from Talisman\lovely.toml resulted in no matches
INFO - [♥] Applied 66 patches to 'functions/state_events.lua'
WARN - [♥] Pattern 'local delta = (type(vals.chips) == \'number\' and type(G.GAME.current_round.current_hand.chips) == \'number\') and (vals.chips - G.GAME.current_round.current_hand.chips) or 0' on target 'functions/common_events.lua' for pattern patch from Talisman\lovely.toml resulted in no matches
WARN - [♥] Pattern 'local delta = (type(vals.mult) == \'number\' and type(G.GAME.current_round.current_hand.mult) == \'number\')and (vals.mult - G.GAME.current_round.current_hand.mult) or 0' on target 'functions/common_events.lua' for pattern patch from Talisman\lovely.toml resulted in no matches
WARN - [♥] Pattern 'if num_dollars > 60 then' on target 'functions/common_events.lua' for pattern patch from Talisman\lovely.toml resulted in no matches
WARN - [♥] Pattern 'func = (function() if eval_func(card) then if not first or first then card:juice_up(0.1, 0.1) end;juice_card_until(card, eval_func, nil, 0.8) end return true end)' on target 'functions/common_events.lua' for pattern patch from Talisman\lovely.toml resulted in no matches
INFO - [♥] Applied 149 patches to 'functions/common_events.lua'
INFO - [♥] Applied 65 patches to 'functions/button_callbacks.lua'
WARN - [♥] Regex 'localize\\(\'k_upgrade_ex\'\\)\\}\\); return true\n[ \\t]*end\\}\\)\\)\n[ \\t]*end\n(?<indent>[ \\t]*)return' on target 'card.lua' for regex patch from smods-1.0.0-beta-1016c\lovely\joker_retriggers.toml resulted in no matches
WARN - [♥] Regex '[ \\t]*G\\.C\\.MULT\\}\\)\n[ \\t]*return true\n[ \\t]*end\\)\\}\\)\\)\n(?<indent>[ \\t]*)end' on target 'card.lua' for regex patch from smods-1.0.0-beta-1016c\lovely\joker_retriggers.toml resulted in no matches
WARN - [♥] Regex '[ \\t]*func = function\\(\\) card_eval_status_text\\(self, \'extra\', nil, nil, nil, \\{message = localize\\{type = \'variable\', key = \'a_xmult\', vars = \\{self\\.ability\\.caino_xmult\\}\\}\\}\\); return true\n(?<indent>[ \\t]*)end\\}\\)\\)' on target 'card.lua' for regex patch from smods-1.0.0-beta-1016c\lovely\joker_retriggers.toml resulted in no matches
WARN - [♥] Regex 'glass_cards\\}\\}\\}\\)\n[ \\t]*return true\n[ \\t]*end\n(?<indent>[ \\t]*)\\}\\)\\)' on target 'card.lua' for regex patch from smods-1.0.0-beta-1016c\lovely\joker_retriggers.toml resulted in no matches
WARN - [♥] Pattern 'if G.GAME.blind then G.E_MANAGER:add_event(Event({ func = function() G.GAME.blind:set_blind(nil, true, nil); return true end })) end' on target 'card.lua' for pattern patch from Talisman\lovely.toml resulted in no matches
WARN - [♥] Pattern 'x_mult = center.config.Xmult or 1,' on target 'card.lua' for pattern patch from Talisman\lovely.toml resulted in no matches
INFO - [♥] Applied 224 patches to 'card.lua'
INFO - [♥] Applied 21 patches to 'cardarea.lua'
INFO - [♥] Applied 42 patches to 'blind.lua'
INFO - [♥] Applied 10 patches to 'card_character.lua'
WARN - [♥] Pattern 'if self.strings[k].W > self.config.W then self.config.W = self.strings[k].W; self.strings[k].W_offset = 0 end' on target 'engine/text.lua' for pattern patch from Talisman\lovely.toml resulted in no matches
INFO - [♥] Applied 17 patches to 'engine/text.lua'
INFO - [G] Failed to connect to the debug server
INFO - [G] 2025-12-05 00:30:03 :: DEBUG :: DebugConsole :: Steamodded Debug Socket started !
INFO - [G] 2025-12-05 00:30:03 :: INFO  :: SMODS :: Steamodded v1.0.0~BETA-1016c
INFO - [♥] Applied 9 patches to 'engine/sound_manager.lua'
INFO - [♥] Applied 3 patches to 'engine/save_manager.lua'
INFO - [♥] Applied 2 patches to 'engine/string_packer.lua'
INFO - [G] 2025-12-05 00:30:04 :: INFO  :: Loader :: Valid JSON file found
INFO - [G] 2025-12-05 00:30:04 :: TRACE :: Loader :: Processing Mod file (Legacy header): steamodded_metadata.lua
INFO - [G] 2025-12-05 00:30:04 :: TRACE :: Loader :: Saving Mod Info: Talisman
INFO - [G] 2025-12-05 00:30:04 :: TRACE :: Loader :: Mod Multiplayer was unable to load: 
INFO - [G] 2025-12-05 00:30:04 :: INFO  :: TIMER :: [0000] Injected Fonts in 0.001 ms
INFO - [G] 2025-12-05 00:30:04 :: INFO  :: TIMER :: [0000] Injected DynaTextEffects in 0.002 ms
INFO - [G] 2025-12-05 00:30:04 :: INFO  :: TIMER :: [0000] Injected Language in 0.002 ms
INFO - [G] 2025-12-05 00:30:04 :: INFO  :: TIMER :: [0000] Injected [INTERNAL] in 0.953 ms
INFO - [G] 2025-12-05 00:30:05 :: INFO  :: TIMER :: [0003] Injected Atlas in 354.893 ms
INFO - [G] 2025-12-05 00:30:05 :: INFO  :: TIMER :: [0008] Injected Sound in 7.024 ms
INFO - [G] 2025-12-05 00:30:05 :: INFO  :: TIMER :: [0008] Injected Stake in 0.153 ms
INFO - [G] 2025-12-05 00:30:05 :: INFO  :: TIMER :: [0004] Injected Rarity in 0.032 ms
INFO - [G] 2025-12-05 00:30:05 :: INFO  :: TIMER :: [0004] Injected ObjectType in 0.025 ms
INFO - [G] 2025-12-05 00:30:05 :: INFO  :: TIMER :: [0050] Injected Center in 0.338 ms
INFO - [G] 2025-12-05 00:30:05 :: INFO  :: TIMER :: [0007] Injected Undiscovered Sprite in 0.017 ms
INFO - [G] 2025-12-05 00:30:05 :: INFO  :: TIMER :: [0002] Injected Blind in 0.018 ms
INFO - [G] 2025-12-05 00:30:05 :: INFO  :: TIMER :: [0004] Injected Seal in 0.130 ms
INFO - [G] 2025-12-05 00:30:05 :: INFO  :: TIMER :: [0004] Injected Suit in 0.053 ms
INFO - [G] 2025-12-05 00:30:05 :: INFO  :: TIMER :: [0013] Injected Rank in 0.100 ms
INFO - [G] 2025-12-05 00:30:05 :: INFO  :: TIMER :: [0028] Injected DeckSkin in 0.250 ms
INFO - [G] 2025-12-05 00:30:05 :: INFO  :: TIMER :: [0017] Injected JimboQuip in 0.119 ms
INFO - [G] 2025-12-05 00:30:05 :: INFO  :: TIMER :: [0012] Injected PokerHand in 0.087 ms
INFO - [G] 2025-12-05 00:30:05 :: INFO  :: TIMER :: [0020] Injected Challenge in 0.047 ms
INFO - [G] 2025-12-05 00:30:05 :: INFO  :: TIMER :: [0000] Injected Tag in 0.002 ms
INFO - [G] 2025-12-05 00:30:05 :: INFO  :: TIMER :: [0004] Injected Sticker in 0.140 ms
INFO - [G] 2025-12-05 00:30:05 :: INFO  :: TIMER :: [0000] Injected Shader in 0.001 ms
INFO - [G] 2025-12-05 00:30:05 :: INFO  :: TIMER :: [0002] Injected Keybind in 0.077 ms
INFO - [G] 2025-12-05 00:30:05 :: INFO  :: TIMER :: [0000] Injected Achievement in 0.056 ms
INFO - [G] 2025-12-05 00:30:05 :: INFO  :: TIMER :: [0002] Injected nil in 0.098 ms
INFO - [G] 2025-12-05 00:30:05 :: INFO  :: TIMER :: [0002] Injected Scoring_Parameters in 0.192 ms
INFO - [G] 2025-12-05 00:30:05 :: INFO  :: TIMER :: [0003] Injected Scoring_Calculations in 0.021 ms
INFO - [G] 2025-12-05 00:30:05 :: INFO  :: TIMER :: [0021] Injected Draw Step in 0.095 ms
INFO - [G] 2025-12-05 00:30:05 :: INFO  :: TIMER :: [0000] Injected [INTERNAL] in 0.219 ms
