INFO - [♥] Lovely 0.8.0
INFO - [♥] Game directory is at "C:\\Program Files (x86)\\Steam\\steamapps\\common\\Balatro"
INFO - [♥] Writing logs to "C:\\Users\\colem\\AppData\\Roaming\\Balatro\\Mods\\lovely\\log"
INFO - [♥] Using mod directory at "C:\\Users\\colem\\AppData\\Roaming\\Balatro\\Mods"
INFO - [♥] Found .lovelyignore in 'BalatroMultiplayer', skipping it.
WARN - [♥] Unknown key `patches.0.?.match_indent` found in patch file at "C:\\Users\\colem\\AppData\\Roaming\\Balatro\\Mods\\smods-1.0.0-beta-1016c\\lovely\\scoring_calculation.toml", ignoring it
WARN - [♥] Unknown key `patches.7.?.match_indent` found in patch file at "C:\\Users\\colem\\AppData\\Roaming\\Balatro\\Mods\\smods-1.0.0-beta-1016c\\lovely\\scoring_calculation.toml", ignoring it
INFO - [♥] Cleaning up dumps directory at "C:\\Users\\colem\\AppData\\Roaming\\Balatro\\Mods\\lovely\\dump"
INFO - [♥] Initialization complete in 65ms
INFO - [♥] Applied 9 patches to 'main.lua'
INFO - [♥] Applied 5 patches to 'engine/controller.lua'
INFO - [♥] Applied 15 patches to 'back.lua'
INFO - [♥] Applied 8 patches to 'tag.lua'
INFO - [♥] Applied 1 patch to 'engine/node.lua'
INFO - [♥] Applied 2 patches to 'engine/moveable.lua'
INFO - [♥] Applied 2 patches to 'engine/sprite.lua'
INFO - [♥] Applied 2 patches to 'engine/animatedsprite.lua'
INFO - [♥] Applied 78 patches to 'functions/misc_functions.lua'
INFO - [♥] Applied 48 patches to 'game.lua'
INFO - [♥] Applied 1 patch to 'globals.lua'
INFO - [♥] Applied 7 patches to 'engine/ui.lua'
INFO - [♥] Applied 103 patches to 'functions/UI_definitions.lua'
INFO - [♥] Applied 55 patches to 'functions/state_events.lua'
INFO - [♥] Applied 122 patches to 'functions/common_events.lua'
INFO - [♥] Applied 55 patches to 'functions/button_callbacks.lua'
WARN - [♥] Regex 'localize\\(\'k_upgrade_ex\'\\)\\}\\); return true\n[ \\t]*end\\}\\)\\)\n[ \\t]*end\n(?<indent>[ \\t]*)return' on target 'card.lua' for regex patch from smods-1.0.0-beta-1016c\lovely\joker_retriggers.toml resulted in no matches
WARN - [♥] Regex '[ \\t]*G\\.C\\.MULT\\}\\)\n[ \\t]*return true\n[ \\t]*end\\)\\}\\)\\)\n(?<indent>[ \\t]*)end' on target 'card.lua' for regex patch from smods-1.0.0-beta-1016c\lovely\joker_retriggers.toml resulted in no matches
WARN - [♥] Regex '[ \\t]*func = function\\(\\) card_eval_status_text\\(self, \'extra\', nil, nil, nil, \\{message = localize\\{type = \'variable\', key = \'a_xmult\', vars = \\{self\\.ability\\.caino_xmult\\}\\}\\}\\); return true\n(?<indent>[ \\t]*)end\\}\\)\\)' on target 'card.lua' for regex patch from smods-1.0.0-beta-1016c\lovely\joker_retriggers.toml resulted in no matches
WARN - [♥] Regex 'glass_cards\\}\\}\\}\\)\n[ \\t]*return true\n[ \\t]*end\n(?<indent>[ \\t]*)\\}\\)\\)' on target 'card.lua' for regex patch from smods-1.0.0-beta-1016c\lovely\joker_retriggers.toml resulted in no matches
INFO - [♥] Applied 218 patches to 'card.lua'
INFO - [♥] Applied 20 patches to 'cardarea.lua'
INFO - [♥] Applied 40 patches to 'blind.lua'
INFO - [♥] Applied 10 patches to 'card_character.lua'
INFO - [♥] Applied 15 patches to 'engine/text.lua'
INFO - [G] Failed to connect to the debug server
INFO - [G] 2025-12-05 00:33:23 :: DEBUG :: DebugConsole :: Steamodded Debug Socket started !
INFO - [G] 2025-12-05 00:33:23 :: INFO  :: SMODS :: Steamodded v1.0.0~BETA-1016c
INFO - [♥] Applied 9 patches to 'engine/sound_manager.lua'
INFO - [♥] Applied 1 patch to 'engine/save_manager.lua'
INFO - [G] 2025-12-05 00:33:24 :: INFO  :: Loader :: Valid JSON file found
INFO - [G] 2025-12-05 00:33:24 :: TRACE :: Loader :: Processing Mod file (Legacy header): Cryptid.lua
INFO - [G] 2025-12-05 00:33:24 :: TRACE :: Loader :: Saving Mod Info: Cryptid
INFO - [G] 2025-12-05 00:33:24 :: ERROR :: Loader :: Found invalid metadata JSON file at C:\Users\colem\AppData\Roaming\Balatro\Mods/Cryptid-0.5.1/Steamodded/manifest.json, ignoring: [SMODS _ "src/loader.lua"]:226: id
INFO - [G] 2025-12-05 00:33:24 :: TRACE :: Loader :: Processing Mod file (Legacy header): steamodded_metadata.lua
INFO - [G] 2025-12-05 00:33:24 :: TRACE :: Loader :: Saving Mod Info: Talisman
INFO - [G] 2025-12-05 00:33:24 :: TRACE :: Loader :: Processing Mod file (Legacy header): steamodded_metadata.lua
INFO - [G] 2025-12-05 00:33:24 :: WARN  :: Loader :: Duplicate Mod ID: Talisman
INFO - [G] 2025-12-05 00:33:24 :: WARN  :: Loader :: Duplicate Mod prefix talisman used by Talisman, Talisman
INFO - [G] line not found
INFO - [G] file not found: main.lua: No such file or directory
INFO - [G] file not found: main.lua: No such file or directory
INFO - [G] line not found
INFO - [G] line not found
INFO - [G] file not found: main.lua: No such file or directory
INFO - [G] 2025-12-05 00:33:24 :: ERROR :: StackTrace :: Oops! The game crashed
[SMODS Talisman "steamodded_metadata.lua"]:56: attempt to index global 'Talisman' (a nil value)
Stack Traceback
===============
(1) Lua local 'handler' at file 'main.lua:612'
	Local variables:
	 msg = string: "[SMODS Talisman \"steamodded_metadata.lua\"]:56: attempt to index global 'Talisman' (a nil value)"
	 (*temporary) = Lua function '?' (defined at line 31 of chunk [SMODS _ "src/logging.lua"])
	 (*temporary) = string: "Oops! The game crashed\
"
(2) LÖVE metamethod at file 'boot.lua:352'
	Local variables:
	 errhand = Lua function '?' (defined at line 598 of chunk main.lua)
	 handler = Lua function '?' (defined at line 598 of chunk main.lua)
(3) main chunk of file 'steamodded_metadata.lua' at line 56 (from mod with id Talisman)
(4) Lua global 'loadMods' at Steamodded file 'src/loader.lua:571' 
	Local variables:
	 modsDirectory = string: "C:\\Users\\colem\\AppData\\Roaming\\Balatro\\Mods"
	 header_components = table: 0x1c1f5218  {version:table: 0x1c1667e8, id:table: 0x1c126c48, conflicts:table: 0x1c430a80, outdated:table: 0x1c166868, prefix:table: 0x1c166788, dump_loc:table: 0x1c45ec28 (more...)}
	 json_spec = table: 0x1c4a34a8  {version:table: 0x1c408930, id:table: 0x1c4a34d0, main_file:table: 0x1c4c9a98, __:table: 0x1c3a5100, badge_colour:table: 0x1c41c5f0, badge_text_colour:table: 0x1c41c618 (more...)}
	 used_prefixes = table: 0x1c3988c0  {talisman:Talisman, cry:Cryptid}
	 lovely_directories = table: 0x1c3988e8  {1:C:\Users\colem\AppData\Roaming\Balatro\Mods/BalatroMultiplayer/}
	 processDirectory = Lua function '?' (defined at line 185 of chunk [SMODS _ "src/loader.lua"])
	 keyset = table: 0x1c4bded0  {1:0, 2:9.007199254741e+15, 3:1e+299}
	 check_dependencies = Lua function '?' (defined at line 419 of chunk [SMODS _ "src/loader.lua"])
	 (for generator) = C function: builtin#6
	 (for state) = table: 0x1c4bded0  {1:0, 2:9.007199254741e+15, 3:1e+299}
	 (for control) = number: 1
	 _ = number: 1
	 priority = number: 0
	 (for generator) = C function: builtin#6
	 (for state) = table: 0x1c53ca10  {1:table: 0x1c53bbb8}
	 (for control) = number: 1
	 _ = number: 1
	 mod = table: 0x1c53bbb8  {version:2.0.0-beta8, id:Talisman, main_file:steamodded_metadata.lua, can_load:true, badge_colour:table: 0x1c53c340, badge_text_colour:table: 0x1c53c2f0 (more...)}
(5) Lua global 'initSteamodded' at Steamodded file 'src/loader.lua:657' 
(6) Lua method 'start_up' at file 'game.lua:211'
	Local variables:
	 self = table: 0x1be92b88  {SPEEDFACTOR:1, F_GUIDE:false, keybind_mapping:table: 0x1be9db88, F_CRASH_REPORTS:false, P_CARDS:table: 0x1c2cf218, shared_undiscovered_joker:table: 0x1c2e55b0 (more...)}
	 settings = string: "return {[\"version\"]=\"1.0.1o-FULL\",[\"reduced_motion\"]=true,[\"paused\"]=false,[\"QUEUED_CHANGE\"]={},[\"COMP\"]={[\"prev_name\"]=\"\",[\"name\"]=\"\",[\"score\"]=5.5856230840798e+20,},[\"colourblind_option\"]=true,[\"play_button_pos\"]=2,[\"CUSTOM_DECK\"]={[\"Collabs\"]={[\"Spades\"]=\"default_Spades\",[\"Hearts\"]=\"default_Hearts\",[\"Diamonds\"]=\"default_Diamonds\",[\"Clubs\"]=\"default_Clubs\",},},[\"colour_palettes\"]={[\"Spades\"]=\"lc\",[\"Hearts\"]=\"lc\",[\"Diamonds\"]=\"lc\",[\"Clubs\"]=\"lc\",},[\"crashreports\"]=false,[\"language\"]=\"en-us\",[\"profile\"]=1,[\"run_stake_stickers\"]=false,[\"WINDOW\"]={[\"vsync\"]=1,[\"display_names\"]={[1]=\"1\",[2]=\"2\",[3]=\"3\",},[\"screenmode\"]=\"Borderless\",[\"DISPLAYS\"]={[1]={[\"screen_resolutions\"]={[\"strings\"]={[1]=\"1920 X 1080\",},[\"values\"]={[1]={[\"w\"]=1920,[\"h\"]=1080,},},},[\"screen_res\"]={[\"w\"]=1920,[\"h\"]=1080,},[\"DPI_scale\"]=1,[\"MONITOR_DIMS\"]={[\"height\"]=1080,[\"width\"]=1920,},},[2]={[\"screen_resolutions\"]={[\"strings\"]={[1]=\"1920 X 1080\",},[\"values\"]={[1]={[\"w\"]=1920,[\"h\"]=1080,},},},[\"DPI_scale\"]=1,[\"MONITOR_DIMS\"]={[\"height\"]=1080,[\"width\"]=1920,},},[3]={[\"screen_resolutions\"]={[\"strings\"]={[1]=\"1920 X 1080\",},[\"values\"]={[1]={[\"w\"]=1920,[\"h\"]=1080,},},},[\"DPI_scale\"]=1,[\"MONITOR_DIMS\"]={[\"height\"]=1080,[\"width\"]=1920,},},},[\"selected_display\"]=1,},[\"screenshake\"]=70.916666666667,[\"cryptid_notifs\"]={[\"jimball\"]=true,},[\"SOUND\"]={[\"volume\"]=47.383333333333,[\"music_volume\"]=36.872222222222,[\"game_sounds_volume\"]=38.066666666666,},[\"music_control\"]={[\"current_track\"]=\"\",[\"desired_track\"]=\"\",[\"lerp\"]=1,},[\"ACHIEVEMENTS_EARNED\"]={[\"speedrunner\"]=true,[\"card_discarder\"]=true,[\"ante_up\"]=true,[\"_10k\"]=true,[\"retrograde\"]=true,[\"ach_cry_break_infinity\"]=true,[\"ach_cry_jokes_on_you\"]=true,[\"royale\"]=true,[\"_100000k\"]=true,[\"roi\"]=true,[\"tiny_hands\"]=true,[\"ach_cry_googol_play_pass\"]=true,[\"cartomancy\"]=true,[\"heads_up\"]=true,[\"shattered\"]=true,[\"mid_stakes\"]=true,[\"nest_egg\"]=true,[\"low_stakes\"]=true,[\"astronomy\"]=true,[\"ante_upper\"]=true,[\"_1000k\"]=true,[\"ach_cry_now_the_fun_begins\"]=true,[\"ach_cry_exodia\"]=true,[\"big_hands\"]=true,[\"legendary\"]=true,[\"ach_cry_pull_request\"]=true,[\"ach_cry_used_crash\"]=true,[\"high_stakes\"]=true,[\"ach_cry_what_have_you_done\"]=true,[\"ach_cry_cryptid_the_cryptid\"]=true,[\"card_player\"]=true,},[\"ambient_control\"]={[\"ambientFire1\"]={[\"per\"]=1.1,[\"vol\"]=0,},[\"ambientOrgan1\"]={[\"per\"]=0.7,[\"vol\"]=0,},[\"ambientFire2\"]={[\"per\"]=1.05,[\"vol\"]=0,},[\"ambientFire3\"]={[\"per\"]=1,[\"vol\"]=0,},},[\"current_setup\"]=\"New Run\",[\"GAMESPEED\"]=4,[\"tutorial_complete\"]=true,[\"DEMO\"]={[\"win_CTA_shown\"]=true,[\"quit_CTA_shown\"]=true,[\"timed_CTA_shown\"]=true,[\"total_uptime\"]=15.040818396124,},[\"GRAPHICS\"]={[\"texture_scaling\"]=2,[\"crt\"]=66.736111111111,[\"shadows\"]=\"On\",[\"bloom\"]=2,},}"
	 settings_ver = nil
	 new_colour_proto = table: 0x1be9b418  {Spades:table: 0x1be9b680, Hearts:table: 0x1be9b530, Diamonds:table: 0x1be9b5e8, Clubs:table: 0x1be9b738}
	 sound_files = table: 0x1c21c1f0  {1:ambientFire1.ogg, 2:ambientFire2.ogg, 3:ambientFire3.ogg, 4:ambientOrgan1.ogg, 5:button.ogg, 6:cancel.ogg, 7:card1.ogg, 8:card3.ogg, 9:cardFan2.ogg (more...)}
	 shader_files = table: 0x1c220140  {1:CRT.fs, 2:background.fs, 3:booster.fs, 4:debuff.fs, 5:dissolve.fs, 6:flame.fs, 7:flash.fs, 8:foil.fs, 9:gold_seal.fs, 10:holo.fs, 11:hologram.fs (more...)}
(7) Lua field 'load' at file 'main.lua:960'
(8) Lua function '?' at file 'main.lua:907' (best guess)
(9) global C function 'xpcall'
(10) LÖVE function at file 'boot.lua:368' (best guess)
	Local variables:
	 result = boolean: true
	 main = nil
(11) global C function 'xpcall'
(12) LÖVE function at file 'boot.lua:377' (best guess)
	Local variables:
	 func = Lua function '(LÖVE Function)' (defined at line 355 of chunk [love "boot.lua"])
	 inerror = boolean: true
	 deferErrhand = Lua function '(LÖVE Function)' (defined at line 348 of chunk [love "boot.lua"])
	 earlyinit = Lua function '(LÖVE Function)' (defined at line 355 of chunk [love "boot.lua"])

INFO - [G] line not found
INFO - [G] line not found
INFO - [G] file not found: main.lua: No such file or directory
INFO - [G] 2025-12-05 00:33:24 :: INFO  :: StackTrace :: Additional Context:
Balatro Version: 1.0.1o-FULL
Modded Version: 1.0.0~BETA-1016c-STEAMODDED
LÖVE Version: 11.5.0
Lovely Version: 0.8.0
Platform: Windows
Steamodded Mods:
    1: Talisman by MathIsFun_, Mathguy24, jenwalter666 [ID: Talisman, Version: 2.0.0-beta8]
    2: Cryptid by MathIsFun_, Cryptid and Balatro Discords [ID: Cryptid, Priority: 1e+299, Version: 0.5.1]
Lovely Mods:
