INFO - [♥] Lovely 0.7.1
INFO - [♥] Game directory is at "C:\\Program Files (x86)\\Steam\\steamapps\\common\\Balatro"
INFO - [♥] Writing logs to "C:\\Users\\colem\\AppData\\Roaming\\Balatro\\Mods\\lovely\\log"
INFO - [♥] Using mod directory at "C:\\Users\\colem\\AppData\\Roaming\\Balatro\\Mods"
WARN - [♥] Unknown key `patches.21.?.match_indent` found in patch file at "C:\\Users\\colem\\AppData\\Roaming\\Balatro\\Mods\\Cryptid\\lovely\\code.toml", ignoring it
WARN - [♥] Unknown key `patches.49.?.match_indent` found in patch file at "C:\\Users\\colem\\AppData\\Roaming\\Balatro\\Mods\\Talisman\\lovely.toml", ignoring it
WARN - [♥] Unknown key `patches.52.?.match_indent` found in patch file at "C:\\Users\\colem\\AppData\\Roaming\\Balatro\\Mods\\Talisman\\lovely.toml", ignoring it
INFO - [♥] Cleaning up dumps directory at "C:\\Users\\colem\\AppData\\Roaming\\Balatro\\Mods\\lovely\\dump"
INFO - [♥] Initialization complete in 41ms
WARN - [♥] Pattern 'G.ARGS.score_intensity.organ = G.video_organ or G.ARGS.score_intensity.required_score > 0 and math.max(math.min(0.4, 0.1*math.log(G.ARGS.score_intensity.earned_score/(G.ARGS.score_intensity.required_score+1), 5)),0.) or 0' on target 'main.lua' for pattern patch from Talisman\lovely.toml resulted in no matches
WARN - [♥] Pattern 'if type(G.GAME.current_round.current_hand.chips) ~= \'number\' or type(G.GAME.current_round.current_hand.mult) ~= \'number\' then' on target 'main.lua' for pattern patch from Talisman\lovely.toml resulted in no matches
INFO - [♥] Applied 17 patches to 'main.lua'
INFO - [♥] Applied 2 patches to 'engine/string_packer.lua'
INFO - [♥] Applied 7 patches to 'engine/controller.lua'
INFO - [♥] Applied 15 patches to 'back.lua'
INFO - [♥] Applied 18 patches to 'tag.lua'
INFO - [♥] Applied 1 patch to 'engine/node.lua'
INFO - [♥] Applied 3 patches to 'engine/moveable.lua'
INFO - [♥] Applied 3 patches to 'engine/sprite.lua'
INFO - [♥] Applied 2 patches to 'engine/animatedsprite.lua'
WARN - [♥] Pattern 'assembled_string = assembled_string..(type(subpart) == \'string\' and subpart or args.vars[tonumber(subpart[1])] or \'ERROR\')' on target 'functions/misc_functions.lua' for pattern patch from Talisman\lovely.toml resulted in no matches
INFO - [♥] Applied 58 patches to 'functions/misc_functions.lua'
WARN - [♥] Pattern 'for i = 1, 2 do' on target 'game.lua' for pattern patch from Cryptid\lovely\stake.toml resulted in no matches
WARN - [♥] Pattern 'create_shop_card_ui(card, \'Voucher\', G.shop_vouchers)' on target 'game.lua' for pattern patch from Cryptid\lovely\stake.toml resulted in no matches
WARN - [♥] Pattern 'self.GAME.current_round.voucher = G.SETTINGS.tutorial_progress and G.SETTINGS.tutorial_progress.forced_voucher or SMODS.get_next_vouchers()' on target 'game.lua' for pattern patch from Cryptid\lovely\very_fair.toml resulted in no matches
WARN - [♥] Pattern 'self.GAME.current_round.voucher = G.SETTINGS.tutorial_progress and G.SETTINGS.tutorial_progress.forced_voucher or get_next_voucher_key()' on target 'game.lua' for pattern patch from Cryptid\lovely\Voucher.toml resulted in no matches
WARN - [♥] Regex 'card\\:start_materialize\\(\\)\\n\\s+G\\.shop_vouchers\\:emplace\\(card\\)\\n\\s+end' on target 'game.lua' for regex patch from Cryptid\lovely\Voucher.toml resulted in no matches
INFO - [♥] Applied 85 patches to 'game.lua'
INFO - [♥] Applied 1 patch to 'globals.lua'
INFO - [♥] Applied 6 patches to 'engine/ui.lua'
WARN - [♥] Pattern 'G.GAME.shop.joker_max*1.02*G.CARD_W,' on target 'functions/UI_definitions.lua' for pattern patch from Cryptid\lovely\equilibrium.toml resulted in no matches
WARN - [♥] Pattern '{n=G.UIT.T, config={text = G.GAME.hands[handname].chips, scale = 0.45, colour = G.C.UI.TEXT_LIGHT}},' on target 'functions/UI_definitions.lua' for pattern patch from Talisman\lovely.toml resulted in no matches
WARN - [♥] Pattern '{n=G.UIT.T, config={text = G.GAME.hands[handname].mult, scale = 0.45, colour = G.C.UI.TEXT_LIGHT}}' on target 'functions/UI_definitions.lua' for pattern patch from Talisman\lovely.toml resulted in no matches
INFO - [♥] Applied 104 patches to 'functions/UI_definitions.lua'
WARN - [♥] Pattern 'ease_to = G.GAME.chips + math.floor(hand_chips * mult) * (e and e.antiscore and -1 or 1),' on target 'functions/state_events.lua' for pattern patch from Cryptid\lovely\blind.toml resulted in no matches
WARN - [♥] Pattern 'if reps[j] ~= 1 then' on target 'functions/state_events.lua' for pattern patch from Cryptid\lovely\misc.toml resulted in no matches
WARN - [♥] Pattern 'for i=1, #G.jokers.cards + #G.consumeables.cards do' on target 'functions/state_events.lua' for pattern patch from Cryptid\lovely\misc.toml resulted in no matches
WARN - [♥] Pattern 'local effects = {[1] = {playing_card = G.hand.cards[i]:get_end_of_round_effect()}}' on target 'functions/state_events.lua' for pattern patch from Cryptid\lovely\stake.toml resulted in no matches
WARN - [♥] Pattern 'G.GAME.current_round.voucher = get_next_voucher_key()' on target 'functions/state_events.lua' for pattern patch from Cryptid\lovely\sticker.toml resulted in no matches
WARN - [♥] Pattern 'G.GAME.current_round.voucher = get_next_voucher_key()' on target 'functions/state_events.lua' for pattern patch from Cryptid\lovely\Voucher.toml resulted in no matches
WARN - [♥] Pattern 'if effects[ii].card then' on target 'functions/state_events.lua' for pattern patch from Talisman\lovely.toml resulted in no matches
WARN - [♥] Pattern 'if effects.jokers.Xmult_mod then mult = mod_mult(mult*effects.jokers.Xmult_mod);extras.mult = true  end' on target 'functions/state_events.lua' for pattern patch from Talisman\lovely.toml resulted in no matches
WARN - [♥] Pattern 'if effect.Xmult_mod then mult = mod_mult(mult*effect.Xmult_mod);extras.mult = true  end' on target 'functions/state_events.lua' for pattern patch from Talisman\lovely.toml resulted in no matches
WARN - [♥] Pattern 'if effects[ii].message then' on target 'functions/state_events.lua' for pattern patch from Talisman\lovely.toml resulted in no matches
WARN - [♥] Pattern '--calculate the card edition effects' on target 'functions/state_events.lua' for pattern patch from Talisman\lovely.toml resulted in no matches
WARN - [♥] Pattern 'if effects[ii].edition.p_dollars_mod then' on target 'functions/state_events.lua' for pattern patch from Talisman\lovely.toml resulted in no matches
WARN - [♥] Pattern 'if edition_effects.jokers.x_mult_mod then' on target 'functions/state_events.lua' for pattern patch from Talisman\lovely.toml resulted in no matches
WARN - [♥] Pattern 'if SMODS.has_enhancement(scoring_hand[i], \'m_glass\') and not scoring_hand[i].debuff and pseudorandom(\'glass\') < G.GAME.probabilities.normal/(scoring_hand[i].ability.name == \'Glass Card\' and scoring_hand[i].ability.extra or G.P_CENTERS.m_glass.config.extra) then' on target 'functions/state_events.lua' for pattern patch from Cryptid\lovely\Probability.toml resulted in no matches
WARN - [♥] Regex '(?<indent>[\\t ]*)if destroyed then \\n' on target 'functions/state_events.lua' for regex patch from Cryptid\lovely\seal.toml resulted in no matches
INFO - [♥] Applied 82 patches to 'functions/state_events.lua'
WARN - [♥] Pattern '{n=G.UIT.T, config={text = localize(\'$\')..config.dollars, scale = 1.2*scale, colour = G.C.WHITE, shadow = true, juice = true}}' on target 'functions/common_events.lua' for pattern patch from Cryptid\lovely\code.toml resulted in no matches
WARN - [♥] Pattern 'G.shop_jokers.T.w = G.GAME.shop.joker_max*1.01*G.CARD_W' on target 'functions/common_events.lua' for pattern patch from Cryptid\lovely\equilibrium.toml resulted in no matches
WARN - [♥] Pattern 'function generate_card_ui(_c, full_UI_table, specific_vars, card_type, badges, hide_desc, main_start, main_end)' on target 'functions/common_events.lua' for pattern patch from Cryptid\lovely\lib_misc.toml resulted in no matches
WARN - [♥] Pattern 'elseif v.boss.showdown and (G.GAME.round_resets.ante)%G.GAME.win_ante == 0 and G.GAME.round_resets.ante >= 2 then' on target 'functions/common_events.lua' for pattern patch from Cryptid\lovely\stake.toml resulted in no matches
WARN - [♥] Pattern 'if num_dollars > 60 then' on target 'functions/common_events.lua' for pattern patch from Talisman\lovely.toml resulted in no matches
WARN - [♥] Pattern 'func = (function() if eval_func(card) then if not first or first then card:juice_up(0.1, 0.1) end;juice_card_until(card, eval_func, nil, 0.8) end return true end)' on target 'functions/common_events.lua' for pattern patch from Talisman\lovely.toml resulted in no matches
INFO - [♥] Applied 176 patches to 'functions/common_events.lua'
WARN - [♥] Pattern 'if ((G.GAME.dollars-G.GAME.bankrupt_at) - 10 >= 0) and' on target 'functions/button_callbacks.lua' for pattern patch from Talisman\lovely.toml resulted in no matches
INFO - [♥] Applied 72 patches to 'functions/button_callbacks.lua'
WARN - [♥] Pattern 'if G.GAME.blind and G.GAME.blind.in_blind then G.E_MANAGER:add_event(Event({ func = function() G.GAME.blind:set_blind(nil, true, nil); return true end })) end' on target 'card.lua' for pattern patch from Steamodded\lovely\calculate_card_added.toml resulted in no matches
WARN - [♥] Pattern 'if not initial then G.GAME.blind:debuff_card(self) end' on target 'card.lua' for pattern patch from Cryptid\lovely\lib_misc.toml resulted in no matches
WARN - [♥] Pattern 'if self.ability.name == \'Campfire\' and G.GAME.blind.boss and not (G.GAME.blind.config and G.GAME.blind.config.bonus) and self.ability.x_mult > 1 then' on target 'card.lua' for pattern patch from Cryptid\lovely\misc.toml resulted in no matches
WARN - [♥] Pattern 'if self.ability.name:find(\'Arcana\') then' on target 'card.lua' for pattern patch from Cryptid\lovely\misprint.toml resulted in no matches
WARN - [♥] Pattern 'if self.ability.name == \'The Hermit\' or self.ability.consumeable.hand_type or self.ability.name == \'Temperance\' or self.ability.name == \'Black Hole\' then' on target 'card.lua' for pattern patch from Cryptid\lovely\stake.toml resulted in no matches
WARN - [♥] Pattern 'if self.ability.queue_negative_removal then' on target 'card.lua' for pattern patch from Cryptid\lovely\sticker.toml resulted in no matches
WARN - [♥] Pattern 'G.GAME.current_round.voucher = nil' on target 'card.lua' for pattern patch from Cryptid\lovely\Voucher.toml resulted in no matches
WARN - [♥] Pattern 'if G.GAME.blind then G.E_MANAGER:add_event(Event({ func = function() G.GAME.blind:set_blind(nil, true, nil); return true end })) end' on target 'card.lua' for pattern patch from Talisman\lovely.toml resulted in no matches
WARN - [♥] Pattern 'x_mult = center.config.Xmult or 1,' on target 'card.lua' for pattern patch from Talisman\lovely.toml resulted in no matches
WARN - [♥] Pattern 'elseif self.ability.name == \'Business Card\' then loc_vars = {\'\'..(G.GAME and G.GAME.probabilities.normal or 1), self.ability.extra}' on target 'card.lua' for pattern patch from Cryptid\lovely\Probability.toml resulted in no matches
WARN - [♥] Pattern 'pseudorandom(\'business\') < G.GAME.probabilities.normal/self.ability.extra then' on target 'card.lua' for pattern patch from Cryptid\lovely\Probability.toml resulted in no matches
INFO - [♥] Applied 247 patches to 'card.lua'
INFO - [♥] Applied 19 patches to 'cardarea.lua'
INFO - [♥] Applied 40 patches to 'blind.lua'
INFO - [♥] Applied 2 patches to 'card_character.lua'
INFO - [♥] Applied 5 patches to 'engine/text.lua'
INFO - [♥] Applied 2 patches to '=[SMODS _ "src/utils.lua"]'
INFO - [♥] Applied 4 patches to '=[SMODS _ "src/overrides.lua"]'
INFO - [♥] Applied 1 patch to '=[SMODS _ "src/game_object.lua"]'
INFO - [G] Failed to connect to the debug server
INFO - [G] 2025-06-25 22:02:41 :: DEBUG :: DebugConsole :: Steamodded Debug Socket started !
INFO - [G] 2025-06-25 22:02:41 :: INFO  :: SMODS :: Steamodded v1.0.0~BETA-0406a
INFO - [♥] Applied 9 patches to 'engine/sound_manager.lua'
INFO - [♥] Applied 3 patches to 'engine/save_manager.lua'
INFO - [♥] Applied 2 patches to 'engine/string_packer.lua'
INFO - [♥] Applied 4 patches to '=[SMODS _ "src/card_draw.lua"]'
INFO - [G] 2025-06-25 22:02:42 :: INFO  :: Loader :: Valid JSON file found
INFO - [G] 2025-06-25 22:02:42 :: TRACE :: Loader :: Processing Mod file (Legacy header): steamodded_metadata.lua
INFO - [G] 2025-06-25 22:02:42 :: TRACE :: Loader :: Saving Mod Info: Talisman
INFO - [G] [CRYPTID] Loading library file ascended.lua
INFO - [G] [CRYPTID] Loading library file calculate.lua
INFO - [G] [CRYPTID] Loading library file content.lua
INFO - [G] [CRYPTID] Loading library file cross-mod.lua
INFO - [G] [CRYPTID] Loading library file d20.lua
INFO - [G] [CRYPTID] Loading library file event.lua
INFO - [G] [CRYPTID] Loading library file gameset.lua
INFO - [G] [CRYPTID] Loading library file https.lua
INFO - [G] 2025-06-25 22:02:42 :: DEBUG :: SMODS.https :: Using https module backend
INFO - [G] [CRYPTID] Loading library file misc.lua
INFO - [G] [CRYPTID] Loading library file misprintize.lua
INFO - [G] [CRYPTID] Loading library file modifiers.lua
INFO - [G] 2025-06-25 22:02:42 :: WARN  :: Sticker :: Detected duplicate register call on object perishable
INFO - [G] 2025-06-25 22:02:42 :: WARN  :: Sticker :: Detected duplicate register call on object pinned
INFO - [G] 2025-06-25 22:02:42 :: WARN  :: Sticker :: Detected duplicate register call on object eternal
INFO - [G] 2025-06-25 22:02:42 :: WARN  :: Sticker :: Detected duplicate register call on object rental
INFO - [G] [CRYPTID] Loading library file notifications.lua
INFO - [G] [CRYPTID] Loading library file overrides.lua
INFO - [G] [CRYPTID] Loading library file ui.lua
INFO - [G] [CRYPTID] Loading file achievement.lua
INFO - [G] [CRYPTID] Loading file blind.lua
INFO - [G] [CRYPTID] Loading file challenge.lua
INFO - [G] [CRYPTID] Loading file code.lua
INFO - [G] [CRYPTID] Loading file deck.lua
INFO - [G] [CRYPTID] Loading file enhanced.lua
INFO - [G] [CRYPTID] Loading file epic.lua
INFO - [G] [CRYPTID] Loading file exotic.lua
INFO - [G] [CRYPTID] Loading file joker_display.lua
INFO - [G] [CRYPTID] Loading file m.lua
INFO - [G] [CRYPTID] Loading file misc.lua
INFO - [G] [CRYPTID] Loading file misc_joker.lua
INFO - [G] [CRYPTID] Loading file planet.lua
INFO - [G] [CRYPTID] Loading file sleeve.lua
INFO - [G] [CRYPTID] Loading file spectral.lua
INFO - [G] [CRYPTID] Loading file spooky.lua
INFO - [G] [CRYPTID] Loading file stake.lua
INFO - [G] [CRYPTID] Loading file tag.lua
INFO - [G] [CRYPTID] Loading file test.lua
INFO - [G] [CRYPTID] Loading file voucher.lua
INFO - [G] 2025-06-25 22:02:42 :: WARN  :: Atlas :: Object cry_effarcire has the same key as an existing object, not registering.
INFO - [G] 2025-06-25 22:02:42 :: WARN  :: Atlas :: If you want to modify an existing object, use take_ownership()
INFO - [G] 2025-06-25 22:02:42 :: INFO  :: TIMER :: [0000] Injected Language in 0.001 ms
INFO - [G] 2025-06-25 22:02:42 :: INFO  :: TIMER :: [0000] Injected [INTERNAL] in 1.001 ms
INFO - [G] 2025-06-25 22:02:43 :: INFO  :: TIMER :: [0031] Injected Atlas in 381.939 ms
INFO - [G] 2025-06-25 22:02:43 :: INFO  :: TIMER :: [0030] Injected Sound in 46.144 ms
INFO - [G] 2025-06-25 22:02:43 :: INFO  :: TIMER :: [0032] Injected Stake in 0.764 ms
INFO - [G] 2025-06-25 22:02:43 :: INFO  :: TIMER :: [0008] Injected Rarity in 0.029 ms
INFO - [G] 2025-06-25 22:02:43 :: INFO  :: TIMER :: [0010] Injected ObjectType in 0.256 ms
INFO - [G] 2025-06-25 22:02:43 :: INFO  :: TIMER :: [0389] Injected Center in 1.192 ms
INFO - [G] 2025-06-25 22:02:43 :: INFO  :: TIMER :: [0009] Injected Undiscovered Sprite in 0.017 ms
INFO - [G] 2025-06-25 22:02:43 :: INFO  :: TIMER :: [0029] Injected Blind in 0.112 ms
INFO - [G] 2025-06-25 22:02:43 :: INFO  :: TIMER :: [0006] Injected Seal in 0.099 ms
INFO - [G] 2025-06-25 22:02:43 :: INFO  :: TIMER :: [0004] Injected Suit in 0.069 ms
INFO - [G] 2025-06-25 22:02:43 :: INFO  :: TIMER :: [0013] Injected Rank in 0.103 ms
INFO - [G] 2025-06-25 22:02:43 :: INFO  :: TIMER :: [0028] Injected DeckSkin in 0.494 ms
INFO - [G] 2025-06-25 22:02:43 :: INFO  :: TIMER :: [0016] Injected PokerHand in 0.114 ms
INFO - [G] 2025-06-25 22:02:43 :: INFO  :: TIMER :: [0031] Injected Challenge in 0.045 ms
INFO - [G] 2025-06-25 22:02:43 :: INFO  :: TIMER :: [0028] Injected Tag in 0.069 ms
INFO - [G] 2025-06-25 22:02:43 :: INFO  :: TIMER :: [0010] Injected Sticker in 0.195 ms
INFO - [G] 2025-06-25 22:02:43 :: INFO  :: TIMER :: [0009] Injected Shader in 81.375 ms
INFO - [G] 2025-06-25 22:02:43 :: INFO  :: TIMER :: [0002] Injected Keybind in 0.013 ms
INFO - [G] 2025-06-25 22:02:43 :: INFO  :: TIMER :: [0021] Injected Achievement in 0.100 ms
INFO - [G] 2025-06-25 22:02:43 :: INFO  :: TIMER :: [0002] Injected nil in 0.017 ms
INFO - [G] 2025-06-25 22:02:43 :: INFO  :: TIMER :: [0023] Injected Draw Step in 0.114 ms
INFO - [G] 2025-06-25 22:02:43 :: INFO  :: TIMER :: [0000] Injected [INTERNAL] in 4.024 ms
INFO - [G] 2025-06-25 22:02:43 :: INFO  :: TIMER :: [0010] Injected Other in 0.020 ms
INFO - [♥] Applied 1 patch to '=[SMODS _ "smods-https-thread.lua"]'
INFO - [G] 2025-06-25 22:02:50 :: DEBUG :: SMODS.https(1) :: Using https module backend
INFO - [♥] Applied 1 patch to '=[SMODS _ "smods-https-thread.lua"]'
INFO - [G] 2025-06-25 22:03:54 :: DEBUG :: SMODS.https(2) :: Using https module backend
INFO - [G] LONG DT @ 90: 0.053956673498362
INFO - [♥] Applied 1 patch to '=[SMODS _ "smods-https-thread.lua"]'
INFO - [G] 2025-06-25 22:04:55 :: DEBUG :: SMODS.https(3) :: Using https module backend
INFO - [♥] Applied 1 patch to '=[SMODS _ "smods-https-thread.lua"]'
INFO - [G] 2025-06-25 22:05:55 :: DEBUG :: SMODS.https(4) :: Using https module backend
INFO - [♥] Applied 1 patch to '=[SMODS _ "smods-https-thread.lua"]'
INFO - [G] 2025-06-25 22:06:55 :: DEBUG :: SMODS.https(5) :: Using https module backend
INFO - [G] LONG DT @ 311: 0.050180272679167
INFO - [G] LONG DT @ 311: 0.050391818143324
INFO - [G] LONG DT @ 311: 0.050437354514667
INFO - [G] LONG DT @ 311: 0.05069706361173
INFO - [G] LONG DT @ 311: 0.05074535088939
INFO - [G] LONG DT @ 311: 0.050881520711508
INFO - [G] LONG DT @ 311: 0.051177036569205
INFO - [G] LONG DT @ 311: 0.050956369255361
INFO - [G] LONG DT @ 311: 0.051187295404293
INFO - [G] LONG DT @ 311: 0.051209596323431
INFO - [G] LONG DT @ 311: 0.051317557058746
INFO - [G] LONG DT @ 311: 0.051516345647003
INFO - [G] LONG DT @ 312: 0.051702656517592
INFO - [G] LONG DT @ 312: 0.051330585214078
INFO - [G] LONG DT @ 312: 0.051086348171262
INFO - [G] LONG DT @ 312: 0.051245998537008
INFO - [G] LONG DT @ 312: 0.051203618829614
INFO - [G] LONG DT @ 312: 0.051577635063685
INFO - [G] LONG DT @ 312: 0.051248488050946
INFO - [G] LONG DT @ 312: 0.051378010440761
INFO - [G] LONG DT @ 312: 0.051557408352611
INFO - [G] LONG DT @ 312: 0.051501986682083
INFO - [G] LONG DT @ 312: 0.051210929345666
INFO - [G] LONG DT @ 312: 0.051369403476538
INFO - [G] LONG DT @ 312: 0.05129654278123
INFO - [G] LONG DT @ 312: 0.051235594224988
INFO - [G] LONG DT @ 312: 0.051279155379982
INFO - [G] LONG DT @ 312: 0.051136504303993
INFO - [G] LONG DT @ 312: 0.050961183443186
INFO - [G] LONG DT @ 312: 0.050825106754548
INFO - [G] LONG DT @ 312: 0.050802145403648
INFO - [G] LONG DT @ 313: 0.050585936322918
INFO - [G] LONG DT @ 313: 0.050837949058326
INFO - [G] LONG DT @ 313: 0.050786879246669
INFO - [G] LONG DT @ 313: 0.050943063397332
INFO - [G] LONG DT @ 313: 0.050904690717862
INFO - [G] LONG DT @ 313: 0.050848152574296
INFO - [G] LONG DT @ 313: 0.051156262059436
INFO - [G] LONG DT @ 313: 0.050822249647546
INFO - [G] LONG DT @ 313: 0.050941359718042
INFO - [G] LONG DT @ 313: 0.050792467774423
INFO - [G] LONG DT @ 313: 0.050100854219541
INFO - [G] LONG DT @ 314: 0.050051737853951
INFO - [G] LONG DT @ 314: 0.050188030283166
INFO - [G] LONG DT @ 314: 0.050249544226528
INFO - [G] LONG DT @ 314: 0.050123895381225
INFO - [G] LONG DT @ 314: 0.050327756304983
INFO - [G] LONG DT @ 314: 0.050330445043984
INFO - [G] LONG DT @ 314: 0.050182916035182
INFO - [G] LONG DT @ 314: 0.050179422262517
INFO - [G] LONG DT @ 314: 0.050403137810019
INFO - [G] LONG DT @ 314: 0.050254630248012
INFO - [G] LONG DT @ 314: 0.050701784198412
INFO - [G] LONG DT @ 314: 0.050935567358728
INFO - [G] LONG DT @ 314: 0.050219453886979
INFO - [G] LONG DT @ 314: 0.050669943109583
INFO - [G] LONG DT @ 314: 0.050937254487668
INFO - [G] LONG DT @ 314: 0.050791263590136
INFO - [G] LONG DT @ 314: 0.050988030872106
INFO - [G] LONG DT @ 314: 0.05096244469769
INFO - [G] LONG DT @ 314: 0.050897995758147
INFO - [G] LONG DT @ 315: 0.050896056606517
INFO - [G] LONG DT @ 315: 0.051016165285215
INFO - [G] LONG DT @ 315: 0.050992172228174
INFO - [G] LONG DT @ 315: 0.051075717782541
INFO - [G] LONG DT @ 315: 0.051803794226034
INFO - [G] LONG DT @ 315: 0.05144051538082
INFO - [G] LONG DT @ 315: 0.05137357230466
INFO - [G] LONG DT @ 315: 0.051335277843729
INFO - [G] LONG DT @ 315: 0.051159822274981
INFO - [G] LONG DT @ 315: 0.051209037819989
INFO - [G] LONG DT @ 315: 0.050946850255993
INFO - [G] LONG DT @ 315: 0.050908180204791
INFO - [G] LONG DT @ 315: 0.050957564163836
INFO - [G] LONG DT @ 315: 0.050970851331066
INFO - [G] LONG DT @ 315: 0.05118914106485
INFO - [G] LONG DT @ 315: 0.051177332851885
INFO - [G] LONG DT @ 315: 0.051049906281508
INFO - [G] LONG DT @ 315: 0.051429205025206
INFO - [G] LONG DT @ 315: 0.051461684020163
INFO - [G] LONG DT @ 315: 0.051243727216134
INFO - [G] LONG DT @ 316: 0.051225121772906
INFO - [G] LONG DT @ 316: 0.051301497418323
INFO - [G] LONG DT @ 316: 0.050892997934659
INFO - [G] LONG DT @ 316: 0.083965858347727
INFO - [G] LONG DT @ 316: 0.1
INFO - [G] LONG DT @ 316: 0.090519720000002
INFO - [G] LONG DT @ 316: 0.082812755999998
INFO - [G] LONG DT @ 316: 0.076905184800002
INFO - [G] LONG DT @ 316: 0.072337507839999
INFO - [G] LONG DT @ 316: 0.068717366272002
INFO - [G] LONG DT @ 316: 0.0655642330176
INFO - [G] LONG DT @ 316: 0.063241606414081
INFO - [G] LONG DT @ 316: 0.06170378513126
INFO - [G] LONG DT @ 316: 0.059538788105012
INFO - [G] LONG DT @ 317: 0.057870750484003
INFO - [G] LONG DT @ 317: 0.055615560387209
INFO - [G] LONG DT @ 317: 0.053903028309764
INFO - [G] LONG DT @ 317: 0.052252822647815
INFO - [G] LONG DT @ 317: 0.051212798118251
INFO - [G] LONG DT @ 317: 0.051544418494604
INFO - [G] LONG DT @ 317: 0.05172575479568
INFO - [G] LONG DT @ 317: 0.051591603836537
INFO - [G] LONG DT @ 317: 0.052021463069237
