INFO - [♥] Lovely 0.8.0
INFO - [♥] Game directory is at "C:\\Program Files (x86)\\Steam\\steamapps\\common\\Balatro"
INFO - [♥] Writing logs to "C:\\Users\\colem\\AppData\\Roaming\\Balatro\\Mods\\lovely\\log"
INFO - [♥] Using mod directory at "C:\\Users\\colem\\AppData\\Roaming\\Balatro\\Mods"
INFO - [♥] Found .lovelyignore in 'Cryptid', skipping it.
INFO - [♥] Found .lovelyignore in 'Talisman', skipping it.
WARN - [♥] Unknown key `patches.0.?.match_indent` found in patch file at "C:\\Users\\colem\\AppData\\Roaming\\Balatro\\Mods\\BalatroMultiplayer\\lovely\\end_round.toml", ignoring it
WARN - [♥] Unknown key `patches.0.?.match_indent` found in patch file at "C:\\Users\\colem\\AppData\\Roaming\\Balatro\\Mods\\smods-1.0.0-beta-1016c\\lovely\\scoring_calculation.toml", ignoring it
WARN - [♥] Unknown key `patches.7.?.match_indent` found in patch file at "C:\\Users\\colem\\AppData\\Roaming\\Balatro\\Mods\\smods-1.0.0-beta-1016c\\lovely\\scoring_calculation.toml", ignoring it
INFO - [♥] Cleaning up dumps directory at "C:\\Users\\colem\\AppData\\Roaming\\Balatro\\Mods\\lovely\\dump"
INFO - [♥] Initialization complete in 62ms
INFO - [♥] Applied 10 patches to 'main.lua'
INFO - [♥] Applied 5 patches to 'engine/controller.lua'
INFO - [♥] Applied 16 patches to 'back.lua'
INFO - [♥] Applied 8 patches to 'tag.lua'
INFO - [♥] Applied 1 patch to 'engine/node.lua'
INFO - [♥] Applied 3 patches to 'engine/moveable.lua'
INFO - [♥] Applied 2 patches to 'engine/sprite.lua'
INFO - [♥] Applied 2 patches to 'engine/animatedsprite.lua'
INFO - [♥] Applied 80 patches to 'functions/misc_functions.lua'
WARN - [♥] Pattern 'self.GAME.pseudorandom.seed = hash_seed(self.GAME.pseudorandom.seed)' on target 'game.lua' for pattern patch from BalatroMultiplayer\lovely\TheOrder.toml resulted in no matches
INFO - [♥] Applied 56 patches to 'game.lua'
INFO - [♥] Applied 2 patches to 'globals.lua'
INFO - [♥] Applied 7 patches to 'engine/ui.lua'
INFO - [♥] Applied 118 patches to 'functions/UI_definitions.lua'
INFO - [♥] Applied 68 patches to 'functions/state_events.lua'
WARN - [♥] Pattern '''
WARN - [♥]         attention_text({
WARN - [♥]           text = text..tostring(math.abs(mod)),''' on target 'functions/common_events.lua' for pattern patch from BalatroMultiplayer\lovely\decks.toml resulted in 3 matches, wanted 1
WARN - [♥] Ignoring excess matches
INFO - [♥] Applied 140 patches to 'functions/common_events.lua'
INFO - [♥] Applied 59 patches to 'functions/button_callbacks.lua'
WARN - [♥] Regex 'localize\\(\'k_upgrade_ex\'\\)\\}\\); return true\n[ \\t]*end\\}\\)\\)\n[ \\t]*end\n(?<indent>[ \\t]*)return' on target 'card.lua' for regex patch from smods-1.0.0-beta-1016c\lovely\joker_retriggers.toml resulted in no matches
WARN - [♥] Regex '[ \\t]*G\\.C\\.MULT\\}\\)\n[ \\t]*return true\n[ \\t]*end\\)\\}\\)\\)\n(?<indent>[ \\t]*)end' on target 'card.lua' for regex patch from smods-1.0.0-beta-1016c\lovely\joker_retriggers.toml resulted in no matches
WARN - [♥] Regex '[ \\t]*func = function\\(\\) card_eval_status_text\\(self, \'extra\', nil, nil, nil, \\{message = localize\\{type = \'variable\', key = \'a_xmult\', vars = \\{self\\.ability\\.caino_xmult\\}\\}\\}\\); return true\n(?<indent>[ \\t]*)end\\}\\)\\)' on target 'card.lua' for regex patch from smods-1.0.0-beta-1016c\lovely\joker_retriggers.toml resulted in no matches
WARN - [♥] Regex 'glass_cards\\}\\}\\}\\)\n[ \\t]*return true\n[ \\t]*end\n(?<indent>[ \\t]*)\\}\\)\\)' on target 'card.lua' for regex patch from smods-1.0.0-beta-1016c\lovely\joker_retriggers.toml resulted in no matches
INFO - [♥] Applied 233 patches to 'card.lua'
INFO - [♥] Applied 22 patches to 'cardarea.lua'
INFO - [♥] Applied 40 patches to 'blind.lua'
INFO - [♥] Applied 10 patches to 'card_character.lua'
INFO - [♥] Applied 15 patches to 'engine/text.lua'
INFO - [♥] Applied 2 patches to '=[SMODS _ "src/utils.lua"]'
INFO - [♥] Applied 1 patch to '=[SMODS _ "src/overrides.lua"]'
INFO - [♥] Applied 1 patch to '=[SMODS _ "src/game_object.lua"]'
INFO - [G] Failed to connect to the debug server
INFO - [G] 2025-12-05 00:28:47 :: DEBUG :: DebugConsole :: Steamodded Debug Socket started !
INFO - [G] 2025-12-05 00:28:47 :: INFO  :: SMODS :: Steamodded v1.0.0~BETA-1016c
INFO - [♥] Applied 9 patches to 'engine/sound_manager.lua'
INFO - [♥] Applied 1 patch to 'engine/save_manager.lua'
INFO - [G] 2025-12-05 00:28:48 :: INFO  :: Loader :: Valid JSON file found
INFO - [G] 2025-12-05 00:28:48 :: INFO  :: Loader :: Valid JSON file found
INFO - [G] 2025-12-05 00:28:48 :: TRACE :: Loader :: Processing Mod file (Legacy header): steamodded_metadata.lua
INFO - [G] 2025-12-05 00:28:48 :: TRACE :: Loader :: Saving Mod Info: Talisman
INFO - [G] 2025-12-05 00:28:48 :: TRACE :: Loader :: Mod Talisman was unable to load: 
INFO - [G] 2025-12-05 00:28:48 :: TRACE :: Loader :: Mod Cryptid was unable to load: Missing Dependencies: 1: Talisman (>=2.0.9)


INFO - [G] 2025-12-05 00:28:48 :: DEBUG :: MULTIPLAYER :: Resetting lobby options
INFO - [G] 2025-12-05 00:28:48 :: DEBUG :: MULTIPLAYER :: Resetting game states
INFO - [G] 2025-12-05 00:28:48 :: TRACE :: MULTIPLAYER :: Client sent message: {"action":"connect"}
INFO - [G] 2025-12-05 00:28:48 :: INFO  :: TIMER :: [0000] Injected Fonts in 0.001 ms
INFO - [G] 2025-12-05 00:28:48 :: INFO  :: TIMER :: [0000] Injected DynaTextEffects in 0.001 ms
INFO - [G] 2025-12-05 00:28:48 :: INFO  :: TIMER :: [0000] Injected Language in 0.001 ms
INFO - [G] 2025-12-05 00:28:48 :: INFO  :: TIMER :: [0000] Injected [INTERNAL] in 1.077 ms
INFO - [G] 2025-12-05 00:28:49 :: INFO  :: TIMER :: [0048] Injected Atlas in 742.713 ms
INFO - [G] 2025-12-05 00:28:49 :: INFO  :: TIMER :: [0001] Injected Sound in 0.168 ms
INFO - [G] 2025-12-05 00:28:49 :: INFO  :: TIMER :: [0011] Injected Stake in 0.344 ms
INFO - [G] 2025-12-05 00:28:49 :: INFO  :: TIMER :: [0004] Injected Rarity in 0.019 ms
INFO - [G] 2025-12-05 00:28:49 :: INFO  :: TIMER :: [0004] Injected ObjectType in 0.057 ms
INFO - [G] 2025-12-05 00:28:49 :: INFO  :: TIMER :: [0128] Injected Center in 1.023 ms
INFO - [G] 2025-12-05 00:28:49 :: INFO  :: TIMER :: [0007] Injected Undiscovered Sprite in 0.018 ms
INFO - [G] 2025-12-05 00:28:49 :: INFO  :: TIMER :: [0003] Injected Blind in 0.028 ms
INFO - [G] 2025-12-05 00:28:49 :: INFO  :: TIMER :: [0004] Injected Seal in 0.319 ms
INFO - [G] 2025-12-05 00:28:49 :: INFO  :: TIMER :: [0004] Injected Suit in 0.130 ms
INFO - [G] 2025-12-05 00:28:49 :: INFO  :: TIMER :: [0013] Injected Rank in 0.182 ms
INFO - [G] 2025-12-05 00:28:49 :: INFO  :: TIMER :: [0028] Injected DeckSkin in 0.468 ms
INFO - [G] 2025-12-05 00:28:49 :: INFO  :: TIMER :: [0017] Injected JimboQuip in 0.058 ms
INFO - [G] 2025-12-05 00:28:49 :: INFO  :: TIMER :: [0012] Injected PokerHand in 0.183 ms
INFO - [G] 2025-12-05 00:28:49 :: INFO  :: TIMER :: [0036] Injected Challenge in 0.083 ms
INFO - [G] 2025-12-05 00:28:49 :: INFO  :: TIMER :: [0003] Injected Tag in 0.030 ms
INFO - [G] 2025-12-05 00:28:49 :: INFO  :: TIMER :: [0006] Injected Sticker in 0.168 ms
INFO - [G] 2025-12-05 00:28:49 :: INFO  :: TIMER :: [0000] Injected Shader in 0.002 ms
INFO - [G] 2025-12-05 00:28:49 :: INFO  :: TIMER :: [0002] Injected Keybind in 0.016 ms
INFO - [G] 2025-12-05 00:28:49 :: INFO  :: TIMER :: [0000] Injected Achievement in 0.070 ms
INFO - [G] 2025-12-05 00:28:49 :: INFO  :: TIMER :: [0002] Injected nil in 0.019 ms
INFO - [G] 2025-12-05 00:28:49 :: INFO  :: TIMER :: [0002] Injected Scoring_Parameters in 0.194 ms
INFO - [G] 2025-12-05 00:28:49 :: INFO  :: TIMER :: [0003] Injected Scoring_Calculations in 0.018 ms
INFO - [G] 2025-12-05 00:28:49 :: INFO  :: TIMER :: [0024] Injected Draw Step in 0.181 ms
INFO - [G] 2025-12-05 00:28:49 :: INFO  :: TIMER :: [0000] Injected [INTERNAL] in 2.919 ms
INFO - [G] 2025-12-05 00:28:50 :: INFO  :: TIMER :: [0009] Injected nil in 0.060 ms
INFO - [G] 2025-12-05 00:28:50 :: INFO  :: TIMER :: [0003] Injected nil in 0.018 ms
INFO - [G] 2025-12-05 00:28:50 :: TRACE :: MULTIPLAYER :: Client got connected message:  (action: connected) 
INFO - [G] 2025-12-05 00:28:50 :: TRACE :: MULTIPLAYER :: Client sent message: {"modHash":"","username":"Guest~1","action":"username"}
INFO - [G] 2025-12-05 00:28:50 :: TRACE :: MULTIPLAYER :: Client got version message:  (action: version) 
INFO - [G] 2025-12-05 00:28:50 :: TRACE :: MULTIPLAYER :: Client sent message: {"version":"0.2.20-MULTIPLAYER","action":"version"}
INFO - [G] 2025-12-05 00:28:50 :: TRACE :: MULTIPLAYER :: Client sent message: {"modHash":"preview=false;unlocked=false;encryptID=23387817411.836;serversideConnectionID=9b7602a8;Lovely-0.8.0;Multiplayer-0.2.20;Steamodded-1.0.0~BETA-1016c","username":"Guest~1","action":"username"}
