INFO - [♥] Lovely 0.7.1
INFO - [♥] Game directory is at "C:\\Program Files (x86)\\Steam\\steamapps\\common\\Balatro"
INFO - [♥] Writing logs to "C:\\Users\\colem\\AppData\\Roaming\\Balatro\\Mods\\lovely\\log"
INFO - [♥] Using mod directory at "C:\\Users\\colem\\AppData\\Roaming\\Balatro\\Mods"
WARN - [♥] Unknown key `patches.21.?.match_indent` found in patch file at "C:\\Users\\colem\\AppData\\Roaming\\Balatro\\Mods\\Cryptid\\lovely\\code.toml", ignoring it
WARN - [♥] Unknown key `patches.49.?.match_indent` found in patch file at "C:\\Users\\colem\\AppData\\Roaming\\Balatro\\Mods\\Talisman\\lovely.toml", ignoring it
WARN - [♥] Unknown key `patches.52.?.match_indent` found in patch file at "C:\\Users\\colem\\AppData\\Roaming\\Balatro\\Mods\\Talisman\\lovely.toml", ignoring it
INFO - [♥] Cleaning up dumps directory at "C:\\Users\\colem\\AppData\\Roaming\\Balatro\\Mods\\lovely\\dump"
INFO - [♥] Initialization complete in 674ms
WARN - [♥] Pattern 'G.ARGS.score_intensity.organ = G.video_organ or G.ARGS.score_intensity.required_score > 0 and math.max(math.min(0.4, 0.1*math.log(G.ARGS.score_intensity.earned_score/(G.ARGS.score_intensity.required_score+1), 5)),0.) or 0' on target 'main.lua' for pattern patch from Talisman\lovely.toml resulted in no matches
WARN - [♥] Pattern 'if type(G.GAME.current_round.current_hand.chips) ~= \'number\' or type(G.GAME.current_round.current_hand.mult) ~= \'number\' then' on target 'main.lua' for pattern patch from Talisman\lovely.toml resulted in no matches
INFO - [♥] Applied 17 patches to 'main.lua'
INFO - [♥] Applied 2 patches to 'engine/string_packer.lua'
INFO - [♥] Applied 7 patches to 'engine/controller.lua'
INFO - [♥] Applied 15 patches to 'back.lua'
INFO - [♥] Applied 18 patches to 'tag.lua'
INFO - [♥] Applied 1 patch to 'engine/node.lua'
INFO - [♥] Applied 3 patches to 'engine/moveable.lua'
INFO - [♥] Applied 3 patches to 'engine/sprite.lua'
INFO - [♥] Applied 2 patches to 'engine/animatedsprite.lua'
WARN - [♥] Pattern 'assembled_string = assembled_string..(type(subpart) == \'string\' and subpart or args.vars[tonumber(subpart[1])] or \'ERROR\')' on target 'functions/misc_functions.lua' for pattern patch from Talisman\lovely.toml resulted in no matches
INFO - [♥] Applied 58 patches to 'functions/misc_functions.lua'
WARN - [♥] Pattern 'for i = 1, 2 do' on target 'game.lua' for pattern patch from Cryptid\lovely\stake.toml resulted in no matches
WARN - [♥] Pattern 'create_shop_card_ui(card, \'Voucher\', G.shop_vouchers)' on target 'game.lua' for pattern patch from Cryptid\lovely\stake.toml resulted in no matches
WARN - [♥] Pattern 'self.GAME.current_round.voucher = G.SETTINGS.tutorial_progress and G.SETTINGS.tutorial_progress.forced_voucher or SMODS.get_next_vouchers()' on target 'game.lua' for pattern patch from Cryptid\lovely\very_fair.toml resulted in no matches
WARN - [♥] Pattern 'self.GAME.current_round.voucher = G.SETTINGS.tutorial_progress and G.SETTINGS.tutorial_progress.forced_voucher or get_next_voucher_key()' on target 'game.lua' for pattern patch from Cryptid\lovely\Voucher.toml resulted in no matches
WARN - [♥] Regex 'card\\:start_materialize\\(\\)\\n\\s+G\\.shop_vouchers\\:emplace\\(card\\)\\n\\s+end' on target 'game.lua' for regex patch from Cryptid\lovely\Voucher.toml resulted in no matches
INFO - [♥] Applied 85 patches to 'game.lua'
INFO - [♥] Applied 1 patch to 'globals.lua'
INFO - [♥] Applied 6 patches to 'engine/ui.lua'
WARN - [♥] Pattern 'G.GAME.shop.joker_max*1.02*G.CARD_W,' on target 'functions/UI_definitions.lua' for pattern patch from Cryptid\lovely\equilibrium.toml resulted in no matches
WARN - [♥] Pattern '{n=G.UIT.T, config={text = G.GAME.hands[handname].chips, scale = 0.45, colour = G.C.UI.TEXT_LIGHT}},' on target 'functions/UI_definitions.lua' for pattern patch from Talisman\lovely.toml resulted in no matches
WARN - [♥] Pattern '{n=G.UIT.T, config={text = G.GAME.hands[handname].mult, scale = 0.45, colour = G.C.UI.TEXT_LIGHT}}' on target 'functions/UI_definitions.lua' for pattern patch from Talisman\lovely.toml resulted in no matches
INFO - [♥] Applied 104 patches to 'functions/UI_definitions.lua'
WARN - [♥] Pattern 'ease_to = G.GAME.chips + math.floor(hand_chips * mult) * (e and e.antiscore and -1 or 1),' on target 'functions/state_events.lua' for pattern patch from Cryptid\lovely\blind.toml resulted in no matches
WARN - [♥] Pattern 'if reps[j] ~= 1 then' on target 'functions/state_events.lua' for pattern patch from Cryptid\lovely\misc.toml resulted in no matches
WARN - [♥] Pattern 'for i=1, #G.jokers.cards + #G.consumeables.cards do' on target 'functions/state_events.lua' for pattern patch from Cryptid\lovely\misc.toml resulted in no matches
WARN - [♥] Pattern 'local effects = {[1] = {playing_card = G.hand.cards[i]:get_end_of_round_effect()}}' on target 'functions/state_events.lua' for pattern patch from Cryptid\lovely\stake.toml resulted in no matches
WARN - [♥] Pattern 'G.GAME.current_round.voucher = get_next_voucher_key()' on target 'functions/state_events.lua' for pattern patch from Cryptid\lovely\sticker.toml resulted in no matches
WARN - [♥] Pattern 'G.GAME.current_round.voucher = get_next_voucher_key()' on target 'functions/state_events.lua' for pattern patch from Cryptid\lovely\Voucher.toml resulted in no matches
WARN - [♥] Pattern 'if effects[ii].card then' on target 'functions/state_events.lua' for pattern patch from Talisman\lovely.toml resulted in no matches
WARN - [♥] Pattern 'if effects.jokers.Xmult_mod then mult = mod_mult(mult*effects.jokers.Xmult_mod);extras.mult = true  end' on target 'functions/state_events.lua' for pattern patch from Talisman\lovely.toml resulted in no matches
WARN - [♥] Pattern 'if effect.Xmult_mod then mult = mod_mult(mult*effect.Xmult_mod);extras.mult = true  end' on target 'functions/state_events.lua' for pattern patch from Talisman\lovely.toml resulted in no matches
WARN - [♥] Pattern 'if effects[ii].message then' on target 'functions/state_events.lua' for pattern patch from Talisman\lovely.toml resulted in no matches
WARN - [♥] Pattern '--calculate the card edition effects' on target 'functions/state_events.lua' for pattern patch from Talisman\lovely.toml resulted in no matches
WARN - [♥] Pattern 'if effects[ii].edition.p_dollars_mod then' on target 'functions/state_events.lua' for pattern patch from Talisman\lovely.toml resulted in no matches
WARN - [♥] Pattern 'if edition_effects.jokers.x_mult_mod then' on target 'functions/state_events.lua' for pattern patch from Talisman\lovely.toml resulted in no matches
WARN - [♥] Pattern 'if SMODS.has_enhancement(scoring_hand[i], \'m_glass\') and not scoring_hand[i].debuff and pseudorandom(\'glass\') < G.GAME.probabilities.normal/(scoring_hand[i].ability.name == \'Glass Card\' and scoring_hand[i].ability.extra or G.P_CENTERS.m_glass.config.extra) then' on target 'functions/state_events.lua' for pattern patch from Cryptid\lovely\Probability.toml resulted in no matches
WARN - [♥] Regex '(?<indent>[\\t ]*)if destroyed then \\n' on target 'functions/state_events.lua' for regex patch from Cryptid\lovely\seal.toml resulted in no matches
INFO - [♥] Applied 82 patches to 'functions/state_events.lua'
WARN - [♥] Pattern '{n=G.UIT.T, config={text = localize(\'$\')..config.dollars, scale = 1.2*scale, colour = G.C.WHITE, shadow = true, juice = true}}' on target 'functions/common_events.lua' for pattern patch from Cryptid\lovely\code.toml resulted in no matches
WARN - [♥] Pattern 'G.shop_jokers.T.w = G.GAME.shop.joker_max*1.01*G.CARD_W' on target 'functions/common_events.lua' for pattern patch from Cryptid\lovely\equilibrium.toml resulted in no matches
WARN - [♥] Pattern 'function generate_card_ui(_c, full_UI_table, specific_vars, card_type, badges, hide_desc, main_start, main_end)' on target 'functions/common_events.lua' for pattern patch from Cryptid\lovely\lib_misc.toml resulted in no matches
WARN - [♥] Pattern 'elseif v.boss.showdown and (G.GAME.round_resets.ante)%G.GAME.win_ante == 0 and G.GAME.round_resets.ante >= 2 then' on target 'functions/common_events.lua' for pattern patch from Cryptid\lovely\stake.toml resulted in no matches
WARN - [♥] Pattern 'if num_dollars > 60 then' on target 'functions/common_events.lua' for pattern patch from Talisman\lovely.toml resulted in no matches
WARN - [♥] Pattern 'func = (function() if eval_func(card) then if not first or first then card:juice_up(0.1, 0.1) end;juice_card_until(card, eval_func, nil, 0.8) end return true end)' on target 'functions/common_events.lua' for pattern patch from Talisman\lovely.toml resulted in no matches
INFO - [♥] Applied 176 patches to 'functions/common_events.lua'
WARN - [♥] Pattern 'if ((G.GAME.dollars-G.GAME.bankrupt_at) - 10 >= 0) and' on target 'functions/button_callbacks.lua' for pattern patch from Talisman\lovely.toml resulted in no matches
INFO - [♥] Applied 72 patches to 'functions/button_callbacks.lua'
WARN - [♥] Pattern 'if G.GAME.blind and G.GAME.blind.in_blind then G.E_MANAGER:add_event(Event({ func = function() G.GAME.blind:set_blind(nil, true, nil); return true end })) end' on target 'card.lua' for pattern patch from Steamodded\lovely\calculate_card_added.toml resulted in no matches
WARN - [♥] Pattern 'if not initial then G.GAME.blind:debuff_card(self) end' on target 'card.lua' for pattern patch from Cryptid\lovely\lib_misc.toml resulted in no matches
WARN - [♥] Pattern 'if self.ability.name == \'Campfire\' and G.GAME.blind.boss and not (G.GAME.blind.config and G.GAME.blind.config.bonus) and self.ability.x_mult > 1 then' on target 'card.lua' for pattern patch from Cryptid\lovely\misc.toml resulted in no matches
WARN - [♥] Pattern 'if self.ability.name:find(\'Arcana\') then' on target 'card.lua' for pattern patch from Cryptid\lovely\misprint.toml resulted in no matches
WARN - [♥] Pattern 'if self.ability.name == \'The Hermit\' or self.ability.consumeable.hand_type or self.ability.name == \'Temperance\' or self.ability.name == \'Black Hole\' then' on target 'card.lua' for pattern patch from Cryptid\lovely\stake.toml resulted in no matches
WARN - [♥] Pattern 'if self.ability.queue_negative_removal then' on target 'card.lua' for pattern patch from Cryptid\lovely\sticker.toml resulted in no matches
WARN - [♥] Pattern 'G.GAME.current_round.voucher = nil' on target 'card.lua' for pattern patch from Cryptid\lovely\Voucher.toml resulted in no matches
WARN - [♥] Pattern 'if G.GAME.blind then G.E_MANAGER:add_event(Event({ func = function() G.GAME.blind:set_blind(nil, true, nil); return true end })) end' on target 'card.lua' for pattern patch from Talisman\lovely.toml resulted in no matches
WARN - [♥] Pattern 'x_mult = center.config.Xmult or 1,' on target 'card.lua' for pattern patch from Talisman\lovely.toml resulted in no matches
WARN - [♥] Pattern 'elseif self.ability.name == \'Business Card\' then loc_vars = {\'\'..(G.GAME and G.GAME.probabilities.normal or 1), self.ability.extra}' on target 'card.lua' for pattern patch from Cryptid\lovely\Probability.toml resulted in no matches
WARN - [♥] Pattern 'pseudorandom(\'business\') < G.GAME.probabilities.normal/self.ability.extra then' on target 'card.lua' for pattern patch from Cryptid\lovely\Probability.toml resulted in no matches
INFO - [♥] Applied 247 patches to 'card.lua'
INFO - [♥] Applied 19 patches to 'cardarea.lua'
INFO - [♥] Applied 40 patches to 'blind.lua'
INFO - [♥] Applied 2 patches to 'card_character.lua'
INFO - [♥] Applied 5 patches to 'engine/text.lua'
INFO - [♥] Applied 2 patches to '=[SMODS _ "src/utils.lua"]'
INFO - [♥] Applied 4 patches to '=[SMODS _ "src/overrides.lua"]'
INFO - [♥] Applied 1 patch to '=[SMODS _ "src/game_object.lua"]'
INFO - [G] Failed to connect to the debug server
INFO - [G] 2025-04-13 18:36:02 :: DEBUG :: DebugConsole :: Steamodded Debug Socket started !
INFO - [G] 2025-04-13 18:36:02 :: INFO  :: SMODS :: Steamodded v1.0.0~BETA-0406a
INFO - [♥] Applied 9 patches to 'engine/sound_manager.lua'
INFO - [♥] Applied 3 patches to 'engine/save_manager.lua'
INFO - [♥] Applied 2 patches to 'engine/string_packer.lua'
INFO - [♥] Applied 4 patches to '=[SMODS _ "src/card_draw.lua"]'
INFO - [G] 2025-04-13 18:36:03 :: INFO  :: Loader :: Valid JSON file found
INFO - [G] 2025-04-13 18:36:03 :: TRACE :: Loader :: Processing Mod file (Legacy header): steamodded_metadata.lua
INFO - [G] 2025-04-13 18:36:03 :: TRACE :: Loader :: Saving Mod Info: Talisman
INFO - [G] [CRYPTID] Loading library file ascended.lua
INFO - [G] [CRYPTID] Loading library file calculate.lua
INFO - [G] [CRYPTID] Loading library file content.lua
INFO - [G] [CRYPTID] Loading library file cross-mod.lua
INFO - [G] [CRYPTID] Loading library file d20.lua
INFO - [G] [CRYPTID] Loading library file event.lua
INFO - [G] [CRYPTID] Loading library file gameset.lua
INFO - [G] [CRYPTID] Loading library file https.lua
INFO - [G] 2025-04-13 18:36:03 :: DEBUG :: SMODS.https :: Using https module backend
INFO - [G] [CRYPTID] Loading library file misc.lua
INFO - [G] [CRYPTID] Loading library file misprintize.lua
INFO - [G] [CRYPTID] Loading library file modifiers.lua
INFO - [G] 2025-04-13 18:36:03 :: WARN  :: Sticker :: Detected duplicate register call on object perishable
INFO - [G] 2025-04-13 18:36:03 :: WARN  :: Sticker :: Detected duplicate register call on object pinned
INFO - [G] 2025-04-13 18:36:03 :: WARN  :: Sticker :: Detected duplicate register call on object eternal
INFO - [G] 2025-04-13 18:36:03 :: WARN  :: Sticker :: Detected duplicate register call on object rental
INFO - [G] [CRYPTID] Loading library file notifications.lua
INFO - [G] [CRYPTID] Loading library file overrides.lua
INFO - [G] [CRYPTID] Loading library file ui.lua
INFO - [G] [CRYPTID] Loading file achievement.lua
INFO - [G] [CRYPTID] Loading file blind.lua
INFO - [G] [CRYPTID] Loading file challenge.lua
INFO - [G] [CRYPTID] Loading file code.lua
INFO - [G] [CRYPTID] Loading file deck.lua
INFO - [G] [CRYPTID] Loading file enhanced.lua
INFO - [G] [CRYPTID] Loading file epic.lua
INFO - [G] [CRYPTID] Loading file exotic.lua
INFO - [G] [CRYPTID] Loading file joker_display.lua
INFO - [G] [CRYPTID] Loading file m.lua
INFO - [G] [CRYPTID] Loading file misc.lua
INFO - [G] [CRYPTID] Loading file misc_joker.lua
INFO - [G] [CRYPTID] Loading file planet.lua
INFO - [G] [CRYPTID] Loading file sleeve.lua
INFO - [G] [CRYPTID] Loading file spectral.lua
INFO - [G] [CRYPTID] Loading file spooky.lua
INFO - [G] [CRYPTID] Loading file stake.lua
INFO - [G] [CRYPTID] Loading file tag.lua
INFO - [G] [CRYPTID] Loading file test.lua
INFO - [G] [CRYPTID] Loading file voucher.lua
INFO - [G] 2025-04-13 18:36:03 :: WARN  :: Atlas :: Object cry_effarcire has the same key as an existing object, not registering.
INFO - [G] 2025-04-13 18:36:03 :: WARN  :: Atlas :: If you want to modify an existing object, use take_ownership()
INFO - [G] 2025-04-13 18:36:03 :: INFO  :: TIMER :: [0000] Injected Language in 0.001 ms
INFO - [G] 2025-04-13 18:36:03 :: INFO  :: TIMER :: [0000] Injected [INTERNAL] in 11.347 ms
INFO - [G] 2025-04-13 18:36:04 :: INFO  :: TIMER :: [0031] Injected Atlas in 489.196 ms
INFO - [G] 2025-04-13 18:36:04 :: INFO  :: TIMER :: [0030] Injected Sound in 212.464 ms
INFO - [G] 2025-04-13 18:36:04 :: INFO  :: TIMER :: [0032] Injected Stake in 0.889 ms
INFO - [G] 2025-04-13 18:36:04 :: INFO  :: TIMER :: [0008] Injected Rarity in 0.033 ms
INFO - [G] 2025-04-13 18:36:04 :: INFO  :: TIMER :: [0010] Injected ObjectType in 0.073 ms
INFO - [G] 2025-04-13 18:36:04 :: INFO  :: TIMER :: [0389] Injected Center in 2.467 ms
INFO - [G] 2025-04-13 18:36:04 :: INFO  :: TIMER :: [0009] Injected Undiscovered Sprite in 0.018 ms
INFO - [G] 2025-04-13 18:36:04 :: INFO  :: TIMER :: [0029] Injected Blind in 0.049 ms
INFO - [G] 2025-04-13 18:36:04 :: INFO  :: TIMER :: [0006] Injected Seal in 0.131 ms
INFO - [G] 2025-04-13 18:36:04 :: INFO  :: TIMER :: [0004] Injected Suit in 0.056 ms
INFO - [G] 2025-04-13 18:36:04 :: INFO  :: TIMER :: [0013] Injected Rank in 0.160 ms
INFO - [G] 2025-04-13 18:36:04 :: INFO  :: TIMER :: [0028] Injected DeckSkin in 0.147 ms
INFO - [G] 2025-04-13 18:36:04 :: INFO  :: TIMER :: [0016] Injected PokerHand in 0.098 ms
INFO - [G] 2025-04-13 18:36:04 :: INFO  :: TIMER :: [0031] Injected Challenge in 0.032 ms
INFO - [G] 2025-04-13 18:36:04 :: INFO  :: TIMER :: [0028] Injected Tag in 0.039 ms
INFO - [G] 2025-04-13 18:36:04 :: INFO  :: TIMER :: [0010] Injected Sticker in 0.258 ms
INFO - [G] 2025-04-13 18:36:05 :: INFO  :: TIMER :: [0009] Injected Shader in 175.069 ms
INFO - [G] 2025-04-13 18:36:05 :: INFO  :: TIMER :: [0002] Injected Keybind in 0.009 ms
INFO - [G] 2025-04-13 18:36:05 :: INFO  :: TIMER :: [0021] Injected Achievement in 0.073 ms
INFO - [G] 2025-04-13 18:36:05 :: INFO  :: TIMER :: [0002] Injected nil in 0.006 ms
INFO - [G] 2025-04-13 18:36:05 :: INFO  :: TIMER :: [0023] Injected Draw Step in 0.031 ms
INFO - [G] 2025-04-13 18:36:05 :: INFO  :: TIMER :: [0000] Injected [INTERNAL] in 12.134 ms
INFO - [G] 2025-04-13 18:36:05 :: INFO  :: TIMER :: [0010] Injected Other in 0.022 ms
INFO - [♥] Applied 1 patch to '=[SMODS _ "smods-https-thread.lua"]'
INFO - [G] 2025-04-13 18:36:10 :: DEBUG :: SMODS.https(1) :: Using https module backend
INFO - [G] ERROR LOADING GAME: Card area 'shop_jokers' not instantiated before load
INFO - [G] ERROR LOADING GAME: Card area 'shop_vouchers' not instantiated before load
INFO - [G] ERROR LOADING GAME: Card area 'shop_booster' not instantiated before load
INFO - [♥] Applied 1 patch to '=[SMODS _ "smods-https-thread.lua"]'
INFO - [G] 2025-04-13 18:37:11 :: DEBUG :: SMODS.https(2) :: Using https module backend
INFO - [♥] Applied 1 patch to '=[SMODS _ "smods-https-thread.lua"]'
INFO - [G] 2025-04-13 18:38:12 :: DEBUG :: SMODS.https(3) :: Using https module backend
INFO - [♥] Applied 1 patch to '=[SMODS _ "smods-https-thread.lua"]'
INFO - [G] 2025-04-13 18:39:13 :: DEBUG :: SMODS.https(4) :: Using https module backend
INFO - [♥] Applied 1 patch to '=[SMODS _ "smods-https-thread.lua"]'
INFO - [G] 2025-04-13 18:40:14 :: DEBUG :: SMODS.https(5) :: Using https module backend
INFO - [♥] Applied 1 patch to '=[SMODS _ "smods-https-thread.lua"]'
INFO - [G] 2025-04-13 18:41:14 :: DEBUG :: SMODS.https(6) :: Using https module backend
INFO - [♥] Applied 1 patch to '=[SMODS _ "smods-https-thread.lua"]'
INFO - [G] 2025-04-13 18:42:14 :: DEBUG :: SMODS.https(7) :: Using https module backend
INFO - [♥] Applied 1 patch to '=[SMODS _ "smods-https-thread.lua"]'
INFO - [G] 2025-04-13 18:43:14 :: DEBUG :: SMODS.https(8) :: Using https module backend
INFO - [♥] Applied 1 patch to '=[SMODS _ "smods-https-thread.lua"]'
INFO - [G] 2025-04-13 18:44:15 :: DEBUG :: SMODS.https(9) :: Using https module backend
INFO - [♥] Applied 1 patch to '=[SMODS _ "smods-https-thread.lua"]'
INFO - [G] 2025-04-13 18:45:15 :: DEBUG :: SMODS.https(10) :: Using https module backend
INFO - [♥] Applied 1 patch to '=[SMODS _ "smods-https-thread.lua"]'
INFO - [G] 2025-04-13 18:46:15 :: DEBUG :: SMODS.https(11) :: Using https module backend
INFO - [♥] Applied 1 patch to '=[SMODS _ "smods-https-thread.lua"]'
INFO - [G] 2025-04-13 18:47:15 :: DEBUG :: SMODS.https(12) :: Using https module backend
INFO - [♥] Applied 1 patch to '=[SMODS _ "smods-https-thread.lua"]'
INFO - [G] 2025-04-13 18:48:16 :: DEBUG :: SMODS.https(13) :: Using https module backend
INFO - [♥] Applied 1 patch to '=[SMODS _ "smods-https-thread.lua"]'
INFO - [G] 2025-04-13 18:49:16 :: DEBUG :: SMODS.https(14) :: Using https module backend
INFO - [♥] Applied 1 patch to '=[SMODS _ "smods-https-thread.lua"]'
INFO - [G] 2025-04-13 18:50:16 :: DEBUG :: SMODS.https(15) :: Using https module backend
INFO - [♥] Applied 1 patch to '=[SMODS _ "smods-https-thread.lua"]'
INFO - [G] 2025-04-13 18:51:16 :: DEBUG :: SMODS.https(16) :: Using https module backend
INFO - [♥] Applied 1 patch to '=[SMODS _ "smods-https-thread.lua"]'
INFO - [G] 2025-04-13 18:52:17 :: DEBUG :: SMODS.https(17) :: Using https module backend
INFO - [♥] Applied 1 patch to '=[SMODS _ "smods-https-thread.lua"]'
INFO - [G] 2025-04-13 18:53:17 :: DEBUG :: SMODS.https(18) :: Using https module backend
INFO - [♥] Applied 1 patch to '=[SMODS _ "smods-https-thread.lua"]'
INFO - [G] 2025-04-13 18:54:17 :: DEBUG :: SMODS.https(19) :: Using https module backend
INFO - [♥] Applied 1 patch to '=[SMODS _ "smods-https-thread.lua"]'
INFO - [G] 2025-04-13 18:55:18 :: DEBUG :: SMODS.https(20) :: Using https module backend
INFO - [♥] Applied 1 patch to '=[SMODS _ "smods-https-thread.lua"]'
INFO - [G] 2025-04-13 18:56:18 :: DEBUG :: SMODS.https(21) :: Using https module backend
INFO - [♥] Applied 1 patch to '=[SMODS _ "smods-https-thread.lua"]'
INFO - [G] 2025-04-13 18:57:18 :: DEBUG :: SMODS.https(22) :: Using https module backend
INFO - [♥] Applied 1 patch to '=[SMODS _ "smods-https-thread.lua"]'
INFO - [G] 2025-04-13 18:58:18 :: DEBUG :: SMODS.https(23) :: Using https module backend
INFO - [♥] Applied 1 patch to '=[SMODS _ "smods-https-thread.lua"]'
INFO - [G] 2025-04-13 18:59:19 :: DEBUG :: SMODS.https(24) :: Using https module backend
INFO - [♥] Applied 1 patch to '=[SMODS _ "smods-https-thread.lua"]'
INFO - [G] 2025-04-13 19:00:19 :: DEBUG :: SMODS.https(25) :: Using https module backend
INFO - [♥] Applied 1 patch to '=[SMODS _ "smods-https-thread.lua"]'
INFO - [G] 2025-04-13 19:01:19 :: DEBUG :: SMODS.https(26) :: Using https module backend
INFO - [♥] Applied 1 patch to '=[SMODS _ "smods-https-thread.lua"]'
INFO - [G] 2025-04-13 19:02:19 :: DEBUG :: SMODS.https(27) :: Using https module backend
INFO - [♥] Applied 1 patch to '=[SMODS _ "smods-https-thread.lua"]'
INFO - [G] 2025-04-13 19:03:20 :: DEBUG :: SMODS.https(28) :: Using https module backend
INFO - [♥] Applied 1 patch to '=[SMODS _ "smods-https-thread.lua"]'
INFO - [G] 2025-04-13 19:04:20 :: DEBUG :: SMODS.https(29) :: Using https module backend
INFO - [♥] Applied 1 patch to '=[SMODS _ "smods-https-thread.lua"]'
INFO - [G] 2025-04-13 19:05:20 :: DEBUG :: SMODS.https(30) :: Using https module backend
INFO - [♥] Applied 1 patch to '=[SMODS _ "smods-https-thread.lua"]'
INFO - [G] 2025-04-13 19:06:20 :: DEBUG :: SMODS.https(31) :: Using https module backend
INFO - [♥] Applied 1 patch to '=[SMODS _ "smods-https-thread.lua"]'
INFO - [G] 2025-04-13 19:07:21 :: DEBUG :: SMODS.https(32) :: Using https module backend
INFO - [♥] Applied 1 patch to '=[SMODS _ "smods-https-thread.lua"]'
INFO - [G] 2025-04-13 19:08:21 :: DEBUG :: SMODS.https(33) :: Using https module backend
INFO - [♥] Applied 1 patch to '=[SMODS _ "smods-https-thread.lua"]'
INFO - [G] 2025-04-13 19:09:21 :: DEBUG :: SMODS.https(34) :: Using https module backend
INFO - [♥] Applied 1 patch to '=[SMODS _ "smods-https-thread.lua"]'
INFO - [G] 2025-04-13 19:10:21 :: DEBUG :: SMODS.https(35) :: Using https module backend
INFO - [♥] Applied 1 patch to '=[SMODS _ "smods-https-thread.lua"]'
INFO - [G] 2025-04-13 19:11:22 :: DEBUG :: SMODS.https(36) :: Using https module backend
INFO - [♥] Applied 1 patch to '=[SMODS _ "smods-https-thread.lua"]'
INFO - [G] 2025-04-13 19:12:22 :: DEBUG :: SMODS.https(37) :: Using https module backend
INFO - [♥] Applied 1 patch to '=[SMODS _ "smods-https-thread.lua"]'
INFO - [G] 2025-04-13 19:13:22 :: DEBUG :: SMODS.https(38) :: Using https module backend
INFO - [♥] Applied 1 patch to '=[SMODS _ "smods-https-thread.lua"]'
INFO - [G] 2025-04-13 19:14:22 :: DEBUG :: SMODS.https(39) :: Using https module backend
INFO - [♥] Applied 1 patch to '=[SMODS _ "smods-https-thread.lua"]'
INFO - [G] 2025-04-13 19:15:23 :: DEBUG :: SMODS.https(40) :: Using https module backend
INFO - [♥] Applied 1 patch to '=[SMODS _ "smods-https-thread.lua"]'
INFO - [G] 2025-04-13 19:16:23 :: DEBUG :: SMODS.https(41) :: Using https module backend
INFO - [♥] Applied 1 patch to '=[SMODS _ "smods-https-thread.lua"]'
INFO - [G] 2025-04-13 19:17:23 :: DEBUG :: SMODS.https(42) :: Using https module backend
INFO - [♥] Applied 1 patch to '=[SMODS _ "smods-https-thread.lua"]'
INFO - [G] 2025-04-13 19:18:24 :: DEBUG :: SMODS.https(43) :: Using https module backend
INFO - [♥] Applied 1 patch to '=[SMODS _ "smods-https-thread.lua"]'
INFO - [G] 2025-04-13 19:19:24 :: DEBUG :: SMODS.https(44) :: Using https module backend
INFO - [♥] Applied 1 patch to '=[SMODS _ "smods-https-thread.lua"]'
INFO - [G] 2025-04-13 19:20:24 :: DEBUG :: SMODS.https(45) :: Using https module backend
INFO - [♥] Applied 1 patch to '=[SMODS _ "smods-https-thread.lua"]'
INFO - [G] 2025-04-13 19:21:24 :: DEBUG :: SMODS.https(46) :: Using https module backend
INFO - [♥] Applied 1 patch to '=[SMODS _ "smods-https-thread.lua"]'
INFO - [G] 2025-04-13 19:22:25 :: DEBUG :: SMODS.https(47) :: Using https module backend
INFO - [♥] Applied 1 patch to '=[SMODS _ "smods-https-thread.lua"]'
INFO - [G] 2025-04-13 19:23:25 :: DEBUG :: SMODS.https(48) :: Using https module backend
INFO - [♥] Applied 1 patch to '=[SMODS _ "smods-https-thread.lua"]'
INFO - [G] 2025-04-13 19:24:25 :: DEBUG :: SMODS.https(49) :: Using https module backend
INFO - [♥] Applied 1 patch to '=[SMODS _ "smods-https-thread.lua"]'
INFO - [G] 2025-04-13 19:25:25 :: DEBUG :: SMODS.https(50) :: Using https module backend
INFO - [♥] Applied 1 patch to '=[SMODS _ "smods-https-thread.lua"]'
INFO - [G] 2025-04-13 19:26:26 :: DEBUG :: SMODS.https(51) :: Using https module backend
INFO - [♥] Applied 1 patch to '=[SMODS _ "smods-https-thread.lua"]'
INFO - [G] 2025-04-13 19:27:26 :: DEBUG :: SMODS.https(52) :: Using https module backend
INFO - [♥] Applied 1 patch to '=[SMODS _ "smods-https-thread.lua"]'
INFO - [G] 2025-04-13 19:28:26 :: DEBUG :: SMODS.https(53) :: Using https module backend
INFO - [♥] Applied 1 patch to '=[SMODS _ "smods-https-thread.lua"]'
INFO - [G] 2025-04-13 19:29:26 :: DEBUG :: SMODS.https(54) :: Using https module backend
INFO - [♥] Applied 1 patch to '=[SMODS _ "smods-https-thread.lua"]'
INFO - [G] 2025-04-13 19:30:27 :: DEBUG :: SMODS.https(55) :: Using https module backend
INFO - [♥] Applied 1 patch to '=[SMODS _ "smods-https-thread.lua"]'
INFO - [G] 2025-04-13 19:31:27 :: DEBUG :: SMODS.https(56) :: Using https module backend
INFO - [♥] Applied 1 patch to '=[SMODS _ "smods-https-thread.lua"]'
INFO - [G] 2025-04-13 19:32:27 :: DEBUG :: SMODS.https(57) :: Using https module backend
INFO - [♥] Applied 1 patch to '=[SMODS _ "smods-https-thread.lua"]'
INFO - [G] 2025-04-13 19:33:27 :: DEBUG :: SMODS.https(58) :: Using https module backend
INFO - [♥] Applied 1 patch to '=[SMODS _ "smods-https-thread.lua"]'
INFO - [G] 2025-04-13 19:34:28 :: DEBUG :: SMODS.https(59) :: Using https module backend
INFO - [♥] Applied 1 patch to '=[SMODS _ "smods-https-thread.lua"]'
INFO - [G] 2025-04-13 19:35:28 :: DEBUG :: SMODS.https(60) :: Using https module backend
INFO - [♥] Applied 1 patch to '=[SMODS _ "smods-https-thread.lua"]'
INFO - [G] 2025-04-13 19:36:28 :: DEBUG :: SMODS.https(61) :: Using https module backend
INFO - [♥] Applied 1 patch to '=[SMODS _ "smods-https-thread.lua"]'
INFO - [G] 2025-04-13 19:37:28 :: DEBUG :: SMODS.https(62) :: Using https module backend
INFO - [♥] Applied 1 patch to '=[SMODS _ "smods-https-thread.lua"]'
INFO - [G] 2025-04-13 19:38:29 :: DEBUG :: SMODS.https(63) :: Using https module backend
INFO - [♥] Applied 1 patch to '=[SMODS _ "smods-https-thread.lua"]'
INFO - [G] 2025-04-13 19:39:29 :: DEBUG :: SMODS.https(64) :: Using https module backend
INFO - [♥] Applied 1 patch to '=[SMODS _ "smods-https-thread.lua"]'
INFO - [G] 2025-04-13 19:40:29 :: DEBUG :: SMODS.https(65) :: Using https module backend
INFO - [♥] Applied 1 patch to '=[SMODS _ "smods-https-thread.lua"]'
INFO - [G] 2025-04-13 19:41:30 :: DEBUG :: SMODS.https(66) :: Using https module backend
INFO - [♥] Applied 1 patch to '=[SMODS _ "smods-https-thread.lua"]'
INFO - [G] 2025-04-13 19:42:30 :: DEBUG :: SMODS.https(67) :: Using https module backend
INFO - [♥] Applied 1 patch to '=[SMODS _ "smods-https-thread.lua"]'
INFO - [G] 2025-04-13 19:43:30 :: DEBUG :: SMODS.https(68) :: Using https module backend
INFO - [♥] Applied 1 patch to '=[SMODS _ "smods-https-thread.lua"]'
INFO - [G] 2025-04-13 19:44:30 :: DEBUG :: SMODS.https(69) :: Using https module backend
INFO - [♥] Applied 1 patch to '=[SMODS _ "smods-https-thread.lua"]'
INFO - [G] 2025-04-13 19:45:31 :: DEBUG :: SMODS.https(70) :: Using https module backend
INFO - [♥] Applied 1 patch to '=[SMODS _ "smods-https-thread.lua"]'
INFO - [G] 2025-04-13 19:46:31 :: DEBUG :: SMODS.https(71) :: Using https module backend
INFO - [♥] Applied 1 patch to '=[SMODS _ "smods-https-thread.lua"]'
INFO - [G] 2025-04-13 19:47:31 :: DEBUG :: SMODS.https(72) :: Using https module backend
INFO - [♥] Applied 1 patch to '=[SMODS _ "smods-https-thread.lua"]'
INFO - [G] 2025-04-13 19:48:31 :: DEBUG :: SMODS.https(73) :: Using https module backend
INFO - [♥] Applied 1 patch to '=[SMODS _ "smods-https-thread.lua"]'
INFO - [G] 2025-04-13 19:49:32 :: DEBUG :: SMODS.https(74) :: Using https module backend
INFO - [♥] Applied 1 patch to '=[SMODS _ "smods-https-thread.lua"]'
INFO - [G] 2025-04-13 19:50:32 :: DEBUG :: SMODS.https(75) :: Using https module backend
INFO - [♥] Applied 1 patch to '=[SMODS _ "smods-https-thread.lua"]'
INFO - [G] 2025-04-13 19:51:32 :: DEBUG :: SMODS.https(76) :: Using https module backend
INFO - [♥] Applied 1 patch to '=[SMODS _ "smods-https-thread.lua"]'
INFO - [G] 2025-04-13 19:52:32 :: DEBUG :: SMODS.https(77) :: Using https module backend
INFO - [♥] Applied 1 patch to '=[SMODS _ "smods-https-thread.lua"]'
INFO - [G] 2025-04-13 19:53:33 :: DEBUG :: SMODS.https(78) :: Using https module backend
INFO - [♥] Applied 1 patch to '=[SMODS _ "smods-https-thread.lua"]'
INFO - [G] 2025-04-13 19:54:33 :: DEBUG :: SMODS.https(79) :: Using https module backend
INFO - [♥] Applied 1 patch to '=[SMODS _ "smods-https-thread.lua"]'
INFO - [G] 2025-04-13 19:55:33 :: DEBUG :: SMODS.https(80) :: Using https module backend
INFO - [♥] Applied 1 patch to '=[SMODS _ "smods-https-thread.lua"]'
INFO - [G] 2025-04-13 19:56:33 :: DEBUG :: SMODS.https(81) :: Using https module backend
INFO - [♥] Applied 1 patch to '=[SMODS _ "smods-https-thread.lua"]'
INFO - [G] 2025-04-13 19:57:34 :: DEBUG :: SMODS.https(82) :: Using https module backend
INFO - [♥] Applied 1 patch to '=[SMODS _ "smods-https-thread.lua"]'
INFO - [G] 2025-04-13 19:58:34 :: DEBUG :: SMODS.https(83) :: Using https module backend
INFO - [♥] Applied 1 patch to '=[SMODS _ "smods-https-thread.lua"]'
INFO - [G] 2025-04-13 19:59:34 :: DEBUG :: SMODS.https(84) :: Using https module backend
INFO - [♥] Applied 1 patch to '=[SMODS _ "smods-https-thread.lua"]'
INFO - [G] 2025-04-13 20:00:34 :: DEBUG :: SMODS.https(85) :: Using https module backend
INFO - [♥] Applied 1 patch to '=[SMODS _ "smods-https-thread.lua"]'
INFO - [G] 2025-04-13 20:01:35 :: DEBUG :: SMODS.https(86) :: Using https module backend
INFO - [♥] Applied 1 patch to '=[SMODS _ "smods-https-thread.lua"]'
INFO - [G] 2025-04-13 20:02:35 :: DEBUG :: SMODS.https(87) :: Using https module backend
INFO - [♥] Applied 1 patch to '=[SMODS _ "smods-https-thread.lua"]'
INFO - [G] 2025-04-13 20:03:35 :: DEBUG :: SMODS.https(88) :: Using https module backend
INFO - [♥] Applied 1 patch to '=[SMODS _ "smods-https-thread.lua"]'
INFO - [G] 2025-04-13 20:04:36 :: DEBUG :: SMODS.https(89) :: Using https module backend
INFO - [♥] Applied 1 patch to '=[SMODS _ "smods-https-thread.lua"]'
INFO - [G] 2025-04-13 20:05:36 :: DEBUG :: SMODS.https(90) :: Using https module backend
INFO - [♥] Applied 1 patch to '=[SMODS _ "smods-https-thread.lua"]'
INFO - [G] 2025-04-13 20:06:36 :: DEBUG :: SMODS.https(91) :: Using https module backend
INFO - [♥] Applied 1 patch to '=[SMODS _ "smods-https-thread.lua"]'
INFO - [G] 2025-04-13 20:07:36 :: DEBUG :: SMODS.https(92) :: Using https module backend
INFO - [♥] Applied 1 patch to '=[SMODS _ "smods-https-thread.lua"]'
INFO - [G] 2025-04-13 20:08:37 :: DEBUG :: SMODS.https(93) :: Using https module backend
INFO - [♥] Applied 1 patch to '=[SMODS _ "smods-https-thread.lua"]'
INFO - [G] 2025-04-13 20:09:37 :: DEBUG :: SMODS.https(94) :: Using https module backend
INFO - [♥] Applied 1 patch to '=[SMODS _ "smods-https-thread.lua"]'
INFO - [G] 2025-04-13 20:10:37 :: DEBUG :: SMODS.https(95) :: Using https module backend
INFO - [♥] Applied 1 patch to '=[SMODS _ "smods-https-thread.lua"]'
INFO - [G] 2025-04-13 20:11:37 :: DEBUG :: SMODS.https(96) :: Using https module backend
INFO - [♥] Applied 1 patch to '=[SMODS _ "smods-https-thread.lua"]'
INFO - [G] 2025-04-13 20:12:38 :: DEBUG :: SMODS.https(97) :: Using https module backend
INFO - [♥] Applied 1 patch to '=[SMODS _ "smods-https-thread.lua"]'
INFO - [G] 2025-04-13 20:13:38 :: DEBUG :: SMODS.https(98) :: Using https module backend
INFO - [♥] Applied 1 patch to '=[SMODS _ "smods-https-thread.lua"]'
INFO - [G] 2025-04-13 20:14:38 :: DEBUG :: SMODS.https(99) :: Using https module backend
INFO - [♥] Applied 1 patch to '=[SMODS _ "smods-https-thread.lua"]'
INFO - [G] 2025-04-13 20:15:38 :: DEBUG :: SMODS.https(100) :: Using https module backend
INFO - [♥] Applied 1 patch to '=[SMODS _ "smods-https-thread.lua"]'
INFO - [G] 2025-04-13 20:16:39 :: DEBUG :: SMODS.https(101) :: Using https module backend
INFO - [♥] Applied 1 patch to '=[SMODS _ "smods-https-thread.lua"]'
INFO - [G] 2025-04-13 20:17:39 :: DEBUG :: SMODS.https(102) :: Using https module backend
INFO - [♥] Applied 1 patch to '=[SMODS _ "smods-https-thread.lua"]'
INFO - [G] 2025-04-13 20:18:39 :: DEBUG :: SMODS.https(103) :: Using https module backend
INFO - [♥] Applied 1 patch to '=[SMODS _ "smods-https-thread.lua"]'
INFO - [G] 2025-04-13 20:19:39 :: DEBUG :: SMODS.https(104) :: Using https module backend
INFO - [♥] Applied 1 patch to '=[SMODS _ "smods-https-thread.lua"]'
INFO - [G] 2025-04-13 20:20:40 :: DEBUG :: SMODS.https(105) :: Using https module backend
INFO - [♥] Applied 1 patch to '=[SMODS _ "smods-https-thread.lua"]'
INFO - [G] 2025-04-13 20:21:40 :: DEBUG :: SMODS.https(106) :: Using https module backend
INFO - [♥] Applied 1 patch to '=[SMODS _ "smods-https-thread.lua"]'
INFO - [G] 2025-04-13 20:22:40 :: DEBUG :: SMODS.https(107) :: Using https module backend
INFO - [♥] Applied 1 patch to '=[SMODS _ "smods-https-thread.lua"]'
INFO - [G] 2025-04-13 20:23:40 :: DEBUG :: SMODS.https(108) :: Using https module backend
INFO - [♥] Applied 1 patch to '=[SMODS _ "smods-https-thread.lua"]'
INFO - [G] 2025-04-13 20:24:41 :: DEBUG :: SMODS.https(109) :: Using https module backend
INFO - [♥] Applied 1 patch to '=[SMODS _ "smods-https-thread.lua"]'
INFO - [G] 2025-04-13 20:25:41 :: DEBUG :: SMODS.https(110) :: Using https module backend
INFO - [♥] Applied 1 patch to '=[SMODS _ "smods-https-thread.lua"]'
INFO - [G] 2025-04-13 20:26:41 :: DEBUG :: SMODS.https(111) :: Using https module backend
INFO - [♥] Applied 1 patch to '=[SMODS _ "smods-https-thread.lua"]'
INFO - [G] 2025-04-13 20:27:42 :: DEBUG :: SMODS.https(112) :: Using https module backend
INFO - [♥] Applied 1 patch to '=[SMODS _ "smods-https-thread.lua"]'
INFO - [G] 2025-04-13 20:28:42 :: DEBUG :: SMODS.https(113) :: Using https module backend
INFO - [♥] Applied 1 patch to '=[SMODS _ "smods-https-thread.lua"]'
INFO - [G] 2025-04-13 20:29:42 :: DEBUG :: SMODS.https(114) :: Using https module backend
INFO - [♥] Applied 1 patch to '=[SMODS _ "smods-https-thread.lua"]'
INFO - [G] 2025-04-13 20:30:42 :: DEBUG :: SMODS.https(115) :: Using https module backend
INFO - [♥] Applied 1 patch to '=[SMODS _ "smods-https-thread.lua"]'
INFO - [G] 2025-04-13 20:31:43 :: DEBUG :: SMODS.https(116) :: Using https module backend
INFO - [♥] Applied 1 patch to '=[SMODS _ "smods-https-thread.lua"]'
INFO - [G] 2025-04-13 20:32:43 :: DEBUG :: SMODS.https(117) :: Using https module backend
INFO - [♥] Applied 1 patch to '=[SMODS _ "smods-https-thread.lua"]'
INFO - [G] 2025-04-13 20:33:43 :: DEBUG :: SMODS.https(118) :: Using https module backend
INFO - [♥] Applied 1 patch to '=[SMODS _ "smods-https-thread.lua"]'
INFO - [G] 2025-04-13 20:34:43 :: DEBUG :: SMODS.https(119) :: Using https module backend
INFO - [♥] Applied 1 patch to '=[SMODS _ "smods-https-thread.lua"]'
INFO - [G] 2025-04-13 20:35:44 :: DEBUG :: SMODS.https(120) :: Using https module backend
INFO - [♥] Applied 1 patch to '=[SMODS _ "smods-https-thread.lua"]'
INFO - [G] 2025-04-13 20:36:44 :: DEBUG :: SMODS.https(121) :: Using https module backend
INFO - [♥] Applied 1 patch to '=[SMODS _ "smods-https-thread.lua"]'
INFO - [G] 2025-04-13 20:37:44 :: DEBUG :: SMODS.https(122) :: Using https module backend
INFO - [♥] Applied 1 patch to '=[SMODS _ "smods-https-thread.lua"]'
INFO - [G] 2025-04-13 20:38:44 :: DEBUG :: SMODS.https(123) :: Using https module backend
INFO - [♥] Applied 1 patch to '=[SMODS _ "smods-https-thread.lua"]'
INFO - [G] 2025-04-13 20:39:45 :: DEBUG :: SMODS.https(124) :: Using https module backend
INFO - [♥] Applied 1 patch to '=[SMODS _ "smods-https-thread.lua"]'
INFO - [G] 2025-04-13 20:40:45 :: DEBUG :: SMODS.https(125) :: Using https module backend
INFO - [♥] Applied 1 patch to '=[SMODS _ "smods-https-thread.lua"]'
INFO - [G] 2025-04-13 20:41:45 :: DEBUG :: SMODS.https(126) :: Using https module backend
INFO - [♥] Applied 1 patch to '=[SMODS _ "smods-https-thread.lua"]'
INFO - [G] 2025-04-13 20:42:45 :: DEBUG :: SMODS.https(127) :: Using https module backend
INFO - [♥] Applied 1 patch to '=[SMODS _ "smods-https-thread.lua"]'
INFO - [G] 2025-04-13 20:43:46 :: DEBUG :: SMODS.https(128) :: Using https module backend
INFO - [♥] Applied 1 patch to '=[SMODS _ "smods-https-thread.lua"]'
INFO - [G] 2025-04-13 20:44:46 :: DEBUG :: SMODS.https(129) :: Using https module backend
INFO - [♥] Applied 1 patch to '=[SMODS _ "smods-https-thread.lua"]'
INFO - [G] 2025-04-13 20:45:46 :: DEBUG :: SMODS.https(130) :: Using https module backend
INFO - [♥] Applied 1 patch to '=[SMODS _ "smods-https-thread.lua"]'
INFO - [G] 2025-04-13 20:46:46 :: DEBUG :: SMODS.https(131) :: Using https module backend
INFO - [♥] Applied 1 patch to '=[SMODS _ "smods-https-thread.lua"]'
INFO - [G] 2025-04-13 20:47:47 :: DEBUG :: SMODS.https(132) :: Using https module backend
INFO - [♥] Applied 1 patch to '=[SMODS _ "smods-https-thread.lua"]'
INFO - [G] 2025-04-13 20:48:47 :: DEBUG :: SMODS.https(133) :: Using https module backend
INFO - [♥] Applied 1 patch to '=[SMODS _ "smods-https-thread.lua"]'
INFO - [G] 2025-04-13 20:49:47 :: DEBUG :: SMODS.https(134) :: Using https module backend
INFO - [♥] Applied 1 patch to '=[SMODS _ "smods-https-thread.lua"]'
INFO - [G] 2025-04-13 20:50:48 :: DEBUG :: SMODS.https(135) :: Using https module backend
INFO - [♥] Applied 1 patch to '=[SMODS _ "smods-https-thread.lua"]'
INFO - [G] 2025-04-13 20:51:48 :: DEBUG :: SMODS.https(136) :: Using https module backend
INFO - [♥] Applied 1 patch to '=[SMODS _ "smods-https-thread.lua"]'
INFO - [G] 2025-04-13 20:52:48 :: DEBUG :: SMODS.https(137) :: Using https module backend
INFO - [♥] Applied 1 patch to '=[SMODS _ "smods-https-thread.lua"]'
INFO - [G] 2025-04-13 20:53:48 :: DEBUG :: SMODS.https(138) :: Using https module backend
INFO - [♥] Applied 1 patch to '=[SMODS _ "smods-https-thread.lua"]'
INFO - [G] 2025-04-13 20:54:49 :: DEBUG :: SMODS.https(139) :: Using https module backend
INFO - [♥] Applied 1 patch to '=[SMODS _ "smods-https-thread.lua"]'
INFO - [G] 2025-04-13 20:55:49 :: DEBUG :: SMODS.https(140) :: Using https module backend
INFO - [♥] Applied 1 patch to '=[SMODS _ "smods-https-thread.lua"]'
INFO - [G] 2025-04-13 20:56:49 :: DEBUG :: SMODS.https(141) :: Using https module backend
INFO - [♥] Applied 1 patch to '=[SMODS _ "smods-https-thread.lua"]'
INFO - [G] 2025-04-13 20:57:49 :: DEBUG :: SMODS.https(142) :: Using https module backend
INFO - [♥] Applied 1 patch to '=[SMODS _ "smods-https-thread.lua"]'
INFO - [G] 2025-04-13 20:58:50 :: DEBUG :: SMODS.https(143) :: Using https module backend
INFO - [♥] Applied 1 patch to '=[SMODS _ "smods-https-thread.lua"]'
INFO - [G] 2025-04-13 20:59:50 :: DEBUG :: SMODS.https(144) :: Using https module backend
INFO - [♥] Applied 1 patch to '=[SMODS _ "smods-https-thread.lua"]'
INFO - [G] 2025-04-13 21:00:50 :: DEBUG :: SMODS.https(145) :: Using https module backend
INFO - [♥] Applied 1 patch to '=[SMODS _ "smods-https-thread.lua"]'
INFO - [G] 2025-04-13 21:01:50 :: DEBUG :: SMODS.https(146) :: Using https module backend
INFO - [♥] Applied 1 patch to '=[SMODS _ "smods-https-thread.lua"]'
INFO - [G] 2025-04-13 21:02:51 :: DEBUG :: SMODS.https(147) :: Using https module backend
INFO - [♥] Applied 1 patch to '=[SMODS _ "smods-https-thread.lua"]'
INFO - [G] 2025-04-13 21:03:51 :: DEBUG :: SMODS.https(148) :: Using https module backend
INFO - [♥] Applied 1 patch to '=[SMODS _ "smods-https-thread.lua"]'
INFO - [G] 2025-04-13 21:04:51 :: DEBUG :: SMODS.https(149) :: Using https module backend
INFO - [♥] Applied 1 patch to '=[SMODS _ "smods-https-thread.lua"]'
INFO - [G] 2025-04-13 21:05:51 :: DEBUG :: SMODS.https(150) :: Using https module backend
INFO - [♥] Applied 1 patch to '=[SMODS _ "smods-https-thread.lua"]'
INFO - [G] 2025-04-13 21:06:52 :: DEBUG :: SMODS.https(151) :: Using https module backend
INFO - [♥] Applied 1 patch to '=[SMODS _ "smods-https-thread.lua"]'
INFO - [G] 2025-04-13 21:07:52 :: DEBUG :: SMODS.https(152) :: Using https module backend
INFO - [♥] Applied 1 patch to '=[SMODS _ "smods-https-thread.lua"]'
INFO - [G] 2025-04-13 21:08:52 :: DEBUG :: SMODS.https(153) :: Using https module backend
INFO - [♥] Applied 1 patch to '=[SMODS _ "smods-https-thread.lua"]'
INFO - [G] 2025-04-13 21:09:52 :: DEBUG :: SMODS.https(154) :: Using https module backend
INFO - [♥] Applied 1 patch to '=[SMODS _ "smods-https-thread.lua"]'
INFO - [G] 2025-04-13 21:10:53 :: DEBUG :: SMODS.https(155) :: Using https module backend
INFO - [♥] Applied 1 patch to '=[SMODS _ "smods-https-thread.lua"]'
INFO - [G] 2025-04-13 21:11:53 :: DEBUG :: SMODS.https(156) :: Using https module backend
INFO - [♥] Applied 1 patch to '=[SMODS _ "smods-https-thread.lua"]'
INFO - [G] 2025-04-13 21:12:53 :: DEBUG :: SMODS.https(157) :: Using https module backend
INFO - [♥] Applied 1 patch to '=[SMODS _ "smods-https-thread.lua"]'
INFO - [G] 2025-04-13 21:13:54 :: DEBUG :: SMODS.https(158) :: Using https module backend
INFO - [♥] Applied 1 patch to '=[SMODS _ "smods-https-thread.lua"]'
INFO - [G] 2025-04-13 21:14:54 :: DEBUG :: SMODS.https(159) :: Using https module backend
INFO - [♥] Applied 1 patch to '=[SMODS _ "smods-https-thread.lua"]'
INFO - [G] 2025-04-13 21:15:54 :: DEBUG :: SMODS.https(160) :: Using https module backend
INFO - [♥] Applied 1 patch to '=[SMODS _ "smods-https-thread.lua"]'
INFO - [G] 2025-04-13 21:16:54 :: DEBUG :: SMODS.https(161) :: Using https module backend
INFO - [♥] Applied 1 patch to '=[SMODS _ "smods-https-thread.lua"]'
INFO - [G] 2025-04-13 21:17:55 :: DEBUG :: SMODS.https(162) :: Using https module backend
INFO - [♥] Applied 1 patch to '=[SMODS _ "smods-https-thread.lua"]'
INFO - [G] 2025-04-13 21:18:55 :: DEBUG :: SMODS.https(163) :: Using https module backend
INFO - [♥] Applied 1 patch to '=[SMODS _ "smods-https-thread.lua"]'
INFO - [G] 2025-04-13 21:19:55 :: DEBUG :: SMODS.https(164) :: Using https module backend
INFO - [♥] Applied 1 patch to '=[SMODS _ "smods-https-thread.lua"]'
INFO - [G] 2025-04-13 21:20:55 :: DEBUG :: SMODS.https(165) :: Using https module backend
INFO - [♥] Applied 1 patch to '=[SMODS _ "smods-https-thread.lua"]'
INFO - [G] 2025-04-13 21:21:56 :: DEBUG :: SMODS.https(166) :: Using https module backend
INFO - [♥] Applied 1 patch to '=[SMODS _ "smods-https-thread.lua"]'
INFO - [G] 2025-04-13 21:22:56 :: DEBUG :: SMODS.https(167) :: Using https module backend
INFO - [♥] Applied 1 patch to '=[SMODS _ "smods-https-thread.lua"]'
INFO - [G] 2025-04-13 21:23:56 :: DEBUG :: SMODS.https(168) :: Using https module backend
INFO - [♥] Applied 1 patch to '=[SMODS _ "smods-https-thread.lua"]'
INFO - [G] 2025-04-13 21:24:56 :: DEBUG :: SMODS.https(169) :: Using https module backend
INFO - [♥] Applied 1 patch to '=[SMODS _ "smods-https-thread.lua"]'
INFO - [G] 2025-04-13 21:25:57 :: DEBUG :: SMODS.https(170) :: Using https module backend
INFO - [♥] Applied 1 patch to '=[SMODS _ "smods-https-thread.lua"]'
INFO - [G] 2025-04-13 21:26:57 :: DEBUG :: SMODS.https(171) :: Using https module backend
INFO - [♥] Applied 1 patch to '=[SMODS _ "smods-https-thread.lua"]'
INFO - [G] 2025-04-13 21:27:57 :: DEBUG :: SMODS.https(172) :: Using https module backend
INFO - [♥] Applied 1 patch to '=[SMODS _ "smods-https-thread.lua"]'
INFO - [G] 2025-04-13 21:28:57 :: DEBUG :: SMODS.https(173) :: Using https module backend
INFO - [♥] Applied 1 patch to '=[SMODS _ "smods-https-thread.lua"]'
INFO - [G] 2025-04-13 21:29:58 :: DEBUG :: SMODS.https(174) :: Using https module backend
INFO - [♥] Applied 1 patch to '=[SMODS _ "smods-https-thread.lua"]'
INFO - [G] 2025-04-13 21:30:58 :: DEBUG :: SMODS.https(175) :: Using https module backend
INFO - [♥] Applied 1 patch to '=[SMODS _ "smods-https-thread.lua"]'
INFO - [G] 2025-04-13 21:31:58 :: DEBUG :: SMODS.https(176) :: Using https module backend
INFO - [♥] Applied 1 patch to '=[SMODS _ "smods-https-thread.lua"]'
INFO - [G] 2025-04-13 21:32:58 :: DEBUG :: SMODS.https(177) :: Using https module backend
INFO - [♥] Applied 1 patch to '=[SMODS _ "smods-https-thread.lua"]'
INFO - [G] 2025-04-13 21:33:59 :: DEBUG :: SMODS.https(178) :: Using https module backend
INFO - [♥] Applied 1 patch to '=[SMODS _ "smods-https-thread.lua"]'
INFO - [G] 2025-04-13 21:34:59 :: DEBUG :: SMODS.https(179) :: Using https module backend
INFO - [♥] Applied 1 patch to '=[SMODS _ "smods-https-thread.lua"]'
INFO - [G] 2025-04-13 21:35:59 :: DEBUG :: SMODS.https(180) :: Using https module backend
INFO - [♥] Applied 1 patch to '=[SMODS _ "smods-https-thread.lua"]'
INFO - [G] 2025-04-13 21:37:00 :: DEBUG :: SMODS.https(181) :: Using https module backend
INFO - [♥] Applied 1 patch to '=[SMODS _ "smods-https-thread.lua"]'
INFO - [G] 2025-04-13 21:38:00 :: DEBUG :: SMODS.https(182) :: Using https module backend
INFO - [♥] Applied 1 patch to '=[SMODS _ "smods-https-thread.lua"]'
INFO - [G] 2025-04-13 21:39:00 :: DEBUG :: SMODS.https(183) :: Using https module backend
INFO - [♥] Applied 1 patch to '=[SMODS _ "smods-https-thread.lua"]'
INFO - [G] 2025-04-13 21:40:00 :: DEBUG :: SMODS.https(184) :: Using https module backend
INFO - [♥] Applied 1 patch to '=[SMODS _ "smods-https-thread.lua"]'
INFO - [G] 2025-04-13 21:41:01 :: DEBUG :: SMODS.https(185) :: Using https module backend
INFO - [♥] Applied 1 patch to '=[SMODS _ "smods-https-thread.lua"]'
INFO - [G] 2025-04-13 21:42:01 :: DEBUG :: SMODS.https(186) :: Using https module backend
INFO - [♥] Applied 1 patch to '=[SMODS _ "smods-https-thread.lua"]'
INFO - [G] 2025-04-13 21:43:01 :: DEBUG :: SMODS.https(187) :: Using https module backend
INFO - [♥] Applied 1 patch to '=[SMODS _ "smods-https-thread.lua"]'
INFO - [G] 2025-04-13 21:44:01 :: DEBUG :: SMODS.https(188) :: Using https module backend
INFO - [♥] Applied 1 patch to '=[SMODS _ "smods-https-thread.lua"]'
INFO - [G] 2025-04-13 21:45:02 :: DEBUG :: SMODS.https(189) :: Using https module backend
INFO - [♥] Applied 1 patch to '=[SMODS _ "smods-https-thread.lua"]'
INFO - [G] 2025-04-13 21:46:02 :: DEBUG :: SMODS.https(190) :: Using https module backend
INFO - [♥] Applied 1 patch to '=[SMODS _ "smods-https-thread.lua"]'
INFO - [G] 2025-04-13 21:47:02 :: DEBUG :: SMODS.https(191) :: Using https module backend
INFO - [♥] Applied 1 patch to '=[SMODS _ "smods-https-thread.lua"]'
INFO - [G] 2025-04-13 21:48:02 :: DEBUG :: SMODS.https(192) :: Using https module backend
INFO - [♥] Applied 1 patch to '=[SMODS _ "smods-https-thread.lua"]'
INFO - [G] 2025-04-13 21:49:03 :: DEBUG :: SMODS.https(193) :: Using https module backend
INFO - [♥] Applied 1 patch to '=[SMODS _ "smods-https-thread.lua"]'
INFO - [G] 2025-04-13 21:50:03 :: DEBUG :: SMODS.https(194) :: Using https module backend
INFO - [♥] Applied 1 patch to '=[SMODS _ "smods-https-thread.lua"]'
INFO - [G] 2025-04-13 21:51:03 :: DEBUG :: SMODS.https(195) :: Using https module backend
INFO - [♥] Applied 1 patch to '=[SMODS _ "smods-https-thread.lua"]'
INFO - [G] 2025-04-13 21:52:03 :: DEBUG :: SMODS.https(196) :: Using https module backend
INFO - [♥] Applied 1 patch to '=[SMODS _ "smods-https-thread.lua"]'
INFO - [G] 2025-04-13 21:53:04 :: DEBUG :: SMODS.https(197) :: Using https module backend
INFO - [♥] Applied 1 patch to '=[SMODS _ "smods-https-thread.lua"]'
INFO - [G] 2025-04-13 21:54:04 :: DEBUG :: SMODS.https(198) :: Using https module backend
INFO - [♥] Applied 1 patch to '=[SMODS _ "smods-https-thread.lua"]'
INFO - [G] 2025-04-13 21:55:04 :: DEBUG :: SMODS.https(199) :: Using https module backend
INFO - [♥] Applied 1 patch to '=[SMODS _ "smods-https-thread.lua"]'
INFO - [G] 2025-04-13 21:56:04 :: DEBUG :: SMODS.https(200) :: Using https module backend
INFO - [♥] Applied 1 patch to '=[SMODS _ "smods-https-thread.lua"]'
INFO - [G] 2025-04-13 21:57:05 :: DEBUG :: SMODS.https(201) :: Using https module backend
INFO - [♥] Applied 1 patch to '=[SMODS _ "smods-https-thread.lua"]'
INFO - [G] 2025-04-13 21:58:05 :: DEBUG :: SMODS.https(202) :: Using https module backend
INFO - [♥] Applied 1 patch to '=[SMODS _ "smods-https-thread.lua"]'
INFO - [G] 2025-04-13 21:59:05 :: DEBUG :: SMODS.https(203) :: Using https module backend
INFO - [♥] Applied 1 patch to '=[SMODS _ "smods-https-thread.lua"]'
INFO - [G] 2025-04-13 22:00:06 :: DEBUG :: SMODS.https(204) :: Using https module backend
INFO - [♥] Applied 1 patch to '=[SMODS _ "smods-https-thread.lua"]'
INFO - [G] 2025-04-13 22:01:06 :: DEBUG :: SMODS.https(205) :: Using https module backend
INFO - [♥] Applied 1 patch to '=[SMODS _ "smods-https-thread.lua"]'
INFO - [G] 2025-04-13 22:02:06 :: DEBUG :: SMODS.https(206) :: Using https module backend
INFO - [♥] Applied 1 patch to '=[SMODS _ "smods-https-thread.lua"]'
INFO - [G] 2025-04-13 22:03:06 :: DEBUG :: SMODS.https(207) :: Using https module backend
INFO - [♥] Applied 1 patch to '=[SMODS _ "smods-https-thread.lua"]'
INFO - [G] 2025-04-13 22:04:07 :: DEBUG :: SMODS.https(208) :: Using https module backend
INFO - [♥] Applied 1 patch to '=[SMODS _ "smods-https-thread.lua"]'
INFO - [G] 2025-04-13 22:05:07 :: DEBUG :: SMODS.https(209) :: Using https module backend
INFO - [♥] Applied 1 patch to '=[SMODS _ "smods-https-thread.lua"]'
INFO - [G] 2025-04-13 22:06:07 :: DEBUG :: SMODS.https(210) :: Using https module backend
INFO - [♥] Applied 1 patch to '=[SMODS _ "smods-https-thread.lua"]'
INFO - [G] 2025-04-13 22:07:07 :: DEBUG :: SMODS.https(211) :: Using https module backend
INFO - [♥] Applied 1 patch to '=[SMODS _ "smods-https-thread.lua"]'
INFO - [G] 2025-04-13 22:08:08 :: DEBUG :: SMODS.https(212) :: Using https module backend
INFO - [♥] Applied 1 patch to '=[SMODS _ "smods-https-thread.lua"]'
INFO - [G] 2025-04-13 22:09:08 :: DEBUG :: SMODS.https(213) :: Using https module backend
INFO - [♥] Applied 1 patch to '=[SMODS _ "smods-https-thread.lua"]'
INFO - [G] 2025-04-13 22:10:08 :: DEBUG :: SMODS.https(214) :: Using https module backend
INFO - [♥] Applied 1 patch to '=[SMODS _ "smods-https-thread.lua"]'
INFO - [G] 2025-04-13 22:11:08 :: DEBUG :: SMODS.https(215) :: Using https module backend
INFO - [♥] Applied 1 patch to '=[SMODS _ "smods-https-thread.lua"]'
INFO - [G] 2025-04-13 22:12:09 :: DEBUG :: SMODS.https(216) :: Using https module backend
INFO - [♥] Applied 1 patch to '=[SMODS _ "smods-https-thread.lua"]'
INFO - [G] 2025-04-13 22:13:09 :: DEBUG :: SMODS.https(217) :: Using https module backend
INFO - [♥] Applied 1 patch to '=[SMODS _ "smods-https-thread.lua"]'
INFO - [G] 2025-04-13 22:14:09 :: DEBUG :: SMODS.https(218) :: Using https module backend
INFO - [♥] Applied 1 patch to '=[SMODS _ "smods-https-thread.lua"]'
INFO - [G] 2025-04-13 22:15:09 :: DEBUG :: SMODS.https(219) :: Using https module backend
INFO - [♥] Applied 1 patch to '=[SMODS _ "smods-https-thread.lua"]'
INFO - [G] 2025-04-13 22:16:10 :: DEBUG :: SMODS.https(220) :: Using https module backend
INFO - [♥] Applied 1 patch to '=[SMODS _ "smods-https-thread.lua"]'
INFO - [G] 2025-04-13 22:17:10 :: DEBUG :: SMODS.https(221) :: Using https module backend
INFO - [♥] Applied 1 patch to '=[SMODS _ "smods-https-thread.lua"]'
INFO - [G] 2025-04-13 22:18:10 :: DEBUG :: SMODS.https(222) :: Using https module backend
INFO - [♥] Applied 1 patch to '=[SMODS _ "smods-https-thread.lua"]'
INFO - [G] 2025-04-13 22:19:10 :: DEBUG :: SMODS.https(223) :: Using https module backend
INFO - [♥] Applied 1 patch to '=[SMODS _ "smods-https-thread.lua"]'
INFO - [G] 2025-04-13 22:20:11 :: DEBUG :: SMODS.https(224) :: Using https module backend
INFO - [♥] Applied 1 patch to '=[SMODS _ "smods-https-thread.lua"]'
INFO - [G] 2025-04-13 22:21:11 :: DEBUG :: SMODS.https(225) :: Using https module backend
INFO - [♥] Applied 1 patch to '=[SMODS _ "smods-https-thread.lua"]'
INFO - [G] 2025-04-13 22:22:11 :: DEBUG :: SMODS.https(226) :: Using https module backend
INFO - [♥] Applied 1 patch to '=[SMODS _ "smods-https-thread.lua"]'
INFO - [G] 2025-04-13 22:23:12 :: DEBUG :: SMODS.https(227) :: Using https module backend
INFO - [♥] Applied 1 patch to '=[SMODS _ "smods-https-thread.lua"]'
INFO - [G] 2025-04-13 22:24:12 :: DEBUG :: SMODS.https(228) :: Using https module backend
INFO - [♥] Applied 1 patch to '=[SMODS _ "smods-https-thread.lua"]'
INFO - [G] 2025-04-13 22:25:12 :: DEBUG :: SMODS.https(229) :: Using https module backend
INFO - [♥] Applied 1 patch to '=[SMODS _ "smods-https-thread.lua"]'
INFO - [G] 2025-04-13 22:26:12 :: DEBUG :: SMODS.https(230) :: Using https module backend
INFO - [♥] Applied 1 patch to '=[SMODS _ "smods-https-thread.lua"]'
INFO - [G] 2025-04-13 22:27:13 :: DEBUG :: SMODS.https(231) :: Using https module backend
INFO - [♥] Applied 1 patch to '=[SMODS _ "smods-https-thread.lua"]'
INFO - [G] 2025-04-13 22:28:13 :: DEBUG :: SMODS.https(232) :: Using https module backend
INFO - [♥] Applied 1 patch to '=[SMODS _ "smods-https-thread.lua"]'
INFO - [G] 2025-04-13 22:29:13 :: DEBUG :: SMODS.https(233) :: Using https module backend
INFO - [♥] Applied 1 patch to '=[SMODS _ "smods-https-thread.lua"]'
INFO - [G] 2025-04-13 22:30:13 :: DEBUG :: SMODS.https(234) :: Using https module backend
INFO - [♥] Applied 1 patch to '=[SMODS _ "smods-https-thread.lua"]'
INFO - [G] 2025-04-13 22:31:14 :: DEBUG :: SMODS.https(235) :: Using https module backend
INFO - [♥] Applied 1 patch to '=[SMODS _ "smods-https-thread.lua"]'
INFO - [G] 2025-04-13 22:32:14 :: DEBUG :: SMODS.https(236) :: Using https module backend
INFO - [♥] Applied 1 patch to '=[SMODS _ "smods-https-thread.lua"]'
INFO - [G] 2025-04-13 22:33:14 :: DEBUG :: SMODS.https(237) :: Using https module backend
INFO - [♥] Applied 1 patch to '=[SMODS _ "smods-https-thread.lua"]'
INFO - [G] 2025-04-13 22:34:14 :: DEBUG :: SMODS.https(238) :: Using https module backend
INFO - [♥] Applied 1 patch to '=[SMODS _ "smods-https-thread.lua"]'
INFO - [G] 2025-04-13 22:35:15 :: DEBUG :: SMODS.https(239) :: Using https module backend
INFO - [♥] Applied 1 patch to '=[SMODS _ "smods-https-thread.lua"]'
INFO - [G] 2025-04-13 22:36:15 :: DEBUG :: SMODS.https(240) :: Using https module backend
INFO - [♥] Applied 1 patch to '=[SMODS _ "smods-https-thread.lua"]'
INFO - [G] 2025-04-13 22:37:15 :: DEBUG :: SMODS.https(241) :: Using https module backend
INFO - [♥] Applied 1 patch to '=[SMODS _ "smods-https-thread.lua"]'
INFO - [G] 2025-04-13 22:38:15 :: DEBUG :: SMODS.https(242) :: Using https module backend
INFO - [♥] Applied 1 patch to '=[SMODS _ "smods-https-thread.lua"]'
INFO - [G] 2025-04-13 22:39:16 :: DEBUG :: SMODS.https(243) :: Using https module backend
INFO - [♥] Applied 1 patch to '=[SMODS _ "smods-https-thread.lua"]'
INFO - [G] 2025-04-13 22:40:16 :: DEBUG :: SMODS.https(244) :: Using https module backend
INFO - [♥] Applied 1 patch to '=[SMODS _ "smods-https-thread.lua"]'
INFO - [G] 2025-04-13 22:41:16 :: DEBUG :: SMODS.https(245) :: Using https module backend
INFO - [♥] Applied 1 patch to '=[SMODS _ "smods-https-thread.lua"]'
INFO - [G] 2025-04-13 22:42:16 :: DEBUG :: SMODS.https(246) :: Using https module backend
INFO - [♥] Applied 1 patch to '=[SMODS _ "smods-https-thread.lua"]'
INFO - [G] 2025-04-13 22:43:17 :: DEBUG :: SMODS.https(247) :: Using https module backend
INFO - [♥] Applied 1 patch to '=[SMODS _ "smods-https-thread.lua"]'
INFO - [G] 2025-04-13 22:44:17 :: DEBUG :: SMODS.https(248) :: Using https module backend
INFO - [♥] Applied 1 patch to '=[SMODS _ "smods-https-thread.lua"]'
INFO - [G] 2025-04-13 22:45:17 :: DEBUG :: SMODS.https(249) :: Using https module backend
INFO - [♥] Applied 1 patch to '=[SMODS _ "smods-https-thread.lua"]'
INFO - [G] 2025-04-13 22:46:18 :: DEBUG :: SMODS.https(250) :: Using https module backend
INFO - [♥] Applied 1 patch to '=[SMODS _ "smods-https-thread.lua"]'
INFO - [G] 2025-04-13 22:47:18 :: DEBUG :: SMODS.https(251) :: Using https module backend
INFO - [♥] Applied 1 patch to '=[SMODS _ "smods-https-thread.lua"]'
INFO - [G] 2025-04-13 22:48:18 :: DEBUG :: SMODS.https(252) :: Using https module backend
INFO - [♥] Applied 1 patch to '=[SMODS _ "smods-https-thread.lua"]'
INFO - [G] 2025-04-13 22:49:18 :: DEBUG :: SMODS.https(253) :: Using https module backend
INFO - [♥] Applied 1 patch to '=[SMODS _ "smods-https-thread.lua"]'
INFO - [G] 2025-04-13 22:50:19 :: DEBUG :: SMODS.https(254) :: Using https module backend
INFO - [♥] Applied 1 patch to '=[SMODS _ "smods-https-thread.lua"]'
INFO - [G] 2025-04-13 22:51:19 :: DEBUG :: SMODS.https(255) :: Using https module backend
INFO - [♥] Applied 1 patch to '=[SMODS _ "smods-https-thread.lua"]'
INFO - [G] 2025-04-13 22:52:19 :: DEBUG :: SMODS.https(256) :: Using https module backend
INFO - [♥] Applied 1 patch to '=[SMODS _ "smods-https-thread.lua"]'
INFO - [G] 2025-04-13 22:53:19 :: DEBUG :: SMODS.https(257) :: Using https module backend
INFO - [♥] Applied 1 patch to '=[SMODS _ "smods-https-thread.lua"]'
INFO - [G] 2025-04-13 22:54:20 :: DEBUG :: SMODS.https(258) :: Using https module backend
INFO - [♥] Applied 1 patch to '=[SMODS _ "smods-https-thread.lua"]'
INFO - [G] 2025-04-13 22:55:20 :: DEBUG :: SMODS.https(259) :: Using https module backend
INFO - [♥] Applied 1 patch to '=[SMODS _ "smods-https-thread.lua"]'
INFO - [G] 2025-04-13 22:56:20 :: DEBUG :: SMODS.https(260) :: Using https module backend
INFO - [♥] Applied 1 patch to '=[SMODS _ "smods-https-thread.lua"]'
INFO - [G] 2025-04-13 22:57:20 :: DEBUG :: SMODS.https(261) :: Using https module backend
INFO - [♥] Applied 1 patch to '=[SMODS _ "smods-https-thread.lua"]'
INFO - [G] 2025-04-13 22:58:21 :: DEBUG :: SMODS.https(262) :: Using https module backend
INFO - [♥] Applied 1 patch to '=[SMODS _ "smods-https-thread.lua"]'
INFO - [G] 2025-04-13 22:59:21 :: DEBUG :: SMODS.https(263) :: Using https module backend
INFO - [♥] Applied 1 patch to '=[SMODS _ "smods-https-thread.lua"]'
INFO - [G] 2025-04-13 23:00:21 :: DEBUG :: SMODS.https(264) :: Using https module backend
INFO - [♥] Applied 1 patch to '=[SMODS _ "smods-https-thread.lua"]'
INFO - [G] 2025-04-13 23:01:21 :: DEBUG :: SMODS.https(265) :: Using https module backend
INFO - [♥] Applied 1 patch to '=[SMODS _ "smods-https-thread.lua"]'
INFO - [G] 2025-04-13 23:02:22 :: DEBUG :: SMODS.https(266) :: Using https module backend
INFO - [♥] Applied 1 patch to '=[SMODS _ "smods-https-thread.lua"]'
INFO - [G] 2025-04-13 23:03:22 :: DEBUG :: SMODS.https(267) :: Using https module backend
INFO - [♥] Applied 1 patch to '=[SMODS _ "smods-https-thread.lua"]'
INFO - [G] 2025-04-13 23:04:22 :: DEBUG :: SMODS.https(268) :: Using https module backend
INFO - [♥] Applied 1 patch to '=[SMODS _ "smods-https-thread.lua"]'
INFO - [G] 2025-04-13 23:05:22 :: DEBUG :: SMODS.https(269) :: Using https module backend
INFO - [♥] Applied 1 patch to '=[SMODS _ "smods-https-thread.lua"]'
INFO - [G] 2025-04-13 23:06:23 :: DEBUG :: SMODS.https(270) :: Using https module backend
INFO - [♥] Applied 1 patch to '=[SMODS _ "smods-https-thread.lua"]'
INFO - [G] 2025-04-13 23:07:23 :: DEBUG :: SMODS.https(271) :: Using https module backend
INFO - [♥] Applied 1 patch to '=[SMODS _ "smods-https-thread.lua"]'
INFO - [G] 2025-04-13 23:08:23 :: DEBUG :: SMODS.https(272) :: Using https module backend
INFO - [♥] Applied 1 patch to '=[SMODS _ "smods-https-thread.lua"]'
INFO - [G] 2025-04-13 23:09:23 :: DEBUG :: SMODS.https(273) :: Using https module backend
INFO - [♥] Applied 1 patch to '=[SMODS _ "smods-https-thread.lua"]'
INFO - [G] 2025-04-13 23:10:24 :: DEBUG :: SMODS.https(274) :: Using https module backend
INFO - [♥] Applied 1 patch to '=[SMODS _ "smods-https-thread.lua"]'
INFO - [G] 2025-04-13 23:11:24 :: DEBUG :: SMODS.https(275) :: Using https module backend
INFO - [♥] Applied 1 patch to '=[SMODS _ "smods-https-thread.lua"]'
INFO - [G] 2025-04-13 23:12:24 :: DEBUG :: SMODS.https(276) :: Using https module backend
INFO - [♥] Applied 1 patch to '=[SMODS _ "smods-https-thread.lua"]'
INFO - [G] 2025-04-13 23:13:25 :: DEBUG :: SMODS.https(277) :: Using https module backend
INFO - [♥] Applied 1 patch to '=[SMODS _ "smods-https-thread.lua"]'
INFO - [G] 2025-04-13 23:14:25 :: DEBUG :: SMODS.https(278) :: Using https module backend
INFO - [♥] Applied 1 patch to '=[SMODS _ "smods-https-thread.lua"]'
INFO - [G] 2025-04-13 23:15:25 :: DEBUG :: SMODS.https(279) :: Using https module backend
INFO - [♥] Applied 1 patch to '=[SMODS _ "smods-https-thread.lua"]'
INFO - [G] 2025-04-13 23:16:25 :: DEBUG :: SMODS.https(280) :: Using https module backend
INFO - [♥] Applied 1 patch to '=[SMODS _ "smods-https-thread.lua"]'
INFO - [G] 2025-04-13 23:17:26 :: DEBUG :: SMODS.https(281) :: Using https module backend
INFO - [♥] Applied 1 patch to '=[SMODS _ "smods-https-thread.lua"]'
INFO - [G] 2025-04-13 23:18:26 :: DEBUG :: SMODS.https(282) :: Using https module backend
INFO - [♥] Applied 1 patch to '=[SMODS _ "smods-https-thread.lua"]'
INFO - [G] 2025-04-13 23:19:26 :: DEBUG :: SMODS.https(283) :: Using https module backend
INFO - [♥] Applied 1 patch to '=[SMODS _ "smods-https-thread.lua"]'
INFO - [G] 2025-04-13 23:20:26 :: DEBUG :: SMODS.https(284) :: Using https module backend
INFO - [♥] Applied 1 patch to '=[SMODS _ "smods-https-thread.lua"]'
INFO - [G] 2025-04-13 23:21:27 :: DEBUG :: SMODS.https(285) :: Using https module backend
INFO - [♥] Applied 1 patch to '=[SMODS _ "smods-https-thread.lua"]'
INFO - [G] 2025-04-13 23:22:27 :: DEBUG :: SMODS.https(286) :: Using https module backend
INFO - [♥] Applied 1 patch to '=[SMODS _ "smods-https-thread.lua"]'
INFO - [G] 2025-04-13 23:23:27 :: DEBUG :: SMODS.https(287) :: Using https module backend
INFO - [♥] Applied 1 patch to '=[SMODS _ "smods-https-thread.lua"]'
INFO - [G] 2025-04-13 23:24:27 :: DEBUG :: SMODS.https(288) :: Using https module backend
INFO - [♥] Applied 1 patch to '=[SMODS _ "smods-https-thread.lua"]'
INFO - [G] 2025-04-13 23:25:28 :: DEBUG :: SMODS.https(289) :: Using https module backend
INFO - [♥] Applied 1 patch to '=[SMODS _ "smods-https-thread.lua"]'
INFO - [G] 2025-04-13 23:26:28 :: DEBUG :: SMODS.https(290) :: Using https module backend
INFO - [♥] Applied 1 patch to '=[SMODS _ "smods-https-thread.lua"]'
INFO - [G] 2025-04-13 23:27:28 :: DEBUG :: SMODS.https(291) :: Using https module backend
INFO - [♥] Applied 1 patch to '=[SMODS _ "smods-https-thread.lua"]'
INFO - [G] 2025-04-13 23:28:28 :: DEBUG :: SMODS.https(292) :: Using https module backend
INFO - [♥] Applied 1 patch to '=[SMODS _ "smods-https-thread.lua"]'
INFO - [G] 2025-04-13 23:29:29 :: DEBUG :: SMODS.https(293) :: Using https module backend
INFO - [♥] Applied 1 patch to '=[SMODS _ "smods-https-thread.lua"]'
INFO - [G] 2025-04-13 23:30:29 :: DEBUG :: SMODS.https(294) :: Using https module backend
INFO - [♥] Applied 1 patch to '=[SMODS _ "smods-https-thread.lua"]'
INFO - [G] 2025-04-13 23:31:29 :: DEBUG :: SMODS.https(295) :: Using https module backend
INFO - [♥] Applied 1 patch to '=[SMODS _ "smods-https-thread.lua"]'
INFO - [G] 2025-04-13 23:32:29 :: DEBUG :: SMODS.https(296) :: Using https module backend
INFO - [♥] Applied 1 patch to '=[SMODS _ "smods-https-thread.lua"]'
INFO - [G] 2025-04-13 23:33:30 :: DEBUG :: SMODS.https(297) :: Using https module backend
INFO - [♥] Applied 1 patch to '=[SMODS _ "smods-https-thread.lua"]'
INFO - [G] 2025-04-13 23:34:30 :: DEBUG :: SMODS.https(298) :: Using https module backend
INFO - [♥] Applied 1 patch to '=[SMODS _ "smods-https-thread.lua"]'
INFO - [G] 2025-04-13 23:35:30 :: DEBUG :: SMODS.https(299) :: Using https module backend
INFO - [♥] Applied 1 patch to '=[SMODS _ "smods-https-thread.lua"]'
INFO - [G] 2025-04-13 23:36:31 :: DEBUG :: SMODS.https(300) :: Using https module backend
INFO - [♥] Applied 1 patch to '=[SMODS _ "smods-https-thread.lua"]'
INFO - [G] 2025-04-13 23:37:31 :: DEBUG :: SMODS.https(301) :: Using https module backend
INFO - [♥] Applied 1 patch to '=[SMODS _ "smods-https-thread.lua"]'
INFO - [G] 2025-04-13 23:38:31 :: DEBUG :: SMODS.https(302) :: Using https module backend
INFO - [♥] Applied 1 patch to '=[SMODS _ "smods-https-thread.lua"]'
INFO - [G] 2025-04-13 23:39:31 :: DEBUG :: SMODS.https(303) :: Using https module backend
INFO - [♥] Applied 1 patch to '=[SMODS _ "smods-https-thread.lua"]'
INFO - [G] 2025-04-13 23:40:32 :: DEBUG :: SMODS.https(304) :: Using https module backend
INFO - [♥] Applied 1 patch to '=[SMODS _ "smods-https-thread.lua"]'
INFO - [G] 2025-04-13 23:41:32 :: DEBUG :: SMODS.https(305) :: Using https module backend
INFO - [♥] Applied 1 patch to '=[SMODS _ "smods-https-thread.lua"]'
INFO - [G] 2025-04-13 23:42:32 :: DEBUG :: SMODS.https(306) :: Using https module backend
INFO - [♥] Applied 1 patch to '=[SMODS _ "smods-https-thread.lua"]'
INFO - [G] 2025-04-13 23:43:32 :: DEBUG :: SMODS.https(307) :: Using https module backend
INFO - [♥] Applied 1 patch to '=[SMODS _ "smods-https-thread.lua"]'
INFO - [G] 2025-04-13 23:44:33 :: DEBUG :: SMODS.https(308) :: Using https module backend
INFO - [♥] Applied 1 patch to '=[SMODS _ "smods-https-thread.lua"]'
INFO - [G] 2025-04-13 23:45:33 :: DEBUG :: SMODS.https(309) :: Using https module backend
INFO - [♥] Applied 1 patch to '=[SMODS _ "smods-https-thread.lua"]'
INFO - [G] 2025-04-13 23:46:33 :: DEBUG :: SMODS.https(310) :: Using https module backend
INFO - [♥] Applied 1 patch to '=[SMODS _ "smods-https-thread.lua"]'
INFO - [G] 2025-04-13 23:47:33 :: DEBUG :: SMODS.https(311) :: Using https module backend
INFO - [♥] Applied 1 patch to '=[SMODS _ "smods-https-thread.lua"]'
INFO - [G] 2025-04-13 23:48:34 :: DEBUG :: SMODS.https(312) :: Using https module backend
INFO - [♥] Applied 1 patch to '=[SMODS _ "smods-https-thread.lua"]'
INFO - [G] 2025-04-13 23:49:34 :: DEBUG :: SMODS.https(313) :: Using https module backend
INFO - [♥] Applied 1 patch to '=[SMODS _ "smods-https-thread.lua"]'
INFO - [G] 2025-04-13 23:50:34 :: DEBUG :: SMODS.https(314) :: Using https module backend
INFO - [♥] Applied 1 patch to '=[SMODS _ "smods-https-thread.lua"]'
INFO - [G] 2025-04-13 23:51:34 :: DEBUG :: SMODS.https(315) :: Using https module backend
INFO - [♥] Applied 1 patch to '=[SMODS _ "smods-https-thread.lua"]'
INFO - [G] 2025-04-13 23:52:35 :: DEBUG :: SMODS.https(316) :: Using https module backend
INFO - [♥] Applied 1 patch to '=[SMODS _ "smods-https-thread.lua"]'
INFO - [G] 2025-04-13 23:53:35 :: DEBUG :: SMODS.https(317) :: Using https module backend
INFO - [♥] Applied 1 patch to '=[SMODS _ "smods-https-thread.lua"]'
INFO - [G] 2025-04-13 23:54:35 :: DEBUG :: SMODS.https(318) :: Using https module backend
INFO - [♥] Applied 1 patch to '=[SMODS _ "smods-https-thread.lua"]'
INFO - [G] 2025-04-13 23:55:35 :: DEBUG :: SMODS.https(319) :: Using https module backend
INFO - [♥] Applied 1 patch to '=[SMODS _ "smods-https-thread.lua"]'
INFO - [G] 2025-04-13 23:56:36 :: DEBUG :: SMODS.https(320) :: Using https module backend
INFO - [♥] Applied 1 patch to '=[SMODS _ "smods-https-thread.lua"]'
INFO - [G] 2025-04-13 23:57:36 :: DEBUG :: SMODS.https(321) :: Using https module backend
INFO - [♥] Applied 1 patch to '=[SMODS _ "smods-https-thread.lua"]'
INFO - [G] 2025-04-13 23:58:36 :: DEBUG :: SMODS.https(322) :: Using https module backend
INFO - [♥] Applied 1 patch to '=[SMODS _ "smods-https-thread.lua"]'
INFO - [G] 2025-04-13 23:59:37 :: DEBUG :: SMODS.https(323) :: Using https module backend
INFO - [♥] Applied 1 patch to '=[SMODS _ "smods-https-thread.lua"]'
INFO - [G] 2025-04-14 00:00:37 :: DEBUG :: SMODS.https(324) :: Using https module backend
INFO - [♥] Applied 1 patch to '=[SMODS _ "smods-https-thread.lua"]'
INFO - [G] 2025-04-14 00:01:37 :: DEBUG :: SMODS.https(325) :: Using https module backend
INFO - [♥] Applied 1 patch to '=[SMODS _ "smods-https-thread.lua"]'
INFO - [G] 2025-04-14 00:02:37 :: DEBUG :: SMODS.https(326) :: Using https module backend
INFO - [♥] Applied 1 patch to '=[SMODS _ "smods-https-thread.lua"]'
INFO - [G] 2025-04-14 00:03:38 :: DEBUG :: SMODS.https(327) :: Using https module backend
INFO - [♥] Applied 1 patch to '=[SMODS _ "smods-https-thread.lua"]'
INFO - [G] 2025-04-14 00:04:38 :: DEBUG :: SMODS.https(328) :: Using https module backend
INFO - [♥] Applied 1 patch to '=[SMODS _ "smods-https-thread.lua"]'
INFO - [G] 2025-04-14 00:05:38 :: DEBUG :: SMODS.https(329) :: Using https module backend
INFO - [♥] Applied 1 patch to '=[SMODS _ "smods-https-thread.lua"]'
INFO - [G] 2025-04-14 00:06:38 :: DEBUG :: SMODS.https(330) :: Using https module backend
INFO - [♥] Applied 1 patch to '=[SMODS _ "smods-https-thread.lua"]'
INFO - [G] 2025-04-14 00:07:39 :: DEBUG :: SMODS.https(331) :: Using https module backend
INFO - [♥] Applied 1 patch to '=[SMODS _ "smods-https-thread.lua"]'
INFO - [G] 2025-04-14 00:08:39 :: DEBUG :: SMODS.https(332) :: Using https module backend
INFO - [♥] Applied 1 patch to '=[SMODS _ "smods-https-thread.lua"]'
INFO - [G] 2025-04-14 00:09:39 :: DEBUG :: SMODS.https(333) :: Using https module backend
INFO - [♥] Applied 1 patch to '=[SMODS _ "smods-https-thread.lua"]'
INFO - [G] 2025-04-14 00:10:39 :: DEBUG :: SMODS.https(334) :: Using https module backend
INFO - [♥] Applied 1 patch to '=[SMODS _ "smods-https-thread.lua"]'
INFO - [G] 2025-04-14 00:11:40 :: DEBUG :: SMODS.https(335) :: Using https module backend
INFO - [♥] Applied 1 patch to '=[SMODS _ "smods-https-thread.lua"]'
INFO - [G] 2025-04-14 00:12:40 :: DEBUG :: SMODS.https(336) :: Using https module backend
INFO - [♥] Applied 1 patch to '=[SMODS _ "smods-https-thread.lua"]'
INFO - [G] 2025-04-14 00:13:40 :: DEBUG :: SMODS.https(337) :: Using https module backend
INFO - [♥] Applied 1 patch to '=[SMODS _ "smods-https-thread.lua"]'
INFO - [G] 2025-04-14 00:14:40 :: DEBUG :: SMODS.https(338) :: Using https module backend
INFO - [♥] Applied 1 patch to '=[SMODS _ "smods-https-thread.lua"]'
INFO - [G] 2025-04-14 00:15:41 :: DEBUG :: SMODS.https(339) :: Using https module backend
INFO - [♥] Applied 1 patch to '=[SMODS _ "smods-https-thread.lua"]'
INFO - [G] 2025-04-14 00:16:41 :: DEBUG :: SMODS.https(340) :: Using https module backend
INFO - [♥] Applied 1 patch to '=[SMODS _ "smods-https-thread.lua"]'
INFO - [G] 2025-04-14 00:17:41 :: DEBUG :: SMODS.https(341) :: Using https module backend
INFO - [♥] Applied 1 patch to '=[SMODS _ "smods-https-thread.lua"]'
INFO - [G] 2025-04-14 00:18:41 :: DEBUG :: SMODS.https(342) :: Using https module backend
INFO - [♥] Applied 1 patch to '=[SMODS _ "smods-https-thread.lua"]'
INFO - [G] 2025-04-14 00:19:42 :: DEBUG :: SMODS.https(343) :: Using https module backend
INFO - [♥] Applied 1 patch to '=[SMODS _ "smods-https-thread.lua"]'
INFO - [G] 2025-04-14 00:20:42 :: DEBUG :: SMODS.https(344) :: Using https module backend
INFO - [♥] Applied 1 patch to '=[SMODS _ "smods-https-thread.lua"]'
INFO - [G] 2025-04-14 00:21:42 :: DEBUG :: SMODS.https(345) :: Using https module backend
INFO - [♥] Applied 1 patch to '=[SMODS _ "smods-https-thread.lua"]'
INFO - [G] 2025-04-14 00:22:43 :: DEBUG :: SMODS.https(346) :: Using https module backend
INFO - [♥] Applied 1 patch to '=[SMODS _ "smods-https-thread.lua"]'
INFO - [G] 2025-04-14 00:23:43 :: DEBUG :: SMODS.https(347) :: Using https module backend
INFO - [♥] Applied 1 patch to '=[SMODS _ "smods-https-thread.lua"]'
INFO - [G] 2025-04-14 00:24:43 :: DEBUG :: SMODS.https(348) :: Using https module backend
INFO - [♥] Applied 1 patch to '=[SMODS _ "smods-https-thread.lua"]'
INFO - [G] 2025-04-14 00:25:43 :: DEBUG :: SMODS.https(349) :: Using https module backend
INFO - [♥] Applied 1 patch to '=[SMODS _ "smods-https-thread.lua"]'
INFO - [G] 2025-04-14 00:26:44 :: DEBUG :: SMODS.https(350) :: Using https module backend
INFO - [♥] Applied 1 patch to '=[SMODS _ "smods-https-thread.lua"]'
INFO - [G] 2025-04-14 00:27:44 :: DEBUG :: SMODS.https(351) :: Using https module backend
INFO - [♥] Applied 1 patch to '=[SMODS _ "smods-https-thread.lua"]'
INFO - [G] 2025-04-14 00:28:44 :: DEBUG :: SMODS.https(352) :: Using https module backend
INFO - [♥] Applied 1 patch to '=[SMODS _ "smods-https-thread.lua"]'
INFO - [G] 2025-04-14 00:29:44 :: DEBUG :: SMODS.https(353) :: Using https module backend
INFO - [♥] Applied 1 patch to '=[SMODS _ "smods-https-thread.lua"]'
INFO - [G] 2025-04-14 00:30:45 :: DEBUG :: SMODS.https(354) :: Using https module backend
INFO - [♥] Applied 1 patch to '=[SMODS _ "smods-https-thread.lua"]'
INFO - [G] 2025-04-14 00:31:45 :: DEBUG :: SMODS.https(355) :: Using https module backend
INFO - [♥] Applied 1 patch to '=[SMODS _ "smods-https-thread.lua"]'
INFO - [G] 2025-04-14 00:32:45 :: DEBUG :: SMODS.https(356) :: Using https module backend
INFO - [♥] Applied 1 patch to '=[SMODS _ "smods-https-thread.lua"]'
INFO - [G] 2025-04-14 00:33:45 :: DEBUG :: SMODS.https(357) :: Using https module backend
INFO - [♥] Applied 1 patch to '=[SMODS _ "smods-https-thread.lua"]'
INFO - [G] 2025-04-14 00:34:46 :: DEBUG :: SMODS.https(358) :: Using https module backend
INFO - [♥] Applied 1 patch to '=[SMODS _ "smods-https-thread.lua"]'
INFO - [G] 2025-04-14 00:35:46 :: DEBUG :: SMODS.https(359) :: Using https module backend
INFO - [♥] Applied 1 patch to '=[SMODS _ "smods-https-thread.lua"]'
INFO - [G] 2025-04-14 00:36:46 :: DEBUG :: SMODS.https(360) :: Using https module backend
INFO - [♥] Applied 1 patch to '=[SMODS _ "smods-https-thread.lua"]'
INFO - [G] 2025-04-14 00:37:46 :: DEBUG :: SMODS.https(361) :: Using https module backend
INFO - [♥] Applied 1 patch to '=[SMODS _ "smods-https-thread.lua"]'
INFO - [G] 2025-04-14 00:38:47 :: DEBUG :: SMODS.https(362) :: Using https module backend
INFO - [♥] Applied 1 patch to '=[SMODS _ "smods-https-thread.lua"]'
INFO - [G] 2025-04-14 00:39:47 :: DEBUG :: SMODS.https(363) :: Using https module backend
INFO - [♥] Applied 1 patch to '=[SMODS _ "smods-https-thread.lua"]'
INFO - [G] 2025-04-14 00:40:47 :: DEBUG :: SMODS.https(364) :: Using https module backend
INFO - [♥] Applied 1 patch to '=[SMODS _ "smods-https-thread.lua"]'
INFO - [G] 2025-04-14 00:41:47 :: DEBUG :: SMODS.https(365) :: Using https module backend
INFO - [♥] Applied 1 patch to '=[SMODS _ "smods-https-thread.lua"]'
INFO - [G] 2025-04-14 00:42:48 :: DEBUG :: SMODS.https(366) :: Using https module backend
INFO - [♥] Applied 1 patch to '=[SMODS _ "smods-https-thread.lua"]'
INFO - [G] 2025-04-14 00:43:48 :: DEBUG :: SMODS.https(367) :: Using https module backend
INFO - [♥] Applied 1 patch to '=[SMODS _ "smods-https-thread.lua"]'
INFO - [G] 2025-04-14 00:44:48 :: DEBUG :: SMODS.https(368) :: Using https module backend
INFO - [♥] Applied 1 patch to '=[SMODS _ "smods-https-thread.lua"]'
INFO - [G] 2025-04-14 00:45:49 :: DEBUG :: SMODS.https(369) :: Using https module backend
INFO - [♥] Applied 1 patch to '=[SMODS _ "smods-https-thread.lua"]'
INFO - [G] 2025-04-14 00:46:49 :: DEBUG :: SMODS.https(370) :: Using https module backend
