INFO - [♥] Lovely 0.7.1
INFO - [♥] Game directory is at "C:\\Program Files (x86)\\Steam\\steamapps\\common\\Balatro"
INFO - [♥] Writing logs to "C:\\Users\\colem\\AppData\\Roaming\\Balatro\\Mods\\lovely\\log"
INFO - [♥] Using mod directory at "C:\\Users\\colem\\AppData\\Roaming\\Balatro\\Mods"
WARN - [♥] Unknown key `patches.21.?.match_indent` found in patch file at "C:\\Users\\colem\\AppData\\Roaming\\Balatro\\Mods\\Cryptid\\lovely\\code.toml", ignoring it
WARN - [♥] Unknown key `patches.49.?.match_indent` found in patch file at "C:\\Users\\colem\\AppData\\Roaming\\Balatro\\Mods\\Talisman\\lovely.toml", ignoring it
WARN - [♥] Unknown key `patches.52.?.match_indent` found in patch file at "C:\\Users\\colem\\AppData\\Roaming\\Balatro\\Mods\\Talisman\\lovely.toml", ignoring it
INFO - [♥] Cleaning up dumps directory at "C:\\Users\\colem\\AppData\\Roaming\\Balatro\\Mods\\lovely\\dump"
INFO - [♥] Initialization complete in 34ms
WARN - [♥] Pattern 'G.ARGS.score_intensity.organ = G.video_organ or G.ARGS.score_intensity.required_score > 0 and math.max(math.min(0.4, 0.1*math.log(G.ARGS.score_intensity.earned_score/(G.ARGS.score_intensity.required_score+1), 5)),0.) or 0' on target 'main.lua' for pattern patch from Talisman\lovely.toml resulted in no matches
WARN - [♥] Pattern 'if type(G.GAME.current_round.current_hand.chips) ~= \'number\' or type(G.GAME.current_round.current_hand.mult) ~= \'number\' then' on target 'main.lua' for pattern patch from Talisman\lovely.toml resulted in no matches
INFO - [♥] Applied 17 patches to 'main.lua'
INFO - [♥] Applied 2 patches to 'engine/string_packer.lua'
INFO - [♥] Applied 7 patches to 'engine/controller.lua'
INFO - [♥] Applied 15 patches to 'back.lua'
INFO - [♥] Applied 18 patches to 'tag.lua'
INFO - [♥] Applied 1 patch to 'engine/node.lua'
INFO - [♥] Applied 3 patches to 'engine/moveable.lua'
INFO - [♥] Applied 3 patches to 'engine/sprite.lua'
INFO - [♥] Applied 2 patches to 'engine/animatedsprite.lua'
WARN - [♥] Pattern 'assembled_string = assembled_string..(type(subpart) == \'string\' and subpart or args.vars[tonumber(subpart[1])] or \'ERROR\')' on target 'functions/misc_functions.lua' for pattern patch from Talisman\lovely.toml resulted in no matches
INFO - [♥] Applied 58 patches to 'functions/misc_functions.lua'
WARN - [♥] Pattern 'for i = 1, 2 do' on target 'game.lua' for pattern patch from Cryptid\lovely\stake.toml resulted in no matches
WARN - [♥] Pattern 'create_shop_card_ui(card, \'Voucher\', G.shop_vouchers)' on target 'game.lua' for pattern patch from Cryptid\lovely\stake.toml resulted in no matches
WARN - [♥] Pattern 'self.GAME.current_round.voucher = G.SETTINGS.tutorial_progress and G.SETTINGS.tutorial_progress.forced_voucher or SMODS.get_next_vouchers()' on target 'game.lua' for pattern patch from Cryptid\lovely\very_fair.toml resulted in no matches
WARN - [♥] Pattern 'self.GAME.current_round.voucher = G.SETTINGS.tutorial_progress and G.SETTINGS.tutorial_progress.forced_voucher or get_next_voucher_key()' on target 'game.lua' for pattern patch from Cryptid\lovely\Voucher.toml resulted in no matches
WARN - [♥] Regex 'card\\:start_materialize\\(\\)\\n\\s+G\\.shop_vouchers\\:emplace\\(card\\)\\n\\s+end' on target 'game.lua' for regex patch from Cryptid\lovely\Voucher.toml resulted in no matches
INFO - [♥] Applied 85 patches to 'game.lua'
INFO - [♥] Applied 1 patch to 'globals.lua'
INFO - [♥] Applied 6 patches to 'engine/ui.lua'
WARN - [♥] Pattern 'G.GAME.shop.joker_max*1.02*G.CARD_W,' on target 'functions/UI_definitions.lua' for pattern patch from Cryptid\lovely\equilibrium.toml resulted in no matches
WARN - [♥] Pattern '{n=G.UIT.T, config={text = G.GAME.hands[handname].chips, scale = 0.45, colour = G.C.UI.TEXT_LIGHT}},' on target 'functions/UI_definitions.lua' for pattern patch from Talisman\lovely.toml resulted in no matches
WARN - [♥] Pattern '{n=G.UIT.T, config={text = G.GAME.hands[handname].mult, scale = 0.45, colour = G.C.UI.TEXT_LIGHT}}' on target 'functions/UI_definitions.lua' for pattern patch from Talisman\lovely.toml resulted in no matches
INFO - [♥] Applied 104 patches to 'functions/UI_definitions.lua'
WARN - [♥] Pattern 'ease_to = G.GAME.chips + math.floor(hand_chips * mult) * (e and e.antiscore and -1 or 1),' on target 'functions/state_events.lua' for pattern patch from Cryptid\lovely\blind.toml resulted in no matches
WARN - [♥] Pattern 'if reps[j] ~= 1 then' on target 'functions/state_events.lua' for pattern patch from Cryptid\lovely\misc.toml resulted in no matches
WARN - [♥] Pattern 'for i=1, #G.jokers.cards + #G.consumeables.cards do' on target 'functions/state_events.lua' for pattern patch from Cryptid\lovely\misc.toml resulted in no matches
WARN - [♥] Pattern 'local effects = {[1] = {playing_card = G.hand.cards[i]:get_end_of_round_effect()}}' on target 'functions/state_events.lua' for pattern patch from Cryptid\lovely\stake.toml resulted in no matches
WARN - [♥] Pattern 'G.GAME.current_round.voucher = get_next_voucher_key()' on target 'functions/state_events.lua' for pattern patch from Cryptid\lovely\sticker.toml resulted in no matches
WARN - [♥] Pattern 'G.GAME.current_round.voucher = get_next_voucher_key()' on target 'functions/state_events.lua' for pattern patch from Cryptid\lovely\Voucher.toml resulted in no matches
WARN - [♥] Pattern 'if effects[ii].card then' on target 'functions/state_events.lua' for pattern patch from Talisman\lovely.toml resulted in no matches
WARN - [♥] Pattern 'if effects.jokers.Xmult_mod then mult = mod_mult(mult*effects.jokers.Xmult_mod);extras.mult = true  end' on target 'functions/state_events.lua' for pattern patch from Talisman\lovely.toml resulted in no matches
WARN - [♥] Pattern 'if effect.Xmult_mod then mult = mod_mult(mult*effect.Xmult_mod);extras.mult = true  end' on target 'functions/state_events.lua' for pattern patch from Talisman\lovely.toml resulted in no matches
WARN - [♥] Pattern 'if effects[ii].message then' on target 'functions/state_events.lua' for pattern patch from Talisman\lovely.toml resulted in no matches
WARN - [♥] Pattern '--calculate the card edition effects' on target 'functions/state_events.lua' for pattern patch from Talisman\lovely.toml resulted in no matches
WARN - [♥] Pattern 'if effects[ii].edition.p_dollars_mod then' on target 'functions/state_events.lua' for pattern patch from Talisman\lovely.toml resulted in no matches
WARN - [♥] Pattern 'if edition_effects.jokers.x_mult_mod then' on target 'functions/state_events.lua' for pattern patch from Talisman\lovely.toml resulted in no matches
WARN - [♥] Pattern 'if SMODS.has_enhancement(scoring_hand[i], \'m_glass\') and not scoring_hand[i].debuff and pseudorandom(\'glass\') < G.GAME.probabilities.normal/(scoring_hand[i].ability.name == \'Glass Card\' and scoring_hand[i].ability.extra or G.P_CENTERS.m_glass.config.extra) then' on target 'functions/state_events.lua' for pattern patch from Cryptid\lovely\Probability.toml resulted in no matches
WARN - [♥] Regex '(?<indent>[\\t ]*)if destroyed then \\n' on target 'functions/state_events.lua' for regex patch from Cryptid\lovely\seal.toml resulted in no matches
INFO - [♥] Applied 82 patches to 'functions/state_events.lua'
WARN - [♥] Pattern '{n=G.UIT.T, config={text = localize(\'$\')..config.dollars, scale = 1.2*scale, colour = G.C.WHITE, shadow = true, juice = true}}' on target 'functions/common_events.lua' for pattern patch from Cryptid\lovely\code.toml resulted in no matches
WARN - [♥] Pattern 'G.shop_jokers.T.w = G.GAME.shop.joker_max*1.01*G.CARD_W' on target 'functions/common_events.lua' for pattern patch from Cryptid\lovely\equilibrium.toml resulted in no matches
WARN - [♥] Pattern 'function generate_card_ui(_c, full_UI_table, specific_vars, card_type, badges, hide_desc, main_start, main_end)' on target 'functions/common_events.lua' for pattern patch from Cryptid\lovely\lib_misc.toml resulted in no matches
WARN - [♥] Pattern 'elseif v.boss.showdown and (G.GAME.round_resets.ante)%G.GAME.win_ante == 0 and G.GAME.round_resets.ante >= 2 then' on target 'functions/common_events.lua' for pattern patch from Cryptid\lovely\stake.toml resulted in no matches
WARN - [♥] Pattern 'if num_dollars > 60 then' on target 'functions/common_events.lua' for pattern patch from Talisman\lovely.toml resulted in no matches
WARN - [♥] Pattern 'func = (function() if eval_func(card) then if not first or first then card:juice_up(0.1, 0.1) end;juice_card_until(card, eval_func, nil, 0.8) end return true end)' on target 'functions/common_events.lua' for pattern patch from Talisman\lovely.toml resulted in no matches
INFO - [♥] Applied 176 patches to 'functions/common_events.lua'
WARN - [♥] Pattern 'if ((G.GAME.dollars-G.GAME.bankrupt_at) - 10 >= 0) and' on target 'functions/button_callbacks.lua' for pattern patch from Talisman\lovely.toml resulted in no matches
INFO - [♥] Applied 72 patches to 'functions/button_callbacks.lua'
WARN - [♥] Pattern 'if G.GAME.blind and G.GAME.blind.in_blind then G.E_MANAGER:add_event(Event({ func = function() G.GAME.blind:set_blind(nil, true, nil); return true end })) end' on target 'card.lua' for pattern patch from Steamodded\lovely\calculate_card_added.toml resulted in no matches
WARN - [♥] Pattern 'if not initial then G.GAME.blind:debuff_card(self) end' on target 'card.lua' for pattern patch from Cryptid\lovely\lib_misc.toml resulted in no matches
WARN - [♥] Pattern 'if self.ability.name == \'Campfire\' and G.GAME.blind.boss and not (G.GAME.blind.config and G.GAME.blind.config.bonus) and self.ability.x_mult > 1 then' on target 'card.lua' for pattern patch from Cryptid\lovely\misc.toml resulted in no matches
WARN - [♥] Pattern 'if self.ability.name:find(\'Arcana\') then' on target 'card.lua' for pattern patch from Cryptid\lovely\misprint.toml resulted in no matches
WARN - [♥] Pattern 'if self.ability.name == \'The Hermit\' or self.ability.consumeable.hand_type or self.ability.name == \'Temperance\' or self.ability.name == \'Black Hole\' then' on target 'card.lua' for pattern patch from Cryptid\lovely\stake.toml resulted in no matches
WARN - [♥] Pattern 'if self.ability.queue_negative_removal then' on target 'card.lua' for pattern patch from Cryptid\lovely\sticker.toml resulted in no matches
WARN - [♥] Pattern 'G.GAME.current_round.voucher = nil' on target 'card.lua' for pattern patch from Cryptid\lovely\Voucher.toml resulted in no matches
WARN - [♥] Pattern 'if G.GAME.blind then G.E_MANAGER:add_event(Event({ func = function() G.GAME.blind:set_blind(nil, true, nil); return true end })) end' on target 'card.lua' for pattern patch from Talisman\lovely.toml resulted in no matches
WARN - [♥] Pattern 'x_mult = center.config.Xmult or 1,' on target 'card.lua' for pattern patch from Talisman\lovely.toml resulted in no matches
WARN - [♥] Pattern 'elseif self.ability.name == \'Business Card\' then loc_vars = {\'\'..(G.GAME and G.GAME.probabilities.normal or 1), self.ability.extra}' on target 'card.lua' for pattern patch from Cryptid\lovely\Probability.toml resulted in no matches
WARN - [♥] Pattern 'pseudorandom(\'business\') < G.GAME.probabilities.normal/self.ability.extra then' on target 'card.lua' for pattern patch from Cryptid\lovely\Probability.toml resulted in no matches
INFO - [♥] Applied 247 patches to 'card.lua'
INFO - [♥] Applied 19 patches to 'cardarea.lua'
INFO - [♥] Applied 40 patches to 'blind.lua'
INFO - [♥] Applied 2 patches to 'card_character.lua'
INFO - [♥] Applied 5 patches to 'engine/text.lua'
INFO - [♥] Applied 2 patches to '=[SMODS _ "src/utils.lua"]'
INFO - [♥] Applied 4 patches to '=[SMODS _ "src/overrides.lua"]'
INFO - [♥] Applied 1 patch to '=[SMODS _ "src/game_object.lua"]'
INFO - [G] Failed to connect to the debug server
INFO - [G] 2025-04-10 03:20:25 :: DEBUG :: DebugConsole :: Steamodded Debug Socket started !
INFO - [G] 2025-04-10 03:20:25 :: INFO  :: SMODS :: Steamodded v1.0.0~BETA-0406a
INFO - [♥] Applied 9 patches to 'engine/sound_manager.lua'
INFO - [♥] Applied 3 patches to 'engine/save_manager.lua'
INFO - [♥] Applied 2 patches to 'engine/string_packer.lua'
INFO - [♥] Applied 4 patches to '=[SMODS _ "src/card_draw.lua"]'
INFO - [G] 2025-04-10 03:20:26 :: INFO  :: Loader :: Valid JSON file found
INFO - [G] 2025-04-10 03:20:26 :: TRACE :: Loader :: Processing Mod file (Legacy header): steamodded_metadata.lua
INFO - [G] 2025-04-10 03:20:26 :: TRACE :: Loader :: Saving Mod Info: Talisman
INFO - [G] [CRYPTID] Loading library file ascended.lua
INFO - [G] [CRYPTID] Loading library file calculate.lua
INFO - [G] [CRYPTID] Loading library file content.lua
INFO - [G] [CRYPTID] Loading library file cross-mod.lua
INFO - [G] [CRYPTID] Loading library file d20.lua
INFO - [G] [CRYPTID] Loading library file event.lua
INFO - [G] [CRYPTID] Loading library file gameset.lua
INFO - [G] [CRYPTID] Loading library file https.lua
INFO - [G] 2025-04-10 03:20:26 :: DEBUG :: SMODS.https :: Using https module backend
INFO - [G] [CRYPTID] Loading library file misc.lua
INFO - [G] [CRYPTID] Loading library file misprintize.lua
INFO - [G] [CRYPTID] Loading library file modifiers.lua
INFO - [G] 2025-04-10 03:20:26 :: WARN  :: Sticker :: Detected duplicate register call on object perishable
INFO - [G] 2025-04-10 03:20:26 :: WARN  :: Sticker :: Detected duplicate register call on object pinned
INFO - [G] 2025-04-10 03:20:26 :: WARN  :: Sticker :: Detected duplicate register call on object eternal
INFO - [G] 2025-04-10 03:20:26 :: WARN  :: Sticker :: Detected duplicate register call on object rental
INFO - [G] [CRYPTID] Loading library file notifications.lua
INFO - [G] [CRYPTID] Loading library file overrides.lua
INFO - [G] [CRYPTID] Loading library file ui.lua
INFO - [G] [CRYPTID] Loading file achievement.lua
INFO - [G] [CRYPTID] Loading file blind.lua
INFO - [G] [CRYPTID] Loading file challenge.lua
INFO - [G] [CRYPTID] Loading file code.lua
INFO - [G] [CRYPTID] Loading file deck.lua
INFO - [G] [CRYPTID] Loading file enhanced.lua
INFO - [G] [CRYPTID] Loading file epic.lua
INFO - [G] [CRYPTID] Loading file exotic.lua
INFO - [G] [CRYPTID] Loading file joker_display.lua
INFO - [G] [CRYPTID] Loading file m.lua
INFO - [G] [CRYPTID] Loading file misc.lua
INFO - [G] [CRYPTID] Loading file misc_joker.lua
INFO - [G] [CRYPTID] Loading file planet.lua
INFO - [G] [CRYPTID] Loading file sleeve.lua
INFO - [G] [CRYPTID] Loading file spectral.lua
INFO - [G] [CRYPTID] Loading file spooky.lua
INFO - [G] [CRYPTID] Loading file stake.lua
INFO - [G] [CRYPTID] Loading file tag.lua
INFO - [G] [CRYPTID] Loading file test.lua
INFO - [G] [CRYPTID] Loading file voucher.lua
INFO - [G] 2025-04-10 03:20:26 :: WARN  :: Atlas :: Object cry_effarcire has the same key as an existing object, not registering.
INFO - [G] 2025-04-10 03:20:26 :: WARN  :: Atlas :: If you want to modify an existing object, use take_ownership()
INFO - [G] 2025-04-10 03:20:26 :: INFO  :: TIMER :: [0000] Injected Language in 0.001 ms
INFO - [G] 2025-04-10 03:20:26 :: INFO  :: TIMER :: [0000] Injected [INTERNAL] in 0.606 ms
INFO - [G] 2025-04-10 03:20:27 :: INFO  :: TIMER :: [0031] Injected Atlas in 703.529 ms
INFO - [G] 2025-04-10 03:20:27 :: INFO  :: TIMER :: [0030] Injected Sound in 15.233 ms
INFO - [G] 2025-04-10 03:20:27 :: INFO  :: TIMER :: [0032] Injected Stake in 0.479 ms
INFO - [G] 2025-04-10 03:20:27 :: INFO  :: TIMER :: [0008] Injected Rarity in 0.020 ms
INFO - [G] 2025-04-10 03:20:27 :: INFO  :: TIMER :: [0010] Injected ObjectType in 0.056 ms
INFO - [G] 2025-04-10 03:20:27 :: INFO  :: TIMER :: [0389] Injected Center in 1.813 ms
INFO - [G] 2025-04-10 03:20:27 :: INFO  :: TIMER :: [0009] Injected Undiscovered Sprite in 0.014 ms
INFO - [G] 2025-04-10 03:20:27 :: INFO  :: TIMER :: [0029] Injected Blind in 0.236 ms
INFO - [G] 2025-04-10 03:20:27 :: INFO  :: TIMER :: [0006] Injected Seal in 0.159 ms
INFO - [G] 2025-04-10 03:20:27 :: INFO  :: TIMER :: [0004] Injected Suit in 0.152 ms
INFO - [G] 2025-04-10 03:20:27 :: INFO  :: TIMER :: [0013] Injected Rank in 0.133 ms
INFO - [G] 2025-04-10 03:20:27 :: INFO  :: TIMER :: [0028] Injected DeckSkin in 0.178 ms
INFO - [G] 2025-04-10 03:20:27 :: INFO  :: TIMER :: [0016] Injected PokerHand in 0.132 ms
INFO - [G] 2025-04-10 03:20:27 :: INFO  :: TIMER :: [0031] Injected Challenge in 0.041 ms
INFO - [G] 2025-04-10 03:20:27 :: INFO  :: TIMER :: [0028] Injected Tag in 0.080 ms
INFO - [G] 2025-04-10 03:20:27 :: INFO  :: TIMER :: [0010] Injected Sticker in 0.135 ms
INFO - [G] 2025-04-10 03:20:27 :: INFO  :: TIMER :: [0009] Injected Shader in 53.789 ms
INFO - [G] 2025-04-10 03:20:27 :: INFO  :: TIMER :: [0002] Injected Keybind in 0.008 ms
INFO - [G] 2025-04-10 03:20:27 :: INFO  :: TIMER :: [0021] Injected Achievement in 0.030 ms
INFO - [G] 2025-04-10 03:20:27 :: INFO  :: TIMER :: [0002] Injected nil in 0.007 ms
INFO - [G] 2025-04-10 03:20:27 :: INFO  :: TIMER :: [0023] Injected Draw Step in 0.094 ms
INFO - [G] 2025-04-10 03:20:27 :: INFO  :: TIMER :: [0000] Injected [INTERNAL] in 3.705 ms
INFO - [G] 2025-04-10 03:20:27 :: INFO  :: TIMER :: [0010] Injected Other in 0.016 ms
INFO - [G] ERROR LOADING GAME: Card area 'shop_vouchers' not instantiated before load
INFO - [G] ERROR LOADING GAME: Card area 'shop_jokers' not instantiated before load
INFO - [G] ERROR LOADING GAME: Card area 'shop_booster' not instantiated before load
INFO - [♥] Applied 1 patch to '=[SMODS _ "smods-https-thread.lua"]'
INFO - [G] 2025-04-10 03:20:34 :: DEBUG :: SMODS.https(1) :: Using https module backend
INFO - [♥] Applied 1 patch to '=[SMODS _ "smods-https-thread.lua"]'
INFO - [G] 2025-04-10 03:21:35 :: DEBUG :: SMODS.https(2) :: Using https module backend
INFO - [♥] Applied 1 patch to '=[SMODS _ "smods-https-thread.lua"]'
INFO - [G] 2025-04-10 03:22:36 :: DEBUG :: SMODS.https(3) :: Using https module backend
INFO - [♥] Applied 1 patch to '=[SMODS _ "smods-https-thread.lua"]'
INFO - [G] 2025-04-10 03:23:37 :: DEBUG :: SMODS.https(4) :: Using https module backend
INFO - [G] line not found
INFO - [G] file not found: main.lua: No such file or directory
INFO - [G] file not found: main.lua: No such file or directory
INFO - [G] file not found: main.lua: No such file or directory
INFO - [G] file not found: main.lua: No such file or directory
INFO - [G] 2025-04-10 03:23:55 :: ERROR :: StackTrace :: Oops! The game crashed
[SMODS _ "src/overrides.lua"]:675: attempt to index a nil value
Stack Traceback
===============
(1) Lua local 'handler' at file 'main.lua:612'
	Local variables:
	 msg = string: "[SMODS _ \"src/overrides.lua\"]:675: attempt to index a nil value"
	 (*temporary) = Lua function '?' (defined at line 31 of chunk [SMODS _ "src/logging.lua"])
	 (*temporary) = string: "Oops! The game crashed\
"
(2) LÖVE metamethod at file 'boot.lua:352'
	Local variables:
	 errhand = Lua function '?' (defined at line 598 of chunk main.lua)
	 handler = Lua function '?' (defined at line 598 of chunk main.lua)
(3) Lua field 'deck_preview' at Steamodded file 'src/overrides.lua:675' 
	Local variables:
	 args = nil
	 _minh = number: 0.35
	 _minw = number: 0.5
	 suit_labels = table: 0x29e78f88  {}
	 suit_counts = table: 0x29e78fb0  {Clubs:0, Hearts:3, Diamonds:10, Spades:0}
	 mod_suit_counts = table: 0x29e78fd8  {Clubs:0, Hearts:3, Diamonds:10, Spades:0}
	 mod_suit_diff = boolean: false
	 wheel_flipped = number: 0
	 wheel_flipped_text = nil
	 flip_col = table: 0x28623998  {1:1, 2:1, 3:1, 4:1}
	 rank_counts = table: 0x29e79140  {Ace:1, King:12}
	 deck_tables = table: 0x29e79168  {}
	 SUITS = table: 0x29e79338  {Clubs:table: 0x2b88e878, Hearts:table: 0x2b88e698, Diamonds:table: 0x29e78c20, Spades:table: 0x2bf1d8a0}
	 stones = nil
	 suit_map = table: 0x2b7d4fa8  {1:Spades, 2:Hearts, 3:Clubs, 4:Diamonds}
	 rank_name_mapping = table: 0x2b7d4fd0  {1:Ace, 2:King, 3:Queen, 4:Jack, 5:10, 6:9, 7:8, 8:7, 9:6, 10:5, 11:4, 12:3, 13:2}
	 (for generator) = C function: builtin#6
	 (for state) = table: 0x2985e940  {1:table: 0x2888dc90, 2:table: 0x2940a200, 3:table: 0x2905dd38, 4:table: 0x293f7608, 5:table: 0x29be36f0, 6:table: 0x28e42418, 7:table: 0x2998cba8 (more...)}
	 (for control) = number: 41
	 k = number: 41
	 v = table: 0x29564a88  {click_offset:table: 0x29564e58, static_rotation:false, rank:12, parent:table: 0x28b70038, T:table: 0x29564ca0, last_aligned:-1, extra_cost:0 (more...)}
	 (*temporary) = nil
	 (*temporary) = nil
	 (*temporary) = number: nan
	 (*temporary) = string: "Spades"
	 (*temporary) = number: 0
	 (*temporary) = boolean: false
	 (*temporary) = table: 0x29564a88  {click_offset:table: 0x29564e58, static_rotation:false, rank:12, parent:table: 0x28b70038, T:table: 0x29564ca0, last_aligned:-1, extra_cost:0 (more...)}
	 (*temporary) = string: "Spades"
	 (*temporary) = nil
	 (*temporary) = nil
	 (*temporary) = boolean: false
	 (*temporary) = table: 0x2ceed3b0  {}
	 (*temporary) = nil
	 (*temporary) = nil
	 (*temporary) = table: 0x2ceed3b0  {}
	 (*temporary) = C function: next
	 (*temporary) = table: 0x297f2788  {1:table: 0x2aece440, 2:table: 0x2bdef038, 3:table: 0x29f4b060, 4:table: 0x2d958708, 5:table: 0x2c297578, 6:table: 0x2aa81788, 7:table: 0x2a11f750 (more...)}
	 (*temporary) = number: nan
	 (*temporary) = string: "attempt to index a nil value"
(4) Lua method 'update_selecting_hand' at file 'game.lua:3210'
	Local variables:
	 self = table: 0x2861e5e0  {F_GUIDE:false, F_CRASH_REPORTS:false, F_QUIT_BUTTON:true, HUD_tags:table: 0x29c08880, F_ENGLISH_ONLY:false, viewed_stake:1, HUD:table: 0x299a75a8 (more...)}
	 dt = number: 0.0179828
	 (*temporary) = table: 0x2869b7b8  {remove_group:function: 0x28684ac8, draw:function: 0x28684b48, print_topology:function: 0x2869b800, recalculate:function: 0x28684b68, init:function: 0x28682c88 (more...)}
	 (*temporary) = table: 0x29e78f28  {}
(5) Lua upvalue 'gameUpdateRef' at file 'game.lua:2724'
	Local variables:
	 self = table: 0x2861e5e0  {F_GUIDE:false, F_CRASH_REPORTS:false, F_QUIT_BUTTON:true, HUD_tags:table: 0x29c08880, F_ENGLISH_ONLY:false, viewed_stake:1, HUD:table: 0x299a75a8 (more...)}
	 dt = number: 0.0179828
	 http_resp = nil
(6) Lua upvalue 'upd' at Steamodded file 'src/ui.lua:84' 
	Local variables:
	 self = table: 0x2861e5e0  {F_GUIDE:false, F_CRASH_REPORTS:false, F_QUIT_BUTTON:true, HUD_tags:table: 0x29c08880, F_ENGLISH_ONLY:false, viewed_stake:1, HUD:table: 0x299a75a8 (more...)}
	 dt = number: 0.0179828
(7) Lua upvalue 'gu' at file 'main.lua:1865'
	Local variables:
	 self = table: 0x2861e5e0  {F_GUIDE:false, F_CRASH_REPORTS:false, F_QUIT_BUTTON:true, HUD_tags:table: 0x29c08880, F_ENGLISH_ONLY:false, viewed_stake:1, HUD:table: 0x299a75a8 (more...)}
	 dt = number: 0.0179828
(8) Lua upvalue 'upd' at file 'lib/gameset.lua:27' (from mod with id Cryptid)
	Local variables:
	 self = table: 0x2861e5e0  {F_GUIDE:false, F_CRASH_REPORTS:false, F_QUIT_BUTTON:true, HUD_tags:table: 0x29c08880, F_ENGLISH_ONLY:false, viewed_stake:1, HUD:table: 0x299a75a8 (more...)}
	 dt = number: 0.0179828
(9) Lua method 'update' at file 'lib/overrides.lua:259' (from mod with id Cryptid)
	Local variables:
	 self = table: 0x2861e5e0  {F_GUIDE:false, F_CRASH_REPORTS:false, F_QUIT_BUTTON:true, HUD_tags:table: 0x29c08880, F_ENGLISH_ONLY:false, viewed_stake:1, HUD:table: 0x299a75a8 (more...)}
	 dt = number: 0.0179828
(10) Lua upvalue 'oldupd' at file 'main.lua:1006'
	Local variables:
	 dt = number: 0.0179828
(11) Lua field 'update' at file 'main.lua:1898'
	Local variables:
	 dt = number: 0.0179828
(12) Lua function '?' at file 'main.lua:934' (best guess)
(13) global C function 'xpcall'
(14) LÖVE function at file 'boot.lua:377' (best guess)
	Local variables:
	 func = Lua function '?' (defined at line 905 of chunk main.lua)
	 inerror = boolean: true
	 deferErrhand = Lua function '(LÖVE Function)' (defined at line 348 of chunk [love "boot.lua"])
	 earlyinit = Lua function '(LÖVE Function)' (defined at line 355 of chunk [love "boot.lua"])

INFO - [G] file not found: main.lua: No such file or directory
INFO - [G] file not found: main.lua: No such file or directory
INFO - [G] 2025-04-10 03:23:55 :: INFO  :: StackTrace :: Additional Context:
Balatro Version: 1.0.1o-FULL
Modded Version: 1.0.0~BETA-0406a-STEAMODDED
LÖVE Version: 11.5.0
Lovely Version: 0.7.1
Platform: Windows
Steamodded Mods:
    1: Talisman by MathIsFun_, Mathguy24, jenwalter666, cg-223 [ID: Talisman, Version: 2.2.0~dev, Uses Lovely]
        Break Infinity: omeganum
    2: Cryptid by MathIsFun_, Cryptid and Balatro Discords [ID: Cryptid, Priority: 114, Version: 0.5.5b, Uses Lovely]
Lovely Mods:
