INFO - [♥] Lovely 0.8.0
INFO - [♥] Game directory is at "C:\\Program Files (x86)\\Steam\\steamapps\\common\\Balatro"
INFO - [♥] Writing logs to "C:\\Users\\colem\\AppData\\Roaming\\Balatro\\Mods\\lovely\\log"
INFO - [♥] Using mod directory at "C:\\Users\\colem\\AppData\\Roaming\\Balatro\\Mods"
INFO - [♥] Found .lovelyignore in 'Cryptid', skipping it.
INFO - [♥] Found .lovelyignore in 'Talisman', skipping it.
INFO - [♥] Cleaning up dumps directory at "C:\\Users\\colem\\AppData\\Roaming\\Balatro\\Mods\\lovely\\dump"
INFO - [♥] Initialization complete in 69ms
INFO - [♥] Applied 9 patches to 'main.lua'
INFO - [♥] Applied 5 patches to 'engine/controller.lua'
INFO - [♥] Applied 15 patches to 'back.lua'
INFO - [♥] Applied 7 patches to 'tag.lua'
INFO - [♥] Applied 2 patches to 'engine/moveable.lua'
INFO - [♥] Applied 2 patches to 'engine/sprite.lua'
INFO - [♥] Applied 2 patches to 'engine/animatedsprite.lua'
INFO - [♥] Applied 47 patches to 'functions/misc_functions.lua'
INFO - [♥] Applied 33 patches to 'game.lua'
INFO - [♥] Applied 1 patch to 'globals.lua'
INFO - [♥] Applied 3 patches to 'engine/ui.lua'
INFO - [♥] Applied 73 patches to 'functions/UI_definitions.lua'
INFO - [♥] Applied 44 patches to 'functions/state_events.lua'
INFO - [♥] Applied 104 patches to 'functions/common_events.lua'
INFO - [♥] Applied 46 patches to 'functions/button_callbacks.lua'
WARN - [♥] Pattern 'if G.GAME.blind and G.GAME.blind.in_blind then G.E_MANAGER:add_event(Event({ func = function() G.GAME.blind:set_blind(nil, true, nil); return true end })) end' on target 'card.lua' for pattern patch from Steamodded\lovely\calculate_card_added.toml resulted in no matches
INFO - [♥] Applied 152 patches to 'card.lua'
INFO - [♥] Applied 9 patches to 'cardarea.lua'
INFO - [♥] Applied 36 patches to 'blind.lua'
INFO - [♥] Applied 2 patches to 'engine/text.lua'
INFO - [G] Failed to connect to the debug server
INFO - [G] 2025-12-05 00:20:50 :: DEBUG :: DebugConsole :: Steamodded Debug Socket started !
INFO - [G] 2025-12-05 00:20:50 :: INFO  :: SMODS :: Steamodded v1.0.0~BETA-0406a
INFO - [♥] Applied 9 patches to 'engine/sound_manager.lua'
INFO - [♥] Applied 1 patch to 'engine/save_manager.lua'
INFO - [G] 2025-12-05 00:20:51 :: INFO  :: Loader :: Valid JSON file found
INFO - [G] 2025-12-05 00:20:51 :: INFO  :: Loader :: Valid JSON file found
INFO - [G] 2025-12-05 00:20:51 :: ERROR :: Loader :: Found invalid metadata JSON file at C:\Users\colem\AppData\Roaming\Balatro\Mods/Multiplayer/smods-1.0.0-beta-1016c/manifest.json, ignoring: [SMODS _ "src/loader.lua"]:226: id
INFO - [G] 2025-12-05 00:20:51 :: TRACE :: Loader :: Processing Mod file (Legacy header): steamodded_metadata.lua
INFO - [G] 2025-12-05 00:20:51 :: TRACE :: Loader :: Saving Mod Info: Talisman
INFO - [G] 2025-12-05 00:20:51 :: TRACE :: Loader :: Mod Talisman was unable to load: 
INFO - [G] 2025-12-05 00:20:51 :: TRACE :: Loader :: Mod Cryptid was unable to load: Missing Dependencies: 1: Talisman (>=2.0.9)


INFO - [G] 2025-12-05 00:20:51 :: TRACE :: Loader :: Mod Multiplayer was unable to load: Missing Dependencies: 1: Steamodded (>=1.0.0~BETA-1016c)


INFO - [G] 2025-12-05 00:20:51 :: INFO  :: TIMER :: [0000] Injected Language in 0.001 ms
INFO - [G] 2025-12-05 00:20:51 :: INFO  :: TIMER :: [0000] Injected [INTERNAL] in 0.832 ms
INFO - [G] 2025-12-05 00:20:51 :: INFO  :: TIMER :: [0002] Injected Atlas in 374.801 ms
INFO - [G] 2025-12-05 00:20:51 :: INFO  :: TIMER :: [0001] Injected Sound in 0.260 ms
INFO - [G] 2025-12-05 00:20:51 :: INFO  :: TIMER :: [0008] Injected Stake in 0.156 ms
INFO - [G] 2025-12-05 00:20:51 :: INFO  :: TIMER :: [0004] Injected Rarity in 0.012 ms
INFO - [G] 2025-12-05 00:20:51 :: INFO  :: TIMER :: [0004] Injected ObjectType in 0.058 ms
INFO - [G] 2025-12-05 00:20:51 :: INFO  :: TIMER :: [0049] Injected Center in 0.361 ms
INFO - [G] 2025-12-05 00:20:51 :: INFO  :: TIMER :: [0007] Injected Undiscovered Sprite in 0.032 ms
INFO - [G] 2025-12-05 00:20:52 :: INFO  :: TIMER :: [0002] Injected Blind in 0.014 ms
INFO - [G] 2025-12-05 00:20:52 :: INFO  :: TIMER :: [0004] Injected Seal in 0.226 ms
INFO - [G] 2025-12-05 00:20:52 :: INFO  :: TIMER :: [0004] Injected Suit in 0.069 ms
INFO - [G] 2025-12-05 00:20:52 :: INFO  :: TIMER :: [0013] Injected Rank in 0.118 ms
INFO - [G] 2025-12-05 00:20:52 :: INFO  :: TIMER :: [0028] Injected DeckSkin in 0.331 ms
INFO - [G] 2025-12-05 00:20:52 :: INFO  :: TIMER :: [0012] Injected PokerHand in 0.091 ms
INFO - [G] 2025-12-05 00:20:52 :: INFO  :: TIMER :: [0020] Injected Challenge in 0.032 ms
INFO - [G] 2025-12-05 00:20:52 :: INFO  :: TIMER :: [0000] Injected Tag in 0.002 ms
INFO - [G] 2025-12-05 00:20:52 :: INFO  :: TIMER :: [0004] Injected Sticker in 0.264 ms
INFO - [G] 2025-12-05 00:20:52 :: INFO  :: TIMER :: [0000] Injected Shader in 0.002 ms
INFO - [G] 2025-12-05 00:20:52 :: INFO  :: TIMER :: [0002] Injected Keybind in 0.016 ms
INFO - [G] 2025-12-05 00:20:52 :: INFO  :: TIMER :: [0000] Injected Achievement in 0.053 ms
INFO - [G] 2025-12-05 00:20:52 :: INFO  :: TIMER :: [0002] Injected nil in 0.015 ms
INFO - [G] 2025-12-05 00:20:52 :: INFO  :: TIMER :: [0021] Injected Draw Step in 0.153 ms
INFO - [G] 2025-12-05 00:20:52 :: INFO  :: TIMER :: [0000] Injected [INTERNAL] in 0.004 ms
